---------------------------------------------------------------
[ 2019-09-04T15:33:29+08:00 ] 192.168.1.155 GET /fastadmin_revision1/public/
[ info ] 192.168.1.35/fastadmin_revision1/public/ [运行时间：0.864049s][吞吐率：1.16req/s] [内存消耗：2,190.91kb] [文件加载：66]
[ info ] [ BEHAVIOR ] Run Closure @app_init [ RunTime:0.000000s ]
[ info ] [ CACHE ] INIT File
[ info ] [ BEHAVIOR ] Run Closure @app_init [ RunTime:0.039002s ]
[ info ] [ LANG ] E:\PHPTutorial\WWW\fastadmin_revision1\thinkphp\lang\zh-cn.php
[ info ] [ ROUTE ] array (
  'type' => 'module',
  'module' => 
  array (
    0 => '',
    1 => NULL,
    2 => NULL,
  ),
)
[ info ] [ HEADER ] array (
  'cookie' => 'Hm_lvt_f8d0a8c400404989e195270b0bbf060a=1566547972,1567047798,1567156110,1567406100',
  'accept-language' => 'zh-CN,zh;q=0.9',
  'accept-encoding' => 'gzip, deflate',
  'accept' => 'text/html,application/xhtml+xml,application/xml;q=0.9,image/webp,image/apng,*/*;q=0.8',
  'user-agent' => 'Mozilla/5.0 (Windows NT 6.1; WOW64) AppleWebKit/537.36 (KHTML, like Gecko) Chrome/70.0.3538.110 Safari/537.36',
  'upgrade-insecure-requests' => '1',
  'purpose' => 'prefetch',
  'connection' => 'close',
  'host' => '192.168.1.35',
)
[ info ] [ PARAM ] array (
)
[ info ] [ LANG ] E:\PHPTutorial\WWW\fastadmin_revision1\public/../application/index\lang\zh-cn.php
[ info ] [ BEHAVIOR ] Run app\common\behavior\Common @module_init [ RunTime:0.029002s ]
[ info ] [ LANG ] E:\PHPTutorial\WWW\fastadmin_revision1\public/../application/index/lang/zh-cn/index.php
[ info ] [ RUN ] app\index\controller\Index->index[ E:\PHPTutorial\WWW\fastadmin_revision1\application\index\controller\Index.php ]
[ info ] [ VIEW ] E:\PHPTutorial\WWW\fastadmin_revision1\public/../application/index\view\index\index.html [ array (
  0 => 'user',
  1 => 'site',
  2 => 'config',
) ]
[ info ] [ LOG ] INIT File
---------------------------------------------------------------
[ 2019-09-04T15:33:31+08:00 ] 192.168.1.155 GET /fastadmin_revision1/public/admin/index/login.html
[ info ] 192.168.1.35/fastadmin_revision1/public/admin/index/login.html [运行时间：0.263015s][吞吐率：3.80req/s] [内存消耗：2,388.43kb] [文件加载：72]
[ info ] [ BEHAVIOR ] Run Closure @app_init [ RunTime:0.000000s ]
[ info ] [ CACHE ] INIT File
[ info ] [ BEHAVIOR ] Run Closure @app_init [ RunTime:0.003000s ]
[ info ] [ LANG ] E:\PHPTutorial\WWW\fastadmin_revision1\thinkphp\lang\zh-cn.php
[ info ] [ ROUTE ] array (
  'type' => 'module',
  'module' => 
  array (
    0 => 'admin',
    1 => 'index',
    2 => 'login',
  ),
)
[ info ] [ HEADER ] array (
  'cookie' => 'thinkphp_show_page_trace=0|0; Hm_lvt_f8d0a8c400404989e195270b0bbf060a=1567047798,1567156110,1567406100,1567582493; Hm_lpvt_f8d0a8c400404989e195270b0bbf060a=1567582493',
  'accept-language' => 'zh-CN,zh;q=0.9',
  'accept-encoding' => 'gzip, deflate',
  'referer' => 'http://192.168.1.35/fastadmin_revision1/public/',
  'accept' => 'text/html,application/xhtml+xml,application/xml;q=0.9,image/webp,image/apng,*/*;q=0.8',
  'user-agent' => 'Mozilla/5.0 (Windows NT 6.1; WOW64) AppleWebKit/537.36 (KHTML, like Gecko) Chrome/70.0.3538.110 Safari/537.36',
  'upgrade-insecure-requests' => '1',
  'connection' => 'close',
  'host' => '192.168.1.35',
)
[ info ] [ PARAM ] array (
)
[ info ] [ LANG ] E:\PHPTutorial\WWW\fastadmin_revision1\public/../application/admin\lang\zh-cn.php
[ info ] [ BEHAVIOR ] Run app\common\behavior\Common @module_init [ RunTime:0.004001s ]
[ info ] [ SESSION ] INIT array (
  'id' => '',
  'var_session_id' => '',
  'prefix' => 'think',
  'type' => '',
  'auto_start' => true,
)
[ info ] [ LANG ] E:\PHPTutorial\WWW\fastadmin_revision1\public/../application/admin/lang/zh-cn/index.php
[ info ] [ RUN ] app\admin\controller\Index->login[ E:\PHPTutorial\WWW\fastadmin_revision1\application\admin\controller\Index.php ]
[ info ] [ VIEW ] E:\PHPTutorial\WWW\fastadmin_revision1\public/../application/admin\view\index\login.html [ array (
  0 => 'breadcrumb',
  1 => 'site',
  2 => 'config',
  3 => 'auth',
  4 => 'admin',
  5 => 'background',
  6 => 'title',
) ]
[ info ] [ BEHAVIOR ] Run app\admin\behavior\AdminLog @app_end [ RunTime:0.002000s ]
[ info ] [ LOG ] INIT File
---------------------------------------------------------------
[ 2019-09-04T15:33:33+08:00 ] 192.168.1.155 POST /fastadmin_revision1/public/admin/index/login.html
[ info ] 192.168.1.35/fastadmin_revision1/public/admin/index/login.html [运行时间：0.458026s][吞吐率：2.18req/s] [内存消耗：3,020.52kb] [文件加载：80]
[ info ] [ BEHAVIOR ] Run Closure @app_init [ RunTime:0.000000s ]
[ info ] [ CACHE ] INIT File
[ info ] [ BEHAVIOR ] Run Closure @app_init [ RunTime:0.004001s ]
[ info ] [ LANG ] E:\PHPTutorial\WWW\fastadmin_revision1\thinkphp\lang\zh-cn.php
[ info ] [ ROUTE ] array (
  'type' => 'module',
  'module' => 
  array (
    0 => 'admin',
    1 => 'index',
    2 => 'login',
  ),
)
[ info ] [ HEADER ] array (
  'cookie' => 'thinkphp_show_page_trace=0|0; thinkphp_show_page_trace=0|0; Hm_lvt_f8d0a8c400404989e195270b0bbf060a=1567047798,1567156110,1567406100,1567582493; Hm_lpvt_f8d0a8c400404989e195270b0bbf060a=1567582493; PHPSESSID=7vmt7plu80rqoasdtprif3c0lr',
  'accept-language' => 'zh-CN,zh;q=0.9',
  'accept-encoding' => 'gzip, deflate',
  'referer' => 'http://192.168.1.35/fastadmin_revision1/public/admin/index/login.html',
  'accept' => 'text/html,application/xhtml+xml,application/xml;q=0.9,image/webp,image/apng,*/*;q=0.8',
  'user-agent' => 'Mozilla/5.0 (Windows NT 6.1; WOW64) AppleWebKit/537.36 (KHTML, like Gecko) Chrome/70.0.3538.110 Safari/537.36',
  'content-type' => 'application/x-www-form-urlencoded',
  'upgrade-insecure-requests' => '1',
  'origin' => 'http://192.168.1.35',
  'cache-control' => 'max-age=0',
  'content-length' => '78',
  'connection' => 'close',
  'host' => '192.168.1.35',
)
[ info ] [ PARAM ] array (
  '__token__' => '0736829031874136e6b5c4b7d4881264',
  'username' => 'lishilin',
  'password' => 'lishilin',
)
[ info ] [ LANG ] E:\PHPTutorial\WWW\fastadmin_revision1\public/../application/admin\lang\zh-cn.php
[ info ] [ BEHAVIOR ] Run app\common\behavior\Common @module_init [ RunTime:0.003000s ]
[ info ] [ SESSION ] INIT array (
  'id' => '',
  'var_session_id' => '',
  'prefix' => 'think',
  'type' => '',
  'auto_start' => true,
)
[ info ] [ LANG ] E:\PHPTutorial\WWW\fastadmin_revision1\public/../application/admin/lang/zh-cn/index.php
[ info ] [ RUN ] app\admin\controller\Index->login[ E:\PHPTutorial\WWW\fastadmin_revision1\application\admin\controller\Index.php ]
[ info ] [ DB ] INIT mysql
[ info ] [ VIEW ] E:\PHPTutorial\WWW\fastadmin_revision1\public/../application/common\view\tpl\dispatch_jump.tpl [ array (
  0 => 'breadcrumb',
  1 => 'site',
  2 => 'config',
  3 => 'auth',
  4 => 'admin',
  5 => 'code',
  6 => 'msg',
  7 => 'data',
  8 => 'url',
  9 => 'wait',
) ]
[ info ] [ BEHAVIOR ] Run app\admin\behavior\AdminLog @app_end [ RunTime:0.101006s ]
[ info ] [ LOG ] INIT File
[ sql ] [ DB ] CONNECT:[ UseTime:0.013001s ] mysql:host=127.0.0.1;dbname=nyqp_gm;charset=utf8
[ sql ] [ SQL ] SHOW COLUMNS FROM `fa_admin` [ RunTime:0.058003s ]
[ sql ] [ SQL ] SELECT * FROM `fa_admin` WHERE  `username` = 'lishilin' LIMIT 1 [ RunTime:0.004000s ]
[ sql ] [ SQL ] UPDATE `fa_admin`  SET `logintime`=1567582413,`token`='7773e212-7db6-4380-a3af-76a06576cf57',`updatetime`=1567582413  WHERE  `id` = 9 [ RunTime:0.034002s ]
[ sql ] [ SQL ] SHOW COLUMNS FROM `fa_admin_log` [ RunTime:0.066004s ]
[ sql ] [ SQL ] INSERT INTO `fa_admin_log` (`title` , `content` , `url` , `admin_id` , `username` , `useragent` , `ip` , `createtime`) VALUES ('登录' , '{\"__token__\":\"0736829031874136e6b5c4b7d4881264\",\"username\":\"lishilin\"}' , '/fastadmin_revision1/public/admin/index/login.html' , 9 , 'lishilin' , 'Mozilla/5.0 (Windows NT 6.1; WOW64) AppleWebKit/537.36 (KHTML, like Gecko) Chrome/70.0.3538.110 Safari/537.36' , '192.168.1.155' , 1567582413) [ RunTime:0.034002s ]
---------------------------------------------------------------
[ 2019-09-04T15:33:37+08:00 ] 192.168.1.155 GET /fastadmin_revision1/public/admin/index/index
[ info ] 192.168.1.35/fastadmin_revision1/public/admin/index/index [运行时间：0.704040s][吞吐率：1.42req/s] [内存消耗：3,414.04kb] [文件加载：90]
[ info ] [ BEHAVIOR ] Run Closure @app_init [ RunTime:0.000000s ]
[ info ] [ CACHE ] INIT File
[ info ] [ BEHAVIOR ] Run Closure @app_init [ RunTime:0.004000s ]
[ info ] [ LANG ] E:\PHPTutorial\WWW\fastadmin_revision1\thinkphp\lang\zh-cn.php
[ info ] [ ROUTE ] array (
  'type' => 'module',
  'module' => 
  array (
    0 => 'admin',
    1 => 'index',
    2 => 'index',
  ),
)
[ info ] [ HEADER ] array (
  'cookie' => 'thinkphp_show_page_trace=0|0; thinkphp_show_page_trace=0|0; Hm_lvt_f8d0a8c400404989e195270b0bbf060a=1567047798,1567156110,1567406100,1567582493; Hm_lpvt_f8d0a8c400404989e195270b0bbf060a=1567582493; PHPSESSID=7vmt7plu80rqoasdtprif3c0lr',
  'accept-language' => 'zh-CN,zh;q=0.9',
  'accept-encoding' => 'gzip, deflate',
  'referer' => 'http://192.168.1.35/fastadmin_revision1/public/admin/index/login.html',
  'accept' => 'text/html,application/xhtml+xml,application/xml;q=0.9,image/webp,image/apng,*/*;q=0.8',
  'user-agent' => 'Mozilla/5.0 (Windows NT 6.1; WOW64) AppleWebKit/537.36 (KHTML, like Gecko) Chrome/70.0.3538.110 Safari/537.36',
  'upgrade-insecure-requests' => '1',
  'connection' => 'close',
  'host' => '192.168.1.35',
)
[ info ] [ PARAM ] array (
)
[ info ] [ LANG ] E:\PHPTutorial\WWW\fastadmin_revision1\public/../application/admin\lang\zh-cn.php
[ info ] [ BEHAVIOR ] Run app\common\behavior\Common @module_init [ RunTime:0.003000s ]
[ info ] [ SESSION ] INIT array (
  'id' => '',
  'var_session_id' => '',
  'prefix' => 'think',
  'type' => '',
  'auto_start' => true,
)
[ info ] [ LANG ] E:\PHPTutorial\WWW\fastadmin_revision1\public/../application/admin/lang/zh-cn/index.php
[ info ] [ RUN ] app\admin\controller\Index->index[ E:\PHPTutorial\WWW\fastadmin_revision1\application\admin\controller\Index.php ]
[ info ] [ DB ] INIT mysql
[ info ] [ VIEW ] E:\PHPTutorial\WWW\fastadmin_revision1\public/../application/admin\view\index\index.html [ array (
  0 => 'breadcrumb',
  1 => 'site',
  2 => 'config',
  3 => 'auth',
  4 => 'admin',
  5 => 'menulist',
  6 => 'navlist',
  7 => 'fixedmenu',
  8 => 'referermenu',
  9 => 'title',
) ]
[ info ] [ BEHAVIOR ] Run app\admin\behavior\AdminLog @app_end [ RunTime:0.001000s ]
[ info ] [ LOG ] INIT File
[ sql ] [ DB ] CONNECT:[ UseTime:0.006000s ] mysql:host=127.0.0.1;dbname=nyqp_gm;charset=utf8
[ sql ] [ SQL ] SHOW COLUMNS FROM `fa_auth_group_access` [ RunTime:0.026002s ]
[ sql ] [ SQL ] SELECT `aga`.`uid`,`aga`.`group_id`,`ag`.`id`,`ag`.`pid`,`ag`.`name`,`ag`.`rules` FROM `fa_auth_group_access` `aga` LEFT JOIN `fa_auth_group` `ag` ON `aga`.`group_id`=`ag`.`id` WHERE  (  aga.uid='9' and ag.status='normal' ) [ RunTime:0.005000s ]
[ sql ] [ SQL ] SHOW COLUMNS FROM `fa_auth_rule` [ RunTime:0.025002s ]
[ sql ] [ SQL ] SELECT `id`,`pid`,`condition`,`icon`,`name`,`title`,`ismenu` FROM `fa_auth_rule` WHERE  `status` = 'normal'  AND `id` IN (1,8,9,10,11,13,14,15,16,17,29,30,31,32,33,34,40,41,42,43,44,45,46,47,48,49,50,86,87,89,90,91,92,93,94,95,98,99,101,103,104,105,121,122,124,129,130,131,132,133,134,135,150,151,152,153,154,155,160,163,164,165,166,167,168,169,170,171,172,173,174,175,176,177,178,179,180,181,182,183,184,185,186,187,188,189,190,191,192,213,214,215,216,217,218,219,220,221,222,2,5,85,88,100,102,120,123,128,159) [ RunTime:0.013000s ]
---------------------------------------------------------------
[ 2019-09-04T15:33:37+08:00 ] 192.168.1.155 GET /fastadmin_revision1/public/admin/dashboard?addtabs=1
[ info ] 192.168.1.35/fastadmin_revision1/public/admin/dashboard?addtabs=1 [运行时间：0.264015s][吞吐率：3.79req/s] [内存消耗：3,176.47kb] [文件加载：80]
[ info ] [ BEHAVIOR ] Run Closure @app_init [ RunTime:0.000000s ]
[ info ] [ CACHE ] INIT File
[ info ] [ BEHAVIOR ] Run Closure @app_init [ RunTime:0.004001s ]
[ info ] [ LANG ] E:\PHPTutorial\WWW\fastadmin_revision1\thinkphp\lang\zh-cn.php
[ info ] [ ROUTE ] array (
  'type' => 'module',
  'module' => 
  array (
    0 => 'admin',
    1 => 'dashboard',
    2 => NULL,
  ),
)
[ info ] [ HEADER ] array (
  'cookie' => 'thinkphp_show_page_trace=0|0; Hm_lvt_f8d0a8c400404989e195270b0bbf060a=1567047798,1567156110,1567406100,1567582493; Hm_lpvt_f8d0a8c400404989e195270b0bbf060a=1567582493; PHPSESSID=7vmt7plu80rqoasdtprif3c0lr',
  'accept-language' => 'zh-CN,zh;q=0.9',
  'accept-encoding' => 'gzip, deflate',
  'referer' => 'http://192.168.1.35/fastadmin_revision1/public/admin/index/index',
  'accept' => 'text/html,application/xhtml+xml,application/xml;q=0.9,image/webp,image/apng,*/*;q=0.8',
  'user-agent' => 'Mozilla/5.0 (Windows NT 6.1; WOW64) AppleWebKit/537.36 (KHTML, like Gecko) Chrome/70.0.3538.110 Safari/537.36',
  'upgrade-insecure-requests' => '1',
  'connection' => 'close',
  'host' => '192.168.1.35',
)
[ info ] [ PARAM ] array (
  'addtabs' => '1',
)
[ info ] [ LANG ] E:\PHPTutorial\WWW\fastadmin_revision1\public/../application/admin\lang\zh-cn.php
[ info ] [ BEHAVIOR ] Run app\common\behavior\Common @module_init [ RunTime:0.003001s ]
[ info ] [ SESSION ] INIT array (
  'id' => '',
  'var_session_id' => '',
  'prefix' => 'think',
  'type' => '',
  'auto_start' => true,
)
[ info ] [ DB ] INIT mysql
[ info ] [ LANG ] E:\PHPTutorial\WWW\fastadmin_revision1\public/../application/admin/lang/zh-cn/dashboard.php
[ info ] [ RUN ] app\admin\controller\Dashboard->index[ E:\PHPTutorial\WWW\fastadmin_revision1\application\admin\controller\Dashboard.php ]
[ info ] [ VIEW ] E:\PHPTutorial\WWW\fastadmin_revision1\public/../application/admin\view\dashboard\index.html [ array (
  0 => 'breadcrumb',
  1 => 'site',
  2 => 'config',
  3 => 'auth',
  4 => 'admin',
  5 => 'totaluser',
  6 => 'totalviews',
  7 => 'totalorder',
  8 => 'totalorderamount',
  9 => 'todayuserlogin',
  10 => 'todayusersignup',
  11 => 'todayorder',
  12 => 'unsettleorder',
  13 => 'sevendnu',
  14 => 'sevendau',
  15 => 'paylist',
  16 => 'createlist',
  17 => 'addonversion',
  18 => 'uploadmode',
) ]
[ info ] [ BEHAVIOR ] Run app\admin\behavior\AdminLog @app_end [ RunTime:0.001000s ]
[ info ] [ LOG ] INIT File
[ sql ] [ DB ] CONNECT:[ UseTime:0.007000s ] mysql:host=127.0.0.1;dbname=nyqp_gm;charset=utf8
[ sql ] [ SQL ] SHOW COLUMNS FROM `fa_auth_group_access` [ RunTime:0.020001s ]
[ sql ] [ SQL ] SELECT `aga`.`uid`,`aga`.`group_id`,`ag`.`id`,`ag`.`pid`,`ag`.`name`,`ag`.`rules` FROM `fa_auth_group_access` `aga` LEFT JOIN `fa_auth_group` `ag` ON `aga`.`group_id`=`ag`.`id` WHERE  (  aga.uid='9' and ag.status='normal' ) [ RunTime:0.002001s ]
[ sql ] [ SQL ] SHOW COLUMNS FROM `fa_auth_rule` [ RunTime:0.019001s ]
[ sql ] [ SQL ] SELECT `id`,`pid`,`condition`,`icon`,`name`,`title`,`ismenu` FROM `fa_auth_rule` WHERE  `status` = 'normal'  AND `id` IN (1,8,9,10,11,13,14,15,16,17,29,30,31,32,33,34,40,41,42,43,44,45,46,47,48,49,50,86,87,89,90,91,92,93,94,95,98,99,101,103,104,105,121,122,124,129,130,131,132,133,134,135,150,151,152,153,154,155,160,163,164,165,166,167,168,169,170,171,172,173,174,175,176,177,178,179,180,181,182,183,184,185,186,187,188,189,190,191,192,213,214,215,216,217,218,219,220,221,222,2,5,85,88,100,102,120,123,128,159) [ RunTime:0.011000s ]
---------------------------------------------------------------
[ 2019-09-04T15:33:38+08:00 ] 192.168.1.155 GET /fastadmin_revision1/public/admin/ajax/lang?callback=define&controllername=index&v=1567582416
[ info ] 192.168.1.35/fastadmin_revision1/public/admin/ajax/lang?callback=define&controllername=index&v=1567582416 [运行时间：0.087005s][吞吐率：11.49req/s] [内存消耗：2,344.48kb] [文件加载：70]
[ info ] [ BEHAVIOR ] Run Closure @app_init [ RunTime:0.000000s ]
[ info ] [ CACHE ] INIT File
[ info ] [ BEHAVIOR ] Run Closure @app_init [ RunTime:0.003000s ]
[ info ] [ LANG ] E:\PHPTutorial\WWW\fastadmin_revision1\thinkphp\lang\zh-cn.php
[ info ] [ ROUTE ] array (
  'type' => 'module',
  'module' => 
  array (
    0 => 'admin',
    1 => 'ajax',
    2 => 'lang',
  ),
)
[ info ] [ HEADER ] array (
  'cookie' => 'thinkphp_show_page_trace=0|0; thinkphp_show_page_trace=0|0; Hm_lvt_f8d0a8c400404989e195270b0bbf060a=1567047798,1567156110,1567406100,1567582493; Hm_lpvt_f8d0a8c400404989e195270b0bbf060a=1567582493; PHPSESSID=7vmt7plu80rqoasdtprif3c0lr',
  'accept-language' => 'zh-CN,zh;q=0.9',
  'accept-encoding' => 'gzip, deflate',
  'referer' => 'http://192.168.1.35/fastadmin_revision1/public/admin/index/index',
  'accept' => '*/*',
  'user-agent' => 'Mozilla/5.0 (Windows NT 6.1; WOW64) AppleWebKit/537.36 (KHTML, like Gecko) Chrome/70.0.3538.110 Safari/537.36',
  'connection' => 'close',
  'host' => '192.168.1.35',
)
[ info ] [ PARAM ] array (
  'callback' => 'define',
  'controllername' => 'index',
  'v' => '1567582416',
)
[ info ] [ LANG ] E:\PHPTutorial\WWW\fastadmin_revision1\public/../application/admin\lang\zh-cn.php
[ info ] [ BEHAVIOR ] Run app\common\behavior\Common @module_init [ RunTime:0.002000s ]
[ info ] [ SESSION ] INIT array (
  'id' => '',
  'var_session_id' => '',
  'prefix' => 'think',
  'type' => '',
  'auto_start' => true,
)
[ info ] [ LANG ] E:\PHPTutorial\WWW\fastadmin_revision1\public/../application/admin/lang/zh-cn/ajax.php
[ info ] [ RUN ] app\admin\controller\Ajax->lang[ E:\PHPTutorial\WWW\fastadmin_revision1\application\admin\controller\Ajax.php ]
[ info ] [ LANG ] E:\PHPTutorial\WWW\fastadmin_revision1\public/../application/admin/lang/zh-cn/index.php
[ info ] [ BEHAVIOR ] Run app\admin\behavior\AdminLog @app_end [ RunTime:0.001000s ]
[ info ] [ LOG ] INIT File
---------------------------------------------------------------
[ 2019-09-04T15:33:38+08:00 ] 192.168.1.155 GET /fastadmin_revision1/public/admin/ajax/lang?callback=define&controllername=dashboard&v=1567582417
[ info ] 192.168.1.35/fastadmin_revision1/public/admin/ajax/lang?callback=define&controllername=dashboard&v=1567582417 [运行时间：0.073004s][吞吐率：13.70req/s] [内存消耗：2,342.94kb] [文件加载：70]
[ info ] [ BEHAVIOR ] Run Closure @app_init [ RunTime:0.000000s ]
[ info ] [ CACHE ] INIT File
[ info ] [ BEHAVIOR ] Run Closure @app_init [ RunTime:0.004000s ]
[ info ] [ LANG ] E:\PHPTutorial\WWW\fastadmin_revision1\thinkphp\lang\zh-cn.php
[ info ] [ ROUTE ] array (
  'type' => 'module',
  'module' => 
  array (
    0 => 'admin',
    1 => 'ajax',
    2 => 'lang',
  ),
)
[ info ] [ HEADER ] array (
  'cookie' => 'thinkphp_show_page_trace=0|0; thinkphp_show_page_trace=0|0; Hm_lvt_f8d0a8c400404989e195270b0bbf060a=1567047798,1567156110,1567406100,1567582493; Hm_lpvt_f8d0a8c400404989e195270b0bbf060a=1567582493; PHPSESSID=7vmt7plu80rqoasdtprif3c0lr',
  'accept-language' => 'zh-CN,zh;q=0.9',
  'accept-encoding' => 'gzip, deflate',
  'referer' => 'http://192.168.1.35/fastadmin_revision1/public/admin/dashboard?addtabs=1',
  'accept' => '*/*',
  'user-agent' => 'Mozilla/5.0 (Windows NT 6.1; WOW64) AppleWebKit/537.36 (KHTML, like Gecko) Chrome/70.0.3538.110 Safari/537.36',
  'connection' => 'close',
  'host' => '192.168.1.35',
)
[ info ] [ PARAM ] array (
  'callback' => 'define',
  'controllername' => 'dashboard',
  'v' => '1567582417',
)
[ info ] [ LANG ] E:\PHPTutorial\WWW\fastadmin_revision1\public/../application/admin\lang\zh-cn.php
[ info ] [ BEHAVIOR ] Run app\common\behavior\Common @module_init [ RunTime:0.004001s ]
[ info ] [ SESSION ] INIT array (
  'id' => '',
  'var_session_id' => '',
  'prefix' => 'think',
  'type' => '',
  'auto_start' => true,
)
[ info ] [ LANG ] E:\PHPTutorial\WWW\fastadmin_revision1\public/../application/admin/lang/zh-cn/ajax.php
[ info ] [ RUN ] app\admin\controller\Ajax->lang[ E:\PHPTutorial\WWW\fastadmin_revision1\application\admin\controller\Ajax.php ]
[ info ] [ LANG ] E:\PHPTutorial\WWW\fastadmin_revision1\public/../application/admin/lang/zh-cn/dashboard.php
[ info ] [ BEHAVIOR ] Run app\admin\behavior\AdminLog @app_end [ RunTime:0.000000s ]
[ info ] [ LOG ] INIT File
---------------------------------------------------------------
[ 2019-09-04T15:33:51+08:00 ] 192.168.1.155 GET /fastadmin_revision1/public/admin/mail/sendmail?addtabs=1
[ info ] 192.168.1.35/fastadmin_revision1/public/admin/mail/sendmail?addtabs=1 [运行时间：0.486027s][吞吐率：2.06req/s] [内存消耗：3,420.95kb] [文件加载：79]
[ info ] [ BEHAVIOR ] Run Closure @app_init [ RunTime:0.001000s ]
[ info ] [ CACHE ] INIT File
[ info ] [ BEHAVIOR ] Run Closure @app_init [ RunTime:0.005000s ]
[ info ] [ LANG ] E:\PHPTutorial\WWW\fastadmin_revision1\thinkphp\lang\zh-cn.php
[ info ] [ ROUTE ] array (
  'type' => 'module',
  'module' => 
  array (
    0 => 'admin',
    1 => 'mail.sendmail',
    2 => NULL,
  ),
)
[ info ] [ HEADER ] array (
  'cookie' => 'thinkphp_show_page_trace=0|0; thinkphp_show_page_trace=0|0; Hm_lvt_f8d0a8c400404989e195270b0bbf060a=1567047798,1567156110,1567406100,1567582493; Hm_lpvt_f8d0a8c400404989e195270b0bbf060a=1567582493; PHPSESSID=7vmt7plu80rqoasdtprif3c0lr',
  'accept-language' => 'zh-CN,zh;q=0.9',
  'accept-encoding' => 'gzip, deflate',
  'referer' => 'http://192.168.1.35/fastadmin_revision1/public/admin/mail/sendmail?ref=addtabs',
  'accept' => 'text/html,application/xhtml+xml,application/xml;q=0.9,image/webp,image/apng,*/*;q=0.8',
  'user-agent' => 'Mozilla/5.0 (Windows NT 6.1; WOW64) AppleWebKit/537.36 (KHTML, like Gecko) Chrome/70.0.3538.110 Safari/537.36',
  'upgrade-insecure-requests' => '1',
  'connection' => 'close',
  'host' => '192.168.1.35',
)
[ info ] [ PARAM ] array (
  'addtabs' => '1',
)
[ info ] [ LANG ] E:\PHPTutorial\WWW\fastadmin_revision1\public/../application/admin\lang\zh-cn.php
[ info ] [ BEHAVIOR ] Run app\common\behavior\Common @module_init [ RunTime:0.006000s ]
[ info ] [ SESSION ] INIT array (
  'id' => '',
  'var_session_id' => '',
  'prefix' => 'think',
  'type' => '',
  'auto_start' => true,
)
[ info ] [ DB ] INIT mysql
[ info ] [ DB ] INIT mysql
[ info ] [ RUN ] app\admin\controller\mail\Sendmail->index[ E:\PHPTutorial\WWW\fastadmin_revision1\application\admin\controller\mail\Sendmail.php ]
[ info ] [ VIEW ] E:\PHPTutorial\WWW\fastadmin_revision1\public/../application/admin\view\mail\sendmail\index.html [ array (
  0 => 'breadcrumb',
  1 => 'site',
  2 => 'config',
  3 => 'auth',
  4 => 'admin',
  5 => 'list',
) ]
[ info ] [ BEHAVIOR ] Run app\admin\behavior\AdminLog @app_end [ RunTime:0.002000s ]
[ info ] [ LOG ] INIT File
[ sql ] [ DB ] CONNECT:[ UseTime:0.132007s ] mysql:host=127.0.0.1;dbname=nyqp_gm;charset=utf8
[ sql ] [ SQL ] SHOW COLUMNS FROM `fa_auth_group_access` [ RunTime:0.022001s ]
[ sql ] [ SQL ] SELECT `aga`.`uid`,`aga`.`group_id`,`ag`.`id`,`ag`.`pid`,`ag`.`name`,`ag`.`rules` FROM `fa_auth_group_access` `aga` LEFT JOIN `fa_auth_group` `ag` ON `aga`.`group_id`=`ag`.`id` WHERE  (  aga.uid='9' and ag.status='normal' ) [ RunTime:0.002000s ]
[ sql ] [ SQL ] SHOW COLUMNS FROM `fa_auth_rule` [ RunTime:0.020001s ]
[ sql ] [ SQL ] SELECT `id`,`pid`,`condition`,`icon`,`name`,`title`,`ismenu` FROM `fa_auth_rule` WHERE  `status` = 'normal'  AND `id` IN (1,8,9,10,11,13,14,15,16,17,29,30,31,32,33,34,40,41,42,43,44,45,46,47,48,49,50,86,87,89,90,91,92,93,94,95,98,99,101,103,104,105,121,122,124,129,130,131,132,133,134,135,150,151,152,153,154,155,160,163,164,165,166,167,168,169,170,171,172,173,174,175,176,177,178,179,180,181,182,183,184,185,186,187,188,189,190,191,192,213,214,215,216,217,218,219,220,221,222,2,5,85,88,100,102,120,123,128,159) [ RunTime:0.012000s ]
---------------------------------------------------------------
[ 2019-09-04T15:33:51+08:00 ] 192.168.1.155 GET /fastadmin_revision1/public/admin/ajax/lang?callback=define&controllername=mail.sendmail&v=1567582430
[ info ] 192.168.1.35/fastadmin_revision1/public/admin/ajax/lang?callback=define&controllername=mail.sendmail&v=1567582430 [运行时间：0.071004s][吞吐率：14.08req/s] [内存消耗：2,340.19kb] [文件加载：69]
[ info ] [ BEHAVIOR ] Run Closure @app_init [ RunTime:0.000000s ]
[ info ] [ CACHE ] INIT File
[ info ] [ BEHAVIOR ] Run Closure @app_init [ RunTime:0.004000s ]
[ info ] [ LANG ] E:\PHPTutorial\WWW\fastadmin_revision1\thinkphp\lang\zh-cn.php
[ info ] [ ROUTE ] array (
  'type' => 'module',
  'module' => 
  array (
    0 => 'admin',
    1 => 'ajax',
    2 => 'lang',
  ),
)
[ info ] [ HEADER ] array (
  'cookie' => 'thinkphp_show_page_trace=0|0; thinkphp_show_page_trace=0|0; Hm_lvt_f8d0a8c400404989e195270b0bbf060a=1567047798,1567156110,1567406100,1567582493; Hm_lpvt_f8d0a8c400404989e195270b0bbf060a=1567582493; PHPSESSID=7vmt7plu80rqoasdtprif3c0lr',
  'accept-language' => 'zh-CN,zh;q=0.9',
  'accept-encoding' => 'gzip, deflate',
  'referer' => 'http://192.168.1.35/fastadmin_revision1/public/admin/mail/sendmail?addtabs=1',
  'accept' => '*/*',
  'user-agent' => 'Mozilla/5.0 (Windows NT 6.1; WOW64) AppleWebKit/537.36 (KHTML, like Gecko) Chrome/70.0.3538.110 Safari/537.36',
  'connection' => 'close',
  'host' => '192.168.1.35',
)
[ info ] [ PARAM ] array (
  'callback' => 'define',
  'controllername' => 'mail.sendmail',
  'v' => '1567582430',
)
[ info ] [ LANG ] E:\PHPTutorial\WWW\fastadmin_revision1\public/../application/admin\lang\zh-cn.php
[ info ] [ BEHAVIOR ] Run app\common\behavior\Common @module_init [ RunTime:0.003000s ]
[ info ] [ SESSION ] INIT array (
  'id' => '',
  'var_session_id' => '',
  'prefix' => 'think',
  'type' => '',
  'auto_start' => true,
)
[ info ] [ LANG ] E:\PHPTutorial\WWW\fastadmin_revision1\public/../application/admin/lang/zh-cn/ajax.php
[ info ] [ RUN ] app\admin\controller\Ajax->lang[ E:\PHPTutorial\WWW\fastadmin_revision1\application\admin\controller\Ajax.php ]
[ info ] [ BEHAVIOR ] Run app\admin\behavior\AdminLog @app_end [ RunTime:0.001000s ]
[ info ] [ LOG ] INIT File
---------------------------------------------------------------
[ 2019-09-04T15:33:52+08:00 ] 192.168.1.155 GET /fastadmin_revision1/public/assets/js/backend/mail/sendmail.js?v=1567582430
[ info ] 192.168.1.35/fastadmin_revision1/public/assets/js/backend/mail/sendmail.js?v=1567582430 [运行时间：0.101006s][吞吐率：9.90req/s] [内存消耗：1,419.55kb] [文件加载：51]
[ info ] [ BEHAVIOR ] Run Closure @app_init [ RunTime:0.000000s ]
[ info ] [ CACHE ] INIT File
[ info ] [ BEHAVIOR ] Run Closure @app_init [ RunTime:0.003001s ]
[ info ] [ LANG ] E:\PHPTutorial\WWW\fastadmin_revision1\thinkphp\lang\zh-cn.php
[ info ] [ ROUTE ] array (
  'type' => 'module',
  'module' => 
  array (
    0 => 'assets',
    1 => 'js',
    2 => 'backend',
  ),
)
[ info ] [ HEADER ] array (
  'cookie' => 'thinkphp_show_page_trace=0|0; Hm_lvt_f8d0a8c400404989e195270b0bbf060a=1567047798,1567156110,1567406100,1567582493; Hm_lpvt_f8d0a8c400404989e195270b0bbf060a=1567582493; PHPSESSID=7vmt7plu80rqoasdtprif3c0lr',
  'accept-language' => 'zh-CN,zh;q=0.9',
  'accept-encoding' => 'gzip, deflate',
  'referer' => 'http://192.168.1.35/fastadmin_revision1/public/admin/mail/sendmail?addtabs=1',
  'accept' => '*/*',
  'user-agent' => 'Mozilla/5.0 (Windows NT 6.1; WOW64) AppleWebKit/537.36 (KHTML, like Gecko) Chrome/70.0.3538.110 Safari/537.36',
  'connection' => 'close',
  'host' => '192.168.1.35',
)
[ info ] [ PARAM ] array (
  'v' => '1567582430',
  'mail' => 'sendmail.js',
)
[ info ] [ LOG ] INIT File
