---------------------------------------------------------------
[ 2019-09-23T12:31:18+08:00 ] 192.168.1.36 GET /fastadmin_revision1/public/
[ info ] 192.168.1.35/fastadmin_revision1/public/ [运行时间：0.689040s][吞吐率：1.45req/s] [内存消耗：2,190.72kb] [文件加载：66]
[ info ] [ BEHAVIOR ] Run Closure @app_init [ RunTime:0.000000s ]
[ info ] [ CACHE ] INIT File
[ info ] [ BEHAVIOR ] Run Closure @app_init [ RunTime:0.030001s ]
[ info ] [ LANG ] E:\PHPTutorial\WWW\fastadmin_revision1\thinkphp\lang\zh-cn.php
[ info ] [ ROUTE ] array (
  'type' => 'module',
  'module' => 
  array (
    0 => '',
    1 => NULL,
    2 => NULL,
  ),
)
[ info ] [ HEADER ] array (
  'cookie' => 'Hm_lvt_f8d0a8c400404989e195270b0bbf060a=1568775304,1568788310,1568887249,1568963641',
  'accept-language' => 'zh-CN,zh;q=0.9',
  'accept-encoding' => 'gzip, deflate',
  'accept' => 'text/html,application/xhtml+xml,application/xml;q=0.9,image/webp,image/apng,*/*;q=0.8,application/signed-exchange;v=b3',
  'user-agent' => 'Mozilla/5.0 (Windows NT 6.1; Win64; x64) AppleWebKit/537.36 (KHTML, like Gecko) Chrome/76.0.3809.132 Safari/537.36',
  'upgrade-insecure-requests' => '1',
  'connection' => 'close',
  'host' => '192.168.1.35',
)
[ info ] [ PARAM ] array (
)
[ info ] [ LANG ] E:\PHPTutorial\WWW\fastadmin_revision1\public/../application/index\lang\zh-cn.php
[ info ] [ BEHAVIOR ] Run app\common\behavior\Common @module_init [ RunTime:0.013001s ]
[ info ] [ LANG ] E:\PHPTutorial\WWW\fastadmin_revision1\public/../application/index/lang/zh-cn/index.php
[ info ] [ RUN ] app\index\controller\Index->index[ E:\PHPTutorial\WWW\fastadmin_revision1\application\index\controller\Index.php ]
[ info ] [ VIEW ] E:\PHPTutorial\WWW\fastadmin_revision1\public/../application/index\view\index\index.html [ array (
  0 => 'user',
  1 => 'site',
  2 => 'config',
) ]
[ info ] [ LOG ] INIT File
---------------------------------------------------------------
[ 2019-09-23T12:31:20+08:00 ] 192.168.1.36 GET /fastadmin_revision1/public/admin/index/login.html
[ info ] 192.168.1.35/fastadmin_revision1/public/admin/index/login.html [运行时间：0.160009s][吞吐率：6.25req/s] [内存消耗：2,389.51kb] [文件加载：72]
[ info ] [ BEHAVIOR ] Run Closure @app_init [ RunTime:0.000000s ]
[ info ] [ CACHE ] INIT File
[ info ] [ BEHAVIOR ] Run Closure @app_init [ RunTime:0.003000s ]
[ info ] [ LANG ] E:\PHPTutorial\WWW\fastadmin_revision1\thinkphp\lang\zh-cn.php
[ info ] [ ROUTE ] array (
  'type' => 'module',
  'module' => 
  array (
    0 => 'admin',
    1 => 'index',
    2 => 'login',
  ),
)
[ info ] [ HEADER ] array (
  'cookie' => 'thinkphp_show_page_trace=0|0; Hm_lvt_f8d0a8c400404989e195270b0bbf060a=1568788310,1568887249,1568963641,1569213073; Hm_lpvt_f8d0a8c400404989e195270b0bbf060a=1569213073',
  'accept-language' => 'zh-CN,zh;q=0.9',
  'accept-encoding' => 'gzip, deflate',
  'referer' => 'http://192.168.1.35/fastadmin_revision1/public/',
  'accept' => 'text/html,application/xhtml+xml,application/xml;q=0.9,image/webp,image/apng,*/*;q=0.8,application/signed-exchange;v=b3',
  'user-agent' => 'Mozilla/5.0 (Windows NT 6.1; Win64; x64) AppleWebKit/537.36 (KHTML, like Gecko) Chrome/76.0.3809.132 Safari/537.36',
  'upgrade-insecure-requests' => '1',
  'connection' => 'close',
  'host' => '192.168.1.35',
)
[ info ] [ PARAM ] array (
)
[ info ] [ LANG ] E:\PHPTutorial\WWW\fastadmin_revision1\public/../application/admin\lang\zh-cn.php
[ info ] [ BEHAVIOR ] Run app\common\behavior\Common @module_init [ RunTime:0.003000s ]
[ info ] [ SESSION ] INIT array (
  'id' => '',
  'var_session_id' => '',
  'prefix' => 'think',
  'type' => '',
  'auto_start' => true,
)
[ info ] [ LANG ] E:\PHPTutorial\WWW\fastadmin_revision1\public/../application/admin/lang/zh-cn/index.php
[ info ] [ RUN ] app\admin\controller\Index->login[ E:\PHPTutorial\WWW\fastadmin_revision1\application\admin\controller\Index.php ]
[ info ] [ VIEW ] E:\PHPTutorial\WWW\fastadmin_revision1\public/../application/admin\view\index\login.html [ array (
  0 => 'breadcrumb',
  1 => 'site',
  2 => 'config',
  3 => 'auth',
  4 => 'admin',
  5 => 'background',
  6 => 'title',
) ]
[ info ] [ BEHAVIOR ] Run app\admin\behavior\AdminLog @app_end [ RunTime:0.001000s ]
[ info ] [ LOG ] INIT File
---------------------------------------------------------------
[ 2019-09-23T12:31:22+08:00 ] 192.168.1.36 POST /fastadmin_revision1/public/admin/index/login.html
[ info ] 192.168.1.35/fastadmin_revision1/public/admin/index/login.html [运行时间：0.501029s][吞吐率：2.00req/s] [内存消耗：3,020.60kb] [文件加载：80]
[ info ] [ BEHAVIOR ] Run Closure @app_init [ RunTime:0.000000s ]
[ info ] [ CACHE ] INIT File
[ info ] [ BEHAVIOR ] Run Closure @app_init [ RunTime:0.003000s ]
[ info ] [ LANG ] E:\PHPTutorial\WWW\fastadmin_revision1\thinkphp\lang\zh-cn.php
[ info ] [ ROUTE ] array (
  'type' => 'module',
  'module' => 
  array (
    0 => 'admin',
    1 => 'index',
    2 => 'login',
  ),
)
[ info ] [ HEADER ] array (
  'cookie' => 'thinkphp_show_page_trace=0|0; thinkphp_show_page_trace=0|0; Hm_lvt_f8d0a8c400404989e195270b0bbf060a=1568788310,1568887249,1568963641,1569213073; Hm_lpvt_f8d0a8c400404989e195270b0bbf060a=1569213073; PHPSESSID=kr360b6arcgue38efo37mbpp64',
  'accept-language' => 'zh-CN,zh;q=0.9',
  'accept-encoding' => 'gzip, deflate',
  'referer' => 'http://192.168.1.35/fastadmin_revision1/public/admin/index/login.html',
  'accept' => 'text/html,application/xhtml+xml,application/xml;q=0.9,image/webp,image/apng,*/*;q=0.8,application/signed-exchange;v=b3',
  'user-agent' => 'Mozilla/5.0 (Windows NT 6.1; Win64; x64) AppleWebKit/537.36 (KHTML, like Gecko) Chrome/76.0.3809.132 Safari/537.36',
  'content-type' => 'application/x-www-form-urlencoded',
  'upgrade-insecure-requests' => '1',
  'origin' => 'http://192.168.1.35',
  'cache-control' => 'max-age=0',
  'content-length' => '75',
  'connection' => 'close',
  'host' => '192.168.1.35',
)
[ info ] [ PARAM ] array (
  '__token__' => '51cf9ccab0f7d9b6497235d92b759b14',
  'username' => 'admin',
  'password' => 'admin123',
)
[ info ] [ LANG ] E:\PHPTutorial\WWW\fastadmin_revision1\public/../application/admin\lang\zh-cn.php
[ info ] [ BEHAVIOR ] Run app\common\behavior\Common @module_init [ RunTime:0.004000s ]
[ info ] [ SESSION ] INIT array (
  'id' => '',
  'var_session_id' => '',
  'prefix' => 'think',
  'type' => '',
  'auto_start' => true,
)
[ info ] [ LANG ] E:\PHPTutorial\WWW\fastadmin_revision1\public/../application/admin/lang/zh-cn/index.php
[ info ] [ RUN ] app\admin\controller\Index->login[ E:\PHPTutorial\WWW\fastadmin_revision1\application\admin\controller\Index.php ]
[ info ] [ DB ] INIT mysql
[ info ] [ VIEW ] E:\PHPTutorial\WWW\fastadmin_revision1\public/../application/common\view\tpl\dispatch_jump.tpl [ array (
  0 => 'breadcrumb',
  1 => 'site',
  2 => 'config',
  3 => 'auth',
  4 => 'admin',
  5 => 'code',
  6 => 'msg',
  7 => 'data',
  8 => 'url',
  9 => 'wait',
) ]
[ info ] [ BEHAVIOR ] Run app\admin\behavior\AdminLog @app_end [ RunTime:0.125007s ]
[ info ] [ LOG ] INIT File
[ sql ] [ DB ] CONNECT:[ UseTime:0.024002s ] mysql:host=127.0.0.1;dbname=nyqp_gm;charset=utf8
[ sql ] [ SQL ] SHOW COLUMNS FROM `fa_admin` [ RunTime:0.060003s ]
[ sql ] [ SQL ] SELECT * FROM `fa_admin` WHERE  `username` = 'admin' LIMIT 1 [ RunTime:0.004001s ]
[ sql ] [ SQL ] UPDATE `fa_admin`  SET `logintime`=1569213081,`token`='41319fc9-ac42-4d4c-8320-6380c29e44ef',`updatetime`=1569213081  WHERE  `id` = 1 [ RunTime:0.043002s ]
[ sql ] [ SQL ] SHOW COLUMNS FROM `fa_admin_log` [ RunTime:0.087005s ]
[ sql ] [ SQL ] INSERT INTO `fa_admin_log` (`title` , `content` , `url` , `admin_id` , `username` , `useragent` , `ip` , `createtime`) VALUES ('登录' , '{\"__token__\":\"51cf9ccab0f7d9b6497235d92b759b14\",\"username\":\"admin\"}' , '/fastadmin_revision1/public/admin/index/login.html' , 1 , 'admin' , 'Mozilla/5.0 (Windows NT 6.1; Win64; x64) AppleWebKit/537.36 (KHTML, like Gecko) Chrome/76.0.3809.132 Safari/537.36' , '192.168.1.36' , 1569213082) [ RunTime:0.036002s ]
---------------------------------------------------------------
[ 2019-09-23T12:31:24+08:00 ] 192.168.1.36 GET /fastadmin_revision1/public/admin/index/index
[ info ] 192.168.1.35/fastadmin_revision1/public/admin/index/index [运行时间：0.652038s][吞吐率：1.53req/s] [内存消耗：3,457.44kb] [文件加载：90]
[ info ] [ BEHAVIOR ] Run Closure @app_init [ RunTime:0.000000s ]
[ info ] [ CACHE ] INIT File
[ info ] [ BEHAVIOR ] Run Closure @app_init [ RunTime:0.006001s ]
[ info ] [ LANG ] E:\PHPTutorial\WWW\fastadmin_revision1\thinkphp\lang\zh-cn.php
[ info ] [ ROUTE ] array (
  'type' => 'module',
  'module' => 
  array (
    0 => 'admin',
    1 => 'index',
    2 => 'index',
  ),
)
[ info ] [ HEADER ] array (
  'cookie' => 'thinkphp_show_page_trace=0|0; thinkphp_show_page_trace=0|0; Hm_lvt_f8d0a8c400404989e195270b0bbf060a=1568788310,1568887249,1568963641,1569213073; Hm_lpvt_f8d0a8c400404989e195270b0bbf060a=1569213073; PHPSESSID=kr360b6arcgue38efo37mbpp64',
  'accept-language' => 'zh-CN,zh;q=0.9',
  'accept-encoding' => 'gzip, deflate',
  'referer' => 'http://192.168.1.35/fastadmin_revision1/public/admin/index/login.html',
  'accept' => 'text/html,application/xhtml+xml,application/xml;q=0.9,image/webp,image/apng,*/*;q=0.8,application/signed-exchange;v=b3',
  'user-agent' => 'Mozilla/5.0 (Windows NT 6.1; Win64; x64) AppleWebKit/537.36 (KHTML, like Gecko) Chrome/76.0.3809.132 Safari/537.36',
  'upgrade-insecure-requests' => '1',
  'connection' => 'close',
  'host' => '192.168.1.35',
)
[ info ] [ PARAM ] array (
)
[ info ] [ LANG ] E:\PHPTutorial\WWW\fastadmin_revision1\public/../application/admin\lang\zh-cn.php
[ info ] [ BEHAVIOR ] Run app\common\behavior\Common @module_init [ RunTime:0.004000s ]
[ info ] [ SESSION ] INIT array (
  'id' => '',
  'var_session_id' => '',
  'prefix' => 'think',
  'type' => '',
  'auto_start' => true,
)
[ info ] [ LANG ] E:\PHPTutorial\WWW\fastadmin_revision1\public/../application/admin/lang/zh-cn/index.php
[ info ] [ RUN ] app\admin\controller\Index->index[ E:\PHPTutorial\WWW\fastadmin_revision1\application\admin\controller\Index.php ]
[ info ] [ DB ] INIT mysql
[ info ] [ VIEW ] E:\PHPTutorial\WWW\fastadmin_revision1\public/../application/admin\view\index\index.html [ array (
  0 => 'breadcrumb',
  1 => 'site',
  2 => 'config',
  3 => 'auth',
  4 => 'admin',
  5 => 'menulist',
  6 => 'navlist',
  7 => 'fixedmenu',
  8 => 'referermenu',
  9 => 'title',
) ]
[ info ] [ BEHAVIOR ] Run app\admin\behavior\AdminLog @app_end [ RunTime:0.001000s ]
[ info ] [ LOG ] INIT File
[ sql ] [ DB ] CONNECT:[ UseTime:0.010000s ] mysql:host=127.0.0.1;dbname=nyqp_gm;charset=utf8
[ sql ] [ SQL ] SHOW COLUMNS FROM `fa_auth_group_access` [ RunTime:0.035002s ]
[ sql ] [ SQL ] SELECT `aga`.`uid`,`aga`.`group_id`,`ag`.`id`,`ag`.`pid`,`ag`.`name`,`ag`.`rules` FROM `fa_auth_group_access` `aga` LEFT JOIN `fa_auth_group` `ag` ON `aga`.`group_id`=`ag`.`id` WHERE  (  aga.uid='1' and ag.status='normal' ) [ RunTime:0.010001s ]
[ sql ] [ SQL ] SHOW COLUMNS FROM `fa_auth_rule` [ RunTime:0.034002s ]
[ sql ] [ SQL ] SELECT `id`,`pid`,`condition`,`icon`,`name`,`title`,`ismenu` FROM `fa_auth_rule` WHERE  `status` = 'normal' [ RunTime:0.015001s ]
---------------------------------------------------------------
[ 2019-09-23T12:31:24+08:00 ] 192.168.1.36 GET /fastadmin_revision1/public/admin/dashboard?addtabs=1
[ info ] 192.168.1.35/fastadmin_revision1/public/admin/dashboard?addtabs=1 [运行时间：0.246014s][吞吐率：4.06req/s] [内存消耗：3,172.02kb] [文件加载：80]
[ info ] [ BEHAVIOR ] Run Closure @app_init [ RunTime:0.000000s ]
[ info ] [ CACHE ] INIT File
[ info ] [ BEHAVIOR ] Run Closure @app_init [ RunTime:0.003000s ]
[ info ] [ LANG ] E:\PHPTutorial\WWW\fastadmin_revision1\thinkphp\lang\zh-cn.php
[ info ] [ ROUTE ] array (
  'type' => 'module',
  'module' => 
  array (
    0 => 'admin',
    1 => 'dashboard',
    2 => NULL,
  ),
)
[ info ] [ HEADER ] array (
  'cookie' => 'thinkphp_show_page_trace=0|0; Hm_lvt_f8d0a8c400404989e195270b0bbf060a=1568788310,1568887249,1568963641,1569213073; Hm_lpvt_f8d0a8c400404989e195270b0bbf060a=1569213073; PHPSESSID=kr360b6arcgue38efo37mbpp64',
  'accept-language' => 'zh-CN,zh;q=0.9',
  'accept-encoding' => 'gzip, deflate',
  'referer' => 'http://192.168.1.35/fastadmin_revision1/public/admin/index/index',
  'accept' => 'text/html,application/xhtml+xml,application/xml;q=0.9,image/webp,image/apng,*/*;q=0.8,application/signed-exchange;v=b3',
  'user-agent' => 'Mozilla/5.0 (Windows NT 6.1; Win64; x64) AppleWebKit/537.36 (KHTML, like Gecko) Chrome/76.0.3809.132 Safari/537.36',
  'upgrade-insecure-requests' => '1',
  'connection' => 'close',
  'host' => '192.168.1.35',
)
[ info ] [ PARAM ] array (
  'addtabs' => '1',
)
[ info ] [ LANG ] E:\PHPTutorial\WWW\fastadmin_revision1\public/../application/admin\lang\zh-cn.php
[ info ] [ BEHAVIOR ] Run app\common\behavior\Common @module_init [ RunTime:0.004000s ]
[ info ] [ SESSION ] INIT array (
  'id' => '',
  'var_session_id' => '',
  'prefix' => 'think',
  'type' => '',
  'auto_start' => true,
)
[ info ] [ DB ] INIT mysql
[ info ] [ LANG ] E:\PHPTutorial\WWW\fastadmin_revision1\public/../application/admin/lang/zh-cn/dashboard.php
[ info ] [ RUN ] app\admin\controller\Dashboard->index[ E:\PHPTutorial\WWW\fastadmin_revision1\application\admin\controller\Dashboard.php ]
[ info ] [ VIEW ] E:\PHPTutorial\WWW\fastadmin_revision1\public/../application/admin\view\dashboard\index.html [ array (
  0 => 'breadcrumb',
  1 => 'site',
  2 => 'config',
  3 => 'auth',
  4 => 'admin',
  5 => 'totaluser',
  6 => 'totalviews',
  7 => 'totalorder',
  8 => 'totalorderamount',
  9 => 'todayuserlogin',
  10 => 'todayusersignup',
  11 => 'todayorder',
  12 => 'unsettleorder',
  13 => 'sevendnu',
  14 => 'sevendau',
  15 => 'paylist',
  16 => 'createlist',
  17 => 'addonversion',
  18 => 'uploadmode',
) ]
[ info ] [ BEHAVIOR ] Run app\admin\behavior\AdminLog @app_end [ RunTime:0.000000s ]
[ info ] [ LOG ] INIT File
[ sql ] [ DB ] CONNECT:[ UseTime:0.010001s ] mysql:host=127.0.0.1;dbname=nyqp_gm;charset=utf8
[ sql ] [ SQL ] SHOW COLUMNS FROM `fa_auth_group_access` [ RunTime:0.023001s ]
[ sql ] [ SQL ] SELECT `aga`.`uid`,`aga`.`group_id`,`ag`.`id`,`ag`.`pid`,`ag`.`name`,`ag`.`rules` FROM `fa_auth_group_access` `aga` LEFT JOIN `fa_auth_group` `ag` ON `aga`.`group_id`=`ag`.`id` WHERE  (  aga.uid='1' and ag.status='normal' ) [ RunTime:0.003000s ]
[ sql ] [ SQL ] SHOW COLUMNS FROM `fa_auth_rule` [ RunTime:0.026002s ]
[ sql ] [ SQL ] SELECT `id`,`pid`,`condition`,`icon`,`name`,`title`,`ismenu` FROM `fa_auth_rule` WHERE  `status` = 'normal' [ RunTime:0.016001s ]
---------------------------------------------------------------
[ 2019-09-23T12:31:25+08:00 ] 192.168.1.36 GET /fastadmin_revision1/public/admin/ajax/lang?callback=define&controllername=index&v=1569213083
[ info ] 192.168.1.35/fastadmin_revision1/public/admin/ajax/lang?callback=define&controllername=index&v=1569213083 [运行时间：0.090006s][吞吐率：11.11req/s] [内存消耗：2,344.49kb] [文件加载：70]
[ info ] [ BEHAVIOR ] Run Closure @app_init [ RunTime:0.000000s ]
[ info ] [ CACHE ] INIT File
[ info ] [ BEHAVIOR ] Run Closure @app_init [ RunTime:0.004001s ]
[ info ] [ LANG ] E:\PHPTutorial\WWW\fastadmin_revision1\thinkphp\lang\zh-cn.php
[ info ] [ ROUTE ] array (
  'type' => 'module',
  'module' => 
  array (
    0 => 'admin',
    1 => 'ajax',
    2 => 'lang',
  ),
)
[ info ] [ HEADER ] array (
  'cookie' => 'thinkphp_show_page_trace=0|0; thinkphp_show_page_trace=0|0; Hm_lvt_f8d0a8c400404989e195270b0bbf060a=1568788310,1568887249,1568963641,1569213073; Hm_lpvt_f8d0a8c400404989e195270b0bbf060a=1569213073; PHPSESSID=kr360b6arcgue38efo37mbpp64',
  'accept-language' => 'zh-CN,zh;q=0.9',
  'accept-encoding' => 'gzip, deflate',
  'referer' => 'http://192.168.1.35/fastadmin_revision1/public/admin/index/index',
  'accept' => '*/*',
  'user-agent' => 'Mozilla/5.0 (Windows NT 6.1; Win64; x64) AppleWebKit/537.36 (KHTML, like Gecko) Chrome/76.0.3809.132 Safari/537.36',
  'connection' => 'close',
  'host' => '192.168.1.35',
)
[ info ] [ PARAM ] array (
  'callback' => 'define',
  'controllername' => 'index',
  'v' => '1569213083',
)
[ info ] [ LANG ] E:\PHPTutorial\WWW\fastadmin_revision1\public/../application/admin\lang\zh-cn.php
[ info ] [ BEHAVIOR ] Run app\common\behavior\Common @module_init [ RunTime:0.003000s ]
[ info ] [ SESSION ] INIT array (
  'id' => '',
  'var_session_id' => '',
  'prefix' => 'think',
  'type' => '',
  'auto_start' => true,
)
[ info ] [ LANG ] E:\PHPTutorial\WWW\fastadmin_revision1\public/../application/admin/lang/zh-cn/ajax.php
[ info ] [ RUN ] app\admin\controller\Ajax->lang[ E:\PHPTutorial\WWW\fastadmin_revision1\application\admin\controller\Ajax.php ]
[ info ] [ LANG ] E:\PHPTutorial\WWW\fastadmin_revision1\public/../application/admin/lang/zh-cn/index.php
[ info ] [ BEHAVIOR ] Run app\admin\behavior\AdminLog @app_end [ RunTime:0.001000s ]
[ info ] [ LOG ] INIT File
---------------------------------------------------------------
[ 2019-09-23T12:31:26+08:00 ] 192.168.1.36 GET /fastadmin_revision1/public/admin/ajax/lang?callback=define&controllername=dashboard&v=1569213084
[ info ] 192.168.1.35/fastadmin_revision1/public/admin/ajax/lang?callback=define&controllername=dashboard&v=1569213084 [运行时间：0.087005s][吞吐率：11.49req/s] [内存消耗：2,342.95kb] [文件加载：70]
[ info ] [ BEHAVIOR ] Run Closure @app_init [ RunTime:0.000000s ]
[ info ] [ CACHE ] INIT File
[ info ] [ BEHAVIOR ] Run Closure @app_init [ RunTime:0.004000s ]
[ info ] [ LANG ] E:\PHPTutorial\WWW\fastadmin_revision1\thinkphp\lang\zh-cn.php
[ info ] [ ROUTE ] array (
  'type' => 'module',
  'module' => 
  array (
    0 => 'admin',
    1 => 'ajax',
    2 => 'lang',
  ),
)
[ info ] [ HEADER ] array (
  'cookie' => 'thinkphp_show_page_trace=0|0; thinkphp_show_page_trace=0|0; Hm_lvt_f8d0a8c400404989e195270b0bbf060a=1568788310,1568887249,1568963641,1569213073; Hm_lpvt_f8d0a8c400404989e195270b0bbf060a=1569213073; PHPSESSID=kr360b6arcgue38efo37mbpp64',
  'accept-language' => 'zh-CN,zh;q=0.9',
  'accept-encoding' => 'gzip, deflate',
  'referer' => 'http://192.168.1.35/fastadmin_revision1/public/admin/dashboard?addtabs=1',
  'accept' => '*/*',
  'user-agent' => 'Mozilla/5.0 (Windows NT 6.1; Win64; x64) AppleWebKit/537.36 (KHTML, like Gecko) Chrome/76.0.3809.132 Safari/537.36',
  'connection' => 'close',
  'host' => '192.168.1.35',
)
[ info ] [ PARAM ] array (
  'callback' => 'define',
  'controllername' => 'dashboard',
  'v' => '1569213084',
)
[ info ] [ LANG ] E:\PHPTutorial\WWW\fastadmin_revision1\public/../application/admin\lang\zh-cn.php
[ info ] [ BEHAVIOR ] Run app\common\behavior\Common @module_init [ RunTime:0.003000s ]
[ info ] [ SESSION ] INIT array (
  'id' => '',
  'var_session_id' => '',
  'prefix' => 'think',
  'type' => '',
  'auto_start' => true,
)
[ info ] [ LANG ] E:\PHPTutorial\WWW\fastadmin_revision1\public/../application/admin/lang/zh-cn/ajax.php
[ info ] [ RUN ] app\admin\controller\Ajax->lang[ E:\PHPTutorial\WWW\fastadmin_revision1\application\admin\controller\Ajax.php ]
[ info ] [ LANG ] E:\PHPTutorial\WWW\fastadmin_revision1\public/../application/admin/lang/zh-cn/dashboard.php
[ info ] [ BEHAVIOR ] Run app\admin\behavior\AdminLog @app_end [ RunTime:0.001000s ]
[ info ] [ LOG ] INIT File
---------------------------------------------------------------
[ 2019-09-23T12:31:26+08:00 ] 192.168.1.36 GET /fastadmin_revision1/public/admin/mail/sendmail?addtabs=1
[ info ] 192.168.1.35/fastadmin_revision1/public/admin/mail/sendmail?addtabs=1 [运行时间：0.307017s][吞吐率：3.26req/s] [内存消耗：3,452.14kb] [文件加载：79]
[ info ] [ BEHAVIOR ] Run Closure @app_init [ RunTime:0.000000s ]
[ info ] [ CACHE ] INIT File
[ info ] [ BEHAVIOR ] Run Closure @app_init [ RunTime:0.006000s ]
[ info ] [ LANG ] E:\PHPTutorial\WWW\fastadmin_revision1\thinkphp\lang\zh-cn.php
[ info ] [ ROUTE ] array (
  'type' => 'module',
  'module' => 
  array (
    0 => 'admin',
    1 => 'mail.sendmail',
    2 => NULL,
  ),
)
[ info ] [ HEADER ] array (
  'cookie' => 'thinkphp_show_page_trace=0|0; thinkphp_show_page_trace=0|0; Hm_lvt_f8d0a8c400404989e195270b0bbf060a=1568788310,1568887249,1568963641,1569213073; Hm_lpvt_f8d0a8c400404989e195270b0bbf060a=1569213073; PHPSESSID=kr360b6arcgue38efo37mbpp64',
  'accept-language' => 'zh-CN,zh;q=0.9',
  'accept-encoding' => 'gzip, deflate',
  'referer' => 'http://192.168.1.35/fastadmin_revision1/public/admin/mail/sendmail?ref=addtabs',
  'accept' => 'text/html,application/xhtml+xml,application/xml;q=0.9,image/webp,image/apng,*/*;q=0.8,application/signed-exchange;v=b3',
  'user-agent' => 'Mozilla/5.0 (Windows NT 6.1; Win64; x64) AppleWebKit/537.36 (KHTML, like Gecko) Chrome/76.0.3809.132 Safari/537.36',
  'upgrade-insecure-requests' => '1',
  'connection' => 'close',
  'host' => '192.168.1.35',
)
[ info ] [ PARAM ] array (
  'addtabs' => '1',
)
[ info ] [ LANG ] E:\PHPTutorial\WWW\fastadmin_revision1\public/../application/admin\lang\zh-cn.php
[ info ] [ BEHAVIOR ] Run app\common\behavior\Common @module_init [ RunTime:0.004000s ]
[ info ] [ SESSION ] INIT array (
  'id' => '',
  'var_session_id' => '',
  'prefix' => 'think',
  'type' => '',
  'auto_start' => true,
)
[ info ] [ DB ] INIT mysql
[ info ] [ DB ] INIT mysql
[ info ] [ RUN ] app\admin\controller\mail\Sendmail->index[ E:\PHPTutorial\WWW\fastadmin_revision1\application\admin\controller\mail\Sendmail.php ]
[ info ] [ VIEW ] E:\PHPTutorial\WWW\fastadmin_revision1\public/../application/admin\view\mail\sendmail\index.html [ array (
  0 => 'breadcrumb',
  1 => 'site',
  2 => 'config',
  3 => 'auth',
  4 => 'admin',
  5 => 'list',
) ]
[ info ] [ BEHAVIOR ] Run app\admin\behavior\AdminLog @app_end [ RunTime:0.001000s ]
[ info ] [ LOG ] INIT File
[ sql ] [ DB ] CONNECT:[ UseTime:0.007001s ] mysql:host=127.0.0.1;dbname=nyqp_gm;charset=utf8
[ sql ] [ SQL ] SHOW COLUMNS FROM `fa_auth_group_access` [ RunTime:0.023001s ]
[ sql ] [ SQL ] SELECT `aga`.`uid`,`aga`.`group_id`,`ag`.`id`,`ag`.`pid`,`ag`.`name`,`ag`.`rules` FROM `fa_auth_group_access` `aga` LEFT JOIN `fa_auth_group` `ag` ON `aga`.`group_id`=`ag`.`id` WHERE  (  aga.uid='1' and ag.status='normal' ) [ RunTime:0.002000s ]
[ sql ] [ SQL ] SHOW COLUMNS FROM `fa_auth_rule` [ RunTime:0.020001s ]
[ sql ] [ SQL ] SELECT `id`,`pid`,`condition`,`icon`,`name`,`title`,`ismenu` FROM `fa_auth_rule` WHERE  `status` = 'normal' [ RunTime:0.014001s ]
---------------------------------------------------------------
[ 2019-09-23T12:31:27+08:00 ] 192.168.1.36 GET /fastadmin_revision1/public/admin/ajax/lang?callback=define&controllername=mail.sendmail&v=1569213086
[ info ] 192.168.1.35/fastadmin_revision1/public/admin/ajax/lang?callback=define&controllername=mail.sendmail&v=1569213086 [运行时间：0.089005s][吞吐率：11.24req/s] [内存消耗：2,340.20kb] [文件加载：69]
[ info ] [ BEHAVIOR ] Run Closure @app_init [ RunTime:0.000000s ]
[ info ] [ CACHE ] INIT File
[ info ] [ BEHAVIOR ] Run Closure @app_init [ RunTime:0.005000s ]
[ info ] [ LANG ] E:\PHPTutorial\WWW\fastadmin_revision1\thinkphp\lang\zh-cn.php
[ info ] [ ROUTE ] array (
  'type' => 'module',
  'module' => 
  array (
    0 => 'admin',
    1 => 'ajax',
    2 => 'lang',
  ),
)
[ info ] [ HEADER ] array (
  'cookie' => 'thinkphp_show_page_trace=0|0; thinkphp_show_page_trace=0|0; Hm_lvt_f8d0a8c400404989e195270b0bbf060a=1568788310,1568887249,1568963641,1569213073; Hm_lpvt_f8d0a8c400404989e195270b0bbf060a=1569213073; PHPSESSID=kr360b6arcgue38efo37mbpp64',
  'accept-language' => 'zh-CN,zh;q=0.9',
  'accept-encoding' => 'gzip, deflate',
  'referer' => 'http://192.168.1.35/fastadmin_revision1/public/admin/mail/sendmail?addtabs=1',
  'accept' => '*/*',
  'user-agent' => 'Mozilla/5.0 (Windows NT 6.1; Win64; x64) AppleWebKit/537.36 (KHTML, like Gecko) Chrome/76.0.3809.132 Safari/537.36',
  'connection' => 'close',
  'host' => '192.168.1.35',
)
[ info ] [ PARAM ] array (
  'callback' => 'define',
  'controllername' => 'mail.sendmail',
  'v' => '1569213086',
)
[ info ] [ LANG ] E:\PHPTutorial\WWW\fastadmin_revision1\public/../application/admin\lang\zh-cn.php
[ info ] [ BEHAVIOR ] Run app\common\behavior\Common @module_init [ RunTime:0.003000s ]
[ info ] [ SESSION ] INIT array (
  'id' => '',
  'var_session_id' => '',
  'prefix' => 'think',
  'type' => '',
  'auto_start' => true,
)
[ info ] [ LANG ] E:\PHPTutorial\WWW\fastadmin_revision1\public/../application/admin/lang/zh-cn/ajax.php
[ info ] [ RUN ] app\admin\controller\Ajax->lang[ E:\PHPTutorial\WWW\fastadmin_revision1\application\admin\controller\Ajax.php ]
[ info ] [ BEHAVIOR ] Run app\admin\behavior\AdminLog @app_end [ RunTime:0.000000s ]
[ info ] [ LOG ] INIT File
---------------------------------------------------------------
[ 2019-09-23T12:31:27+08:00 ] 192.168.1.36 GET /fastadmin_revision1/public/assets/js/backend/mail/sendmail.js?v=1569213086
[ info ] 192.168.1.35/fastadmin_revision1/public/assets/js/backend/mail/sendmail.js?v=1569213086 [运行时间：0.105006s][吞吐率：9.52req/s] [内存消耗：1,419.58kb] [文件加载：51]
[ info ] [ BEHAVIOR ] Run Closure @app_init [ RunTime:0.000000s ]
[ info ] [ CACHE ] INIT File
[ info ] [ BEHAVIOR ] Run Closure @app_init [ RunTime:0.004000s ]
[ info ] [ LANG ] E:\PHPTutorial\WWW\fastadmin_revision1\thinkphp\lang\zh-cn.php
[ info ] [ ROUTE ] array (
  'type' => 'module',
  'module' => 
  array (
    0 => 'assets',
    1 => 'js',
    2 => 'backend',
  ),
)
[ info ] [ HEADER ] array (
  'cookie' => 'thinkphp_show_page_trace=0|0; Hm_lvt_f8d0a8c400404989e195270b0bbf060a=1568788310,1568887249,1568963641,1569213073; Hm_lpvt_f8d0a8c400404989e195270b0bbf060a=1569213073; PHPSESSID=kr360b6arcgue38efo37mbpp64',
  'accept-language' => 'zh-CN,zh;q=0.9',
  'accept-encoding' => 'gzip, deflate',
  'referer' => 'http://192.168.1.35/fastadmin_revision1/public/admin/mail/sendmail?addtabs=1',
  'accept' => '*/*',
  'user-agent' => 'Mozilla/5.0 (Windows NT 6.1; Win64; x64) AppleWebKit/537.36 (KHTML, like Gecko) Chrome/76.0.3809.132 Safari/537.36',
  'connection' => 'close',
  'host' => '192.168.1.35',
)
[ info ] [ PARAM ] array (
  'v' => '1569213086',
  'mail' => 'sendmail.js',
)
[ info ] [ LOG ] INIT File
---------------------------------------------------------------
[ 2019-09-23T12:31:30+08:00 ] 192.168.1.36 GET /fastadmin_revision1/public//fonts/glyphicons-halflings-regular.woff
[ info ] 192.168.1.35/fastadmin_revision1/public//fonts/glyphicons-halflings-regular.woff [运行时间：0.077005s][吞吐率：12.99req/s] [内存消耗：1,419.35kb] [文件加载：51]
[ info ] [ BEHAVIOR ] Run Closure @app_init [ RunTime:0.000000s ]
[ info ] [ CACHE ] INIT File
[ info ] [ BEHAVIOR ] Run Closure @app_init [ RunTime:0.005000s ]
[ info ] [ LANG ] E:\PHPTutorial\WWW\fastadmin_revision1\thinkphp\lang\zh-cn.php
[ info ] [ ROUTE ] array (
  'type' => 'module',
  'module' => 
  array (
    0 => 'fonts',
    1 => 'glyphicons-halflings-regular.woff',
    2 => NULL,
  ),
)
[ info ] [ HEADER ] array (
  'cookie' => 'thinkphp_show_page_trace=0|0; Hm_lvt_f8d0a8c400404989e195270b0bbf060a=1568788310,1568887249,1568963641,1569213073; Hm_lpvt_f8d0a8c400404989e195270b0bbf060a=1569213073; PHPSESSID=kr360b6arcgue38efo37mbpp64',
  'accept-language' => 'zh-CN,zh;q=0.9',
  'accept-encoding' => 'gzip, deflate',
  'referer' => 'http://192.168.1.35/fastadmin_revision1/public//mail/bootstrap.min.css',
  'accept' => '*/*',
  'user-agent' => 'Mozilla/5.0 (Windows NT 6.1; Win64; x64) AppleWebKit/537.36 (KHTML, like Gecko) Chrome/76.0.3809.132 Safari/537.36',
  'origin' => 'http://192.168.1.35',
  'connection' => 'close',
  'host' => '192.168.1.35',
)
[ info ] [ PARAM ] array (
)
[ info ] [ LOG ] INIT File
---------------------------------------------------------------
[ 2019-09-23T12:31:31+08:00 ] 192.168.1.36 GET /fastadmin_revision1/public//fonts/glyphicons-halflings-regular.ttf
[ info ] 192.168.1.35/fastadmin_revision1/public//fonts/glyphicons-halflings-regular.ttf [运行时间：0.076004s][吞吐率：13.16req/s] [内存消耗：1,419.34kb] [文件加载：51]
[ info ] [ BEHAVIOR ] Run Closure @app_init [ RunTime:0.000000s ]
[ info ] [ CACHE ] INIT File
[ info ] [ BEHAVIOR ] Run Closure @app_init [ RunTime:0.004000s ]
[ info ] [ LANG ] E:\PHPTutorial\WWW\fastadmin_revision1\thinkphp\lang\zh-cn.php
[ info ] [ ROUTE ] array (
  'type' => 'module',
  'module' => 
  array (
    0 => 'fonts',
    1 => 'glyphicons-halflings-regular.ttf',
    2 => NULL,
  ),
)
[ info ] [ HEADER ] array (
  'cookie' => 'thinkphp_show_page_trace=0|0; Hm_lvt_f8d0a8c400404989e195270b0bbf060a=1568788310,1568887249,1568963641,1569213073; Hm_lpvt_f8d0a8c400404989e195270b0bbf060a=1569213073; PHPSESSID=kr360b6arcgue38efo37mbpp64',
  'accept-language' => 'zh-CN,zh;q=0.9',
  'accept-encoding' => 'gzip, deflate',
  'referer' => 'http://192.168.1.35/fastadmin_revision1/public//mail/bootstrap.min.css',
  'accept' => '*/*',
  'user-agent' => 'Mozilla/5.0 (Windows NT 6.1; Win64; x64) AppleWebKit/537.36 (KHTML, like Gecko) Chrome/76.0.3809.132 Safari/537.36',
  'origin' => 'http://192.168.1.35',
  'connection' => 'close',
  'host' => '192.168.1.35',
)
[ info ] [ PARAM ] array (
)
[ info ] [ LOG ] INIT File
---------------------------------------------------------------
[ 2019-09-23T12:31:38+08:00 ] 192.168.1.36 POST /fastadmin_revision1/public/admin/mail.sendmail/set
[ info ] 192.168.1.35/fastadmin_revision1/public/admin/mail.sendmail/set [运行时间：0.306017s][吞吐率：3.27req/s] [内存消耗：3,112.16kb] [文件加载：77]
[ info ] [ BEHAVIOR ] Run Closure @app_init [ RunTime:0.000000s ]
[ info ] [ CACHE ] INIT File
[ info ] [ BEHAVIOR ] Run Closure @app_init [ RunTime:0.005000s ]
[ info ] [ LANG ] E:\PHPTutorial\WWW\fastadmin_revision1\thinkphp\lang\zh-cn.php
[ info ] [ ROUTE ] array (
  'type' => 'module',
  'module' => 
  array (
    0 => 'admin',
    1 => 'mail.sendmail',
    2 => 'set',
  ),
)
[ info ] [ HEADER ] array (
  'cookie' => 'thinkphp_show_page_trace=0|0; thinkphp_show_page_trace=0|0; Hm_lvt_f8d0a8c400404989e195270b0bbf060a=1568788310,1568887249,1568963641,1569213073; Hm_lpvt_f8d0a8c400404989e195270b0bbf060a=1569213073; PHPSESSID=kr360b6arcgue38efo37mbpp64',
  'accept-language' => 'zh-CN,zh;q=0.9',
  'accept-encoding' => 'gzip, deflate',
  'referer' => 'http://192.168.1.35/fastadmin_revision1/public/admin/mail/sendmail?addtabs=1',
  'content-type' => 'application/x-www-form-urlencoded; charset=UTF-8',
  'user-agent' => 'Mozilla/5.0 (Windows NT 6.1; Win64; x64) AppleWebKit/537.36 (KHTML, like Gecko) Chrome/76.0.3809.132 Safari/537.36',
  'x-requested-with' => 'XMLHttpRequest',
  'origin' => 'http://192.168.1.35',
  'accept' => 'application/json, text/javascript, */*; q=0.01',
  'content-length' => '47',
  'connection' => 'close',
  'host' => '192.168.1.35',
)
[ info ] [ PARAM ] array (
  'uids' => '100131(Bruce)',
  'beannums' => '1',
  'roomnums' => '10000000',
)
[ info ] [ LANG ] E:\PHPTutorial\WWW\fastadmin_revision1\public/../application/admin\lang\zh-cn.php
[ info ] [ BEHAVIOR ] Run app\common\behavior\Common @module_init [ RunTime:0.005001s ]
[ info ] [ SESSION ] INIT array (
  'id' => '',
  'var_session_id' => '',
  'prefix' => 'think',
  'type' => '',
  'auto_start' => true,
)
[ info ] [ DB ] INIT mysql
[ info ] [ DB ] INIT mysql
[ info ] [ RUN ] app\admin\controller\mail\Sendmail->set[ E:\PHPTutorial\WWW\fastadmin_revision1\application\admin\controller\mail\Sendmail.php ]
[ info ] [ BEHAVIOR ] Run app\admin\behavior\AdminLog @app_end [ RunTime:0.074004s ]
[ info ] [ LOG ] INIT File
[ sql ] [ DB ] CONNECT:[ UseTime:0.009000s ] mysql:host=127.0.0.1;dbname=nyqp_gm;charset=utf8
[ sql ] [ SQL ] SHOW COLUMNS FROM `fa_auth_group_access` [ RunTime:0.027002s ]
[ sql ] [ SQL ] SELECT `aga`.`uid`,`aga`.`group_id`,`ag`.`id`,`ag`.`pid`,`ag`.`name`,`ag`.`rules` FROM `fa_auth_group_access` `aga` LEFT JOIN `fa_auth_group` `ag` ON `aga`.`group_id`=`ag`.`id` WHERE  (  aga.uid='1' and ag.status='normal' ) [ RunTime:0.003000s ]
[ sql ] [ SQL ] SHOW COLUMNS FROM `fa_auth_rule` [ RunTime:0.027002s ]
[ sql ] [ SQL ] SELECT `id`,`pid`,`condition`,`icon`,`name`,`title`,`ismenu` FROM `fa_auth_rule` WHERE  `status` = 'normal' [ RunTime:0.021001s ]
[ sql ] [ SQL ] SHOW COLUMNS FROM `fa_admin_log` [ RunTime:0.031001s ]
[ sql ] [ SQL ] INSERT INTO `fa_admin_log` (`title` , `content` , `url` , `admin_id` , `username` , `useragent` , `ip` , `createtime`) VALUES ('邮件管理 发送邮件 发送' , '{\"uids\":\"100131(Bruce)\",\"beannums\":\"1\",\"roomnums\":\"10000000\"}' , '/fastadmin_revision1/public/admin/mail.sendmail/set' , 1 , 'admin' , 'Mozilla/5.0 (Windows NT 6.1; Win64; x64) AppleWebKit/537.36 (KHTML, like Gecko) Chrome/76.0.3809.132 Safari/537.36' , '192.168.1.36' , 1569213098) [ RunTime:0.042003s ]
