---------------------------------------------------------------
[ 2019-08-29T11:02:04+08:00 ] 192.168.1.155 GET /fastadmin_revision1/public/
[ info ] 192.168.1.35/fastadmin_revision1/public/ [运行时间：0.203011s][吞吐率：4.93req/s] [内存消耗：2,190.90kb] [文件加载：66]
[ info ] [ BEHAVIOR ] Run Closure @app_init [ RunTime:0.000000s ]
[ info ] [ CACHE ] INIT File
[ info ] [ BEHAVIOR ] Run Closure @app_init [ RunTime:0.005001s ]
[ info ] [ LANG ] E:\PHPTutorial\WWW\fastadmin_revision1\thinkphp\lang\zh-cn.php
[ info ] [ ROUTE ] array (
  'type' => 'module',
  'module' => 
  array (
    0 => '',
    1 => NULL,
    2 => NULL,
  ),
)
[ info ] [ HEADER ] array (
  'cookie' => 'Hm_lvt_f8d0a8c400404989e195270b0bbf060a=1565259593,1565317120,1566547972',
  'accept-language' => 'zh-CN,zh;q=0.9',
  'accept-encoding' => 'gzip, deflate',
  'accept' => 'text/html,application/xhtml+xml,application/xml;q=0.9,image/webp,image/apng,*/*;q=0.8',
  'user-agent' => 'Mozilla/5.0 (Windows NT 6.1; WOW64) AppleWebKit/537.36 (KHTML, like Gecko) Chrome/70.0.3538.110 Safari/537.36',
  'upgrade-insecure-requests' => '1',
  'purpose' => 'prefetch',
  'connection' => 'close',
  'host' => '192.168.1.35',
)
[ info ] [ PARAM ] array (
)
[ info ] [ LANG ] E:\PHPTutorial\WWW\fastadmin_revision1\public/../application/index\lang\zh-cn.php
[ info ] [ BEHAVIOR ] Run app\common\behavior\Common @module_init [ RunTime:0.004001s ]
[ info ] [ LANG ] E:\PHPTutorial\WWW\fastadmin_revision1\public/../application/index/lang/zh-cn/index.php
[ info ] [ RUN ] app\index\controller\Index->index[ E:\PHPTutorial\WWW\fastadmin_revision1\application\index\controller\Index.php ]
[ info ] [ VIEW ] E:\PHPTutorial\WWW\fastadmin_revision1\public/../application/index\view\index\index.html [ array (
  0 => 'user',
  1 => 'site',
  2 => 'config',
) ]
[ info ] [ LOG ] INIT File
---------------------------------------------------------------
[ 2019-08-29T11:02:06+08:00 ] 192.168.1.155 GET /fastadmin_revision1/public/admin/index/login.html
[ info ] 192.168.1.35/fastadmin_revision1/public/admin/index/login.html [运行时间：0.120006s][吞吐率：8.33req/s] [内存消耗：2,388.43kb] [文件加载：72]
[ info ] [ BEHAVIOR ] Run Closure @app_init [ RunTime:0.000000s ]
[ info ] [ CACHE ] INIT File
[ info ] [ BEHAVIOR ] Run Closure @app_init [ RunTime:0.003000s ]
[ info ] [ LANG ] E:\PHPTutorial\WWW\fastadmin_revision1\thinkphp\lang\zh-cn.php
[ info ] [ ROUTE ] array (
  'type' => 'module',
  'module' => 
  array (
    0 => 'admin',
    1 => 'index',
    2 => 'login',
  ),
)
[ info ] [ HEADER ] array (
  'cookie' => 'thinkphp_show_page_trace=0|0; Hm_lvt_f8d0a8c400404989e195270b0bbf060a=1565259593,1565317120,1566547972,1567047798; Hm_lpvt_f8d0a8c400404989e195270b0bbf060a=1567047798',
  'accept-language' => 'zh-CN,zh;q=0.9',
  'accept-encoding' => 'gzip, deflate',
  'referer' => 'http://192.168.1.35/fastadmin_revision1/public/',
  'accept' => 'text/html,application/xhtml+xml,application/xml;q=0.9,image/webp,image/apng,*/*;q=0.8',
  'user-agent' => 'Mozilla/5.0 (Windows NT 6.1; WOW64) AppleWebKit/537.36 (KHTML, like Gecko) Chrome/70.0.3538.110 Safari/537.36',
  'upgrade-insecure-requests' => '1',
  'connection' => 'close',
  'host' => '192.168.1.35',
)
[ info ] [ PARAM ] array (
)
[ info ] [ LANG ] E:\PHPTutorial\WWW\fastadmin_revision1\public/../application/admin\lang\zh-cn.php
[ info ] [ BEHAVIOR ] Run app\common\behavior\Common @module_init [ RunTime:0.002001s ]
[ info ] [ SESSION ] INIT array (
  'id' => '',
  'var_session_id' => '',
  'prefix' => 'think',
  'type' => '',
  'auto_start' => true,
)
[ info ] [ LANG ] E:\PHPTutorial\WWW\fastadmin_revision1\public/../application/admin/lang/zh-cn/index.php
[ info ] [ RUN ] app\admin\controller\Index->login[ E:\PHPTutorial\WWW\fastadmin_revision1\application\admin\controller\Index.php ]
[ info ] [ VIEW ] E:\PHPTutorial\WWW\fastadmin_revision1\public/../application/admin\view\index\login.html [ array (
  0 => 'breadcrumb',
  1 => 'site',
  2 => 'config',
  3 => 'auth',
  4 => 'admin',
  5 => 'background',
  6 => 'title',
) ]
[ info ] [ BEHAVIOR ] Run app\admin\behavior\AdminLog @app_end [ RunTime:0.001000s ]
[ info ] [ LOG ] INIT File
---------------------------------------------------------------
[ 2019-08-29T11:02:09+08:00 ] 192.168.1.155 POST /fastadmin_revision1/public/admin/index/login.html
[ info ] 192.168.1.35/fastadmin_revision1/public/admin/index/login.html [运行时间：0.466026s][吞吐率：2.15req/s] [内存消耗：3,020.52kb] [文件加载：80]
[ info ] [ BEHAVIOR ] Run Closure @app_init [ RunTime:0.000000s ]
[ info ] [ CACHE ] INIT File
[ info ] [ BEHAVIOR ] Run Closure @app_init [ RunTime:0.003000s ]
[ info ] [ LANG ] E:\PHPTutorial\WWW\fastadmin_revision1\thinkphp\lang\zh-cn.php
[ info ] [ ROUTE ] array (
  'type' => 'module',
  'module' => 
  array (
    0 => 'admin',
    1 => 'index',
    2 => 'login',
  ),
)
[ info ] [ HEADER ] array (
  'cookie' => 'thinkphp_show_page_trace=0|0; thinkphp_show_page_trace=0|0; Hm_lvt_f8d0a8c400404989e195270b0bbf060a=1565259593,1565317120,1566547972,1567047798; Hm_lpvt_f8d0a8c400404989e195270b0bbf060a=1567047798; PHPSESSID=n2bk9um48hmrk6c1ekth6u4rfo',
  'accept-language' => 'zh-CN,zh;q=0.9',
  'accept-encoding' => 'gzip, deflate',
  'referer' => 'http://192.168.1.35/fastadmin_revision1/public/admin/index/login.html',
  'accept' => 'text/html,application/xhtml+xml,application/xml;q=0.9,image/webp,image/apng,*/*;q=0.8',
  'user-agent' => 'Mozilla/5.0 (Windows NT 6.1; WOW64) AppleWebKit/537.36 (KHTML, like Gecko) Chrome/70.0.3538.110 Safari/537.36',
  'content-type' => 'application/x-www-form-urlencoded',
  'upgrade-insecure-requests' => '1',
  'origin' => 'http://192.168.1.35',
  'cache-control' => 'max-age=0',
  'content-length' => '78',
  'connection' => 'close',
  'host' => '192.168.1.35',
)
[ info ] [ PARAM ] array (
  '__token__' => 'ac548d42d6e5f0194fa24e4a1b093d64',
  'username' => 'lishilin',
  'password' => 'lishilin',
)
[ info ] [ LANG ] E:\PHPTutorial\WWW\fastadmin_revision1\public/../application/admin\lang\zh-cn.php
[ info ] [ BEHAVIOR ] Run app\common\behavior\Common @module_init [ RunTime:0.002000s ]
[ info ] [ SESSION ] INIT array (
  'id' => '',
  'var_session_id' => '',
  'prefix' => 'think',
  'type' => '',
  'auto_start' => true,
)
[ info ] [ LANG ] E:\PHPTutorial\WWW\fastadmin_revision1\public/../application/admin/lang/zh-cn/index.php
[ info ] [ RUN ] app\admin\controller\Index->login[ E:\PHPTutorial\WWW\fastadmin_revision1\application\admin\controller\Index.php ]
[ info ] [ DB ] INIT mysql
[ info ] [ VIEW ] E:\PHPTutorial\WWW\fastadmin_revision1\public/../application/common\view\tpl\dispatch_jump.tpl [ array (
  0 => 'breadcrumb',
  1 => 'site',
  2 => 'config',
  3 => 'auth',
  4 => 'admin',
  5 => 'code',
  6 => 'msg',
  7 => 'data',
  8 => 'url',
  9 => 'wait',
) ]
[ info ] [ BEHAVIOR ] Run app\admin\behavior\AdminLog @app_end [ RunTime:0.102006s ]
[ info ] [ LOG ] INIT File
[ sql ] [ DB ] CONNECT:[ UseTime:0.118007s ] mysql:host=127.0.0.1;dbname=nyqp_gm;charset=utf8
[ sql ] [ SQL ] SHOW COLUMNS FROM `fa_admin` [ RunTime:0.055003s ]
[ sql ] [ SQL ] SELECT * FROM `fa_admin` WHERE  `username` = 'lishilin' LIMIT 1 [ RunTime:0.004000s ]
[ sql ] [ SQL ] UPDATE `fa_admin`  SET `logintime`=1567047728,`token`='07b4b88b-91cc-4f38-bbb6-d887ea16d28c',`updatetime`=1567047728  WHERE  `id` = 9 [ RunTime:0.035002s ]
[ sql ] [ SQL ] SHOW COLUMNS FROM `fa_admin_log` [ RunTime:0.072004s ]
[ sql ] [ SQL ] INSERT INTO `fa_admin_log` (`title` , `content` , `url` , `admin_id` , `username` , `useragent` , `ip` , `createtime`) VALUES ('登录' , '{\"__token__\":\"ac548d42d6e5f0194fa24e4a1b093d64\",\"username\":\"lishilin\"}' , '/fastadmin_revision1/public/admin/index/login.html' , 9 , 'lishilin' , 'Mozilla/5.0 (Windows NT 6.1; WOW64) AppleWebKit/537.36 (KHTML, like Gecko) Chrome/70.0.3538.110 Safari/537.36' , '192.168.1.155' , 1567047729) [ RunTime:0.029002s ]
---------------------------------------------------------------
[ 2019-08-29T11:02:12+08:00 ] 192.168.1.155 GET /fastadmin_revision1/public/admin/index/index
[ info ] 192.168.1.35/fastadmin_revision1/public/admin/index/index [运行时间：0.285016s][吞吐率：3.51req/s] [内存消耗：3,414.04kb] [文件加载：90]
[ info ] [ BEHAVIOR ] Run Closure @app_init [ RunTime:0.000000s ]
[ info ] [ CACHE ] INIT File
[ info ] [ BEHAVIOR ] Run Closure @app_init [ RunTime:0.003000s ]
[ info ] [ LANG ] E:\PHPTutorial\WWW\fastadmin_revision1\thinkphp\lang\zh-cn.php
[ info ] [ ROUTE ] array (
  'type' => 'module',
  'module' => 
  array (
    0 => 'admin',
    1 => 'index',
    2 => 'index',
  ),
)
[ info ] [ HEADER ] array (
  'cookie' => 'thinkphp_show_page_trace=0|0; thinkphp_show_page_trace=0|0; Hm_lvt_f8d0a8c400404989e195270b0bbf060a=1565259593,1565317120,1566547972,1567047798; Hm_lpvt_f8d0a8c400404989e195270b0bbf060a=1567047798; PHPSESSID=n2bk9um48hmrk6c1ekth6u4rfo',
  'accept-language' => 'zh-CN,zh;q=0.9',
  'accept-encoding' => 'gzip, deflate',
  'referer' => 'http://192.168.1.35/fastadmin_revision1/public/admin/index/login.html',
  'accept' => 'text/html,application/xhtml+xml,application/xml;q=0.9,image/webp,image/apng,*/*;q=0.8',
  'user-agent' => 'Mozilla/5.0 (Windows NT 6.1; WOW64) AppleWebKit/537.36 (KHTML, like Gecko) Chrome/70.0.3538.110 Safari/537.36',
  'upgrade-insecure-requests' => '1',
  'connection' => 'close',
  'host' => '192.168.1.35',
)
[ info ] [ PARAM ] array (
)
[ info ] [ LANG ] E:\PHPTutorial\WWW\fastadmin_revision1\public/../application/admin\lang\zh-cn.php
[ info ] [ BEHAVIOR ] Run app\common\behavior\Common @module_init [ RunTime:0.003000s ]
[ info ] [ SESSION ] INIT array (
  'id' => '',
  'var_session_id' => '',
  'prefix' => 'think',
  'type' => '',
  'auto_start' => true,
)
[ info ] [ LANG ] E:\PHPTutorial\WWW\fastadmin_revision1\public/../application/admin/lang/zh-cn/index.php
[ info ] [ RUN ] app\admin\controller\Index->index[ E:\PHPTutorial\WWW\fastadmin_revision1\application\admin\controller\Index.php ]
[ info ] [ DB ] INIT mysql
[ info ] [ VIEW ] E:\PHPTutorial\WWW\fastadmin_revision1\public/../application/admin\view\index\index.html [ array (
  0 => 'breadcrumb',
  1 => 'site',
  2 => 'config',
  3 => 'auth',
  4 => 'admin',
  5 => 'menulist',
  6 => 'navlist',
  7 => 'fixedmenu',
  8 => 'referermenu',
  9 => 'title',
) ]
[ info ] [ BEHAVIOR ] Run app\admin\behavior\AdminLog @app_end [ RunTime:0.000000s ]
[ info ] [ LOG ] INIT File
[ sql ] [ DB ] CONNECT:[ UseTime:0.007000s ] mysql:host=127.0.0.1;dbname=nyqp_gm;charset=utf8
[ sql ] [ SQL ] SHOW COLUMNS FROM `fa_auth_group_access` [ RunTime:0.019001s ]
[ sql ] [ SQL ] SELECT `aga`.`uid`,`aga`.`group_id`,`ag`.`id`,`ag`.`pid`,`ag`.`name`,`ag`.`rules` FROM `fa_auth_group_access` `aga` LEFT JOIN `fa_auth_group` `ag` ON `aga`.`group_id`=`ag`.`id` WHERE  (  aga.uid='9' and ag.status='normal' ) [ RunTime:0.004000s ]
[ sql ] [ SQL ] SHOW COLUMNS FROM `fa_auth_rule` [ RunTime:0.019002s ]
[ sql ] [ SQL ] SELECT `id`,`pid`,`condition`,`icon`,`name`,`title`,`ismenu` FROM `fa_auth_rule` WHERE  `status` = 'normal'  AND `id` IN (1,8,9,10,11,13,14,15,16,17,29,30,31,32,33,34,40,41,42,43,44,45,46,47,48,49,50,86,87,89,90,91,92,93,94,95,98,99,101,103,104,105,121,122,124,129,130,131,132,133,134,135,150,151,152,153,154,155,160,163,164,165,166,167,168,169,170,171,172,173,174,175,176,177,178,179,180,181,182,183,184,185,186,187,188,189,190,191,192,213,214,215,216,217,218,219,220,221,222,2,5,85,88,100,102,120,123,128,159) [ RunTime:0.013000s ]
---------------------------------------------------------------
[ 2019-08-29T11:02:13+08:00 ] 192.168.1.155 GET /fastadmin_revision1/public/admin/index/index
[ info ] 192.168.1.35/fastadmin_revision1/public/admin/index/index [运行时间：0.264015s][吞吐率：3.79req/s] [内存消耗：3,414.04kb] [文件加载：90]
[ info ] [ BEHAVIOR ] Run Closure @app_init [ RunTime:0.000000s ]
[ info ] [ CACHE ] INIT File
[ info ] [ BEHAVIOR ] Run Closure @app_init [ RunTime:0.003000s ]
[ info ] [ LANG ] E:\PHPTutorial\WWW\fastadmin_revision1\thinkphp\lang\zh-cn.php
[ info ] [ ROUTE ] array (
  'type' => 'module',
  'module' => 
  array (
    0 => 'admin',
    1 => 'index',
    2 => 'index',
  ),
)
[ info ] [ HEADER ] array (
  'cookie' => 'thinkphp_show_page_trace=0|0; thinkphp_show_page_trace=0|0; Hm_lvt_f8d0a8c400404989e195270b0bbf060a=1565259593,1565317120,1566547972,1567047798; Hm_lpvt_f8d0a8c400404989e195270b0bbf060a=1567047798; PHPSESSID=n2bk9um48hmrk6c1ekth6u4rfo',
  'accept-language' => 'zh-CN,zh;q=0.9',
  'accept-encoding' => 'gzip, deflate',
  'referer' => 'http://192.168.1.35/fastadmin_revision1/public/admin/index/login.html',
  'accept' => 'text/html,application/xhtml+xml,application/xml;q=0.9,image/webp,image/apng,*/*;q=0.8',
  'user-agent' => 'Mozilla/5.0 (Windows NT 6.1; WOW64) AppleWebKit/537.36 (KHTML, like Gecko) Chrome/70.0.3538.110 Safari/537.36',
  'upgrade-insecure-requests' => '1',
  'connection' => 'close',
  'host' => '192.168.1.35',
)
[ info ] [ PARAM ] array (
)
[ info ] [ LANG ] E:\PHPTutorial\WWW\fastadmin_revision1\public/../application/admin\lang\zh-cn.php
[ info ] [ BEHAVIOR ] Run app\common\behavior\Common @module_init [ RunTime:0.003000s ]
[ info ] [ SESSION ] INIT array (
  'id' => '',
  'var_session_id' => '',
  'prefix' => 'think',
  'type' => '',
  'auto_start' => true,
)
[ info ] [ LANG ] E:\PHPTutorial\WWW\fastadmin_revision1\public/../application/admin/lang/zh-cn/index.php
[ info ] [ RUN ] app\admin\controller\Index->index[ E:\PHPTutorial\WWW\fastadmin_revision1\application\admin\controller\Index.php ]
[ info ] [ DB ] INIT mysql
[ info ] [ VIEW ] E:\PHPTutorial\WWW\fastadmin_revision1\public/../application/admin\view\index\index.html [ array (
  0 => 'breadcrumb',
  1 => 'site',
  2 => 'config',
  3 => 'auth',
  4 => 'admin',
  5 => 'menulist',
  6 => 'navlist',
  7 => 'fixedmenu',
  8 => 'referermenu',
  9 => 'title',
) ]
[ info ] [ BEHAVIOR ] Run app\admin\behavior\AdminLog @app_end [ RunTime:0.001000s ]
[ info ] [ LOG ] INIT File
[ sql ] [ DB ] CONNECT:[ UseTime:0.007000s ] mysql:host=127.0.0.1;dbname=nyqp_gm;charset=utf8
[ sql ] [ SQL ] SHOW COLUMNS FROM `fa_auth_group_access` [ RunTime:0.017001s ]
[ sql ] [ SQL ] SELECT `aga`.`uid`,`aga`.`group_id`,`ag`.`id`,`ag`.`pid`,`ag`.`name`,`ag`.`rules` FROM `fa_auth_group_access` `aga` LEFT JOIN `fa_auth_group` `ag` ON `aga`.`group_id`=`ag`.`id` WHERE  (  aga.uid='9' and ag.status='normal' ) [ RunTime:0.003000s ]
[ sql ] [ SQL ] SHOW COLUMNS FROM `fa_auth_rule` [ RunTime:0.017001s ]
[ sql ] [ SQL ] SELECT `id`,`pid`,`condition`,`icon`,`name`,`title`,`ismenu` FROM `fa_auth_rule` WHERE  `status` = 'normal'  AND `id` IN (1,8,9,10,11,13,14,15,16,17,29,30,31,32,33,34,40,41,42,43,44,45,46,47,48,49,50,86,87,89,90,91,92,93,94,95,98,99,101,103,104,105,121,122,124,129,130,131,132,133,134,135,150,151,152,153,154,155,160,163,164,165,166,167,168,169,170,171,172,173,174,175,176,177,178,179,180,181,182,183,184,185,186,187,188,189,190,191,192,213,214,215,216,217,218,219,220,221,222,2,5,85,88,100,102,120,123,128,159) [ RunTime:0.012001s ]
---------------------------------------------------------------
[ 2019-08-29T11:02:14+08:00 ] 192.168.1.155 GET /fastadmin_revision1/public/admin/dashboard?addtabs=1
[ info ] 192.168.1.35/fastadmin_revision1/public/admin/dashboard?addtabs=1 [运行时间：0.194011s][吞吐率：5.15req/s] [内存消耗：3,176.47kb] [文件加载：80]
[ info ] [ BEHAVIOR ] Run Closure @app_init [ RunTime:0.000000s ]
[ info ] [ CACHE ] INIT File
[ info ] [ BEHAVIOR ] Run Closure @app_init [ RunTime:0.005000s ]
[ info ] [ LANG ] E:\PHPTutorial\WWW\fastadmin_revision1\thinkphp\lang\zh-cn.php
[ info ] [ ROUTE ] array (
  'type' => 'module',
  'module' => 
  array (
    0 => 'admin',
    1 => 'dashboard',
    2 => NULL,
  ),
)
[ info ] [ HEADER ] array (
  'cookie' => 'thinkphp_show_page_trace=0|0; Hm_lvt_f8d0a8c400404989e195270b0bbf060a=1565259593,1565317120,1566547972,1567047798; Hm_lpvt_f8d0a8c400404989e195270b0bbf060a=1567047798; PHPSESSID=n2bk9um48hmrk6c1ekth6u4rfo',
  'accept-language' => 'zh-CN,zh;q=0.9',
  'accept-encoding' => 'gzip, deflate',
  'referer' => 'http://192.168.1.35/fastadmin_revision1/public/admin/index/index',
  'accept' => 'text/html,application/xhtml+xml,application/xml;q=0.9,image/webp,image/apng,*/*;q=0.8',
  'user-agent' => 'Mozilla/5.0 (Windows NT 6.1; WOW64) AppleWebKit/537.36 (KHTML, like Gecko) Chrome/70.0.3538.110 Safari/537.36',
  'upgrade-insecure-requests' => '1',
  'connection' => 'close',
  'host' => '192.168.1.35',
)
[ info ] [ PARAM ] array (
  'addtabs' => '1',
)
[ info ] [ LANG ] E:\PHPTutorial\WWW\fastadmin_revision1\public/../application/admin\lang\zh-cn.php
[ info ] [ BEHAVIOR ] Run app\common\behavior\Common @module_init [ RunTime:0.004000s ]
[ info ] [ SESSION ] INIT array (
  'id' => '',
  'var_session_id' => '',
  'prefix' => 'think',
  'type' => '',
  'auto_start' => true,
)
[ info ] [ DB ] INIT mysql
[ info ] [ LANG ] E:\PHPTutorial\WWW\fastadmin_revision1\public/../application/admin/lang/zh-cn/dashboard.php
[ info ] [ RUN ] app\admin\controller\Dashboard->index[ E:\PHPTutorial\WWW\fastadmin_revision1\application\admin\controller\Dashboard.php ]
[ info ] [ VIEW ] E:\PHPTutorial\WWW\fastadmin_revision1\public/../application/admin\view\dashboard\index.html [ array (
  0 => 'breadcrumb',
  1 => 'site',
  2 => 'config',
  3 => 'auth',
  4 => 'admin',
  5 => 'totaluser',
  6 => 'totalviews',
  7 => 'totalorder',
  8 => 'totalorderamount',
  9 => 'todayuserlogin',
  10 => 'todayusersignup',
  11 => 'todayorder',
  12 => 'unsettleorder',
  13 => 'sevendnu',
  14 => 'sevendau',
  15 => 'paylist',
  16 => 'createlist',
  17 => 'addonversion',
  18 => 'uploadmode',
) ]
[ info ] [ BEHAVIOR ] Run app\admin\behavior\AdminLog @app_end [ RunTime:0.001000s ]
[ info ] [ LOG ] INIT File
[ sql ] [ DB ] CONNECT:[ UseTime:0.006000s ] mysql:host=127.0.0.1;dbname=nyqp_gm;charset=utf8
[ sql ] [ SQL ] SHOW COLUMNS FROM `fa_auth_group_access` [ RunTime:0.016001s ]
[ sql ] [ SQL ] SELECT `aga`.`uid`,`aga`.`group_id`,`ag`.`id`,`ag`.`pid`,`ag`.`name`,`ag`.`rules` FROM `fa_auth_group_access` `aga` LEFT JOIN `fa_auth_group` `ag` ON `aga`.`group_id`=`ag`.`id` WHERE  (  aga.uid='9' and ag.status='normal' ) [ RunTime:0.002000s ]
[ sql ] [ SQL ] SHOW COLUMNS FROM `fa_auth_rule` [ RunTime:0.017001s ]
[ sql ] [ SQL ] SELECT `id`,`pid`,`condition`,`icon`,`name`,`title`,`ismenu` FROM `fa_auth_rule` WHERE  `status` = 'normal'  AND `id` IN (1,8,9,10,11,13,14,15,16,17,29,30,31,32,33,34,40,41,42,43,44,45,46,47,48,49,50,86,87,89,90,91,92,93,94,95,98,99,101,103,104,105,121,122,124,129,130,131,132,133,134,135,150,151,152,153,154,155,160,163,164,165,166,167,168,169,170,171,172,173,174,175,176,177,178,179,180,181,182,183,184,185,186,187,188,189,190,191,192,213,214,215,216,217,218,219,220,221,222,2,5,85,88,100,102,120,123,128,159) [ RunTime:0.012001s ]
---------------------------------------------------------------
[ 2019-08-29T11:02:15+08:00 ] 192.168.1.155 GET /fastadmin_revision1/public/admin/ajax/lang?callback=define&controllername=index&v=1567047733
[ info ] 192.168.1.35/fastadmin_revision1/public/admin/ajax/lang?callback=define&controllername=index&v=1567047733 [运行时间：0.085005s][吞吐率：11.76req/s] [内存消耗：2,344.48kb] [文件加载：70]
[ info ] [ BEHAVIOR ] Run Closure @app_init [ RunTime:0.000000s ]
[ info ] [ CACHE ] INIT File
[ info ] [ BEHAVIOR ] Run Closure @app_init [ RunTime:0.003000s ]
[ info ] [ LANG ] E:\PHPTutorial\WWW\fastadmin_revision1\thinkphp\lang\zh-cn.php
[ info ] [ ROUTE ] array (
  'type' => 'module',
  'module' => 
  array (
    0 => 'admin',
    1 => 'ajax',
    2 => 'lang',
  ),
)
[ info ] [ HEADER ] array (
  'cookie' => 'thinkphp_show_page_trace=0|0; thinkphp_show_page_trace=0|0; Hm_lvt_f8d0a8c400404989e195270b0bbf060a=1565259593,1565317120,1566547972,1567047798; Hm_lpvt_f8d0a8c400404989e195270b0bbf060a=1567047798; PHPSESSID=n2bk9um48hmrk6c1ekth6u4rfo',
  'accept-language' => 'zh-CN,zh;q=0.9',
  'accept-encoding' => 'gzip, deflate',
  'referer' => 'http://192.168.1.35/fastadmin_revision1/public/admin/index/index',
  'accept' => '*/*',
  'user-agent' => 'Mozilla/5.0 (Windows NT 6.1; WOW64) AppleWebKit/537.36 (KHTML, like Gecko) Chrome/70.0.3538.110 Safari/537.36',
  'connection' => 'close',
  'host' => '192.168.1.35',
)
[ info ] [ PARAM ] array (
  'callback' => 'define',
  'controllername' => 'index',
  'v' => '1567047733',
)
[ info ] [ LANG ] E:\PHPTutorial\WWW\fastadmin_revision1\public/../application/admin\lang\zh-cn.php
[ info ] [ BEHAVIOR ] Run app\common\behavior\Common @module_init [ RunTime:0.002000s ]
[ info ] [ SESSION ] INIT array (
  'id' => '',
  'var_session_id' => '',
  'prefix' => 'think',
  'type' => '',
  'auto_start' => true,
)
[ info ] [ LANG ] E:\PHPTutorial\WWW\fastadmin_revision1\public/../application/admin/lang/zh-cn/ajax.php
[ info ] [ RUN ] app\admin\controller\Ajax->lang[ E:\PHPTutorial\WWW\fastadmin_revision1\application\admin\controller\Ajax.php ]
[ info ] [ LANG ] E:\PHPTutorial\WWW\fastadmin_revision1\public/../application/admin/lang/zh-cn/index.php
[ info ] [ BEHAVIOR ] Run app\admin\behavior\AdminLog @app_end [ RunTime:0.000000s ]
[ info ] [ LOG ] INIT File
---------------------------------------------------------------
[ 2019-08-29T11:02:15+08:00 ] 192.168.1.155 GET /fastadmin_revision1/public/admin/ajax/lang?callback=define&controllername=dashboard&v=1567047734
[ info ] 192.168.1.35/fastadmin_revision1/public/admin/ajax/lang?callback=define&controllername=dashboard&v=1567047734 [运行时间：0.068003s][吞吐率：14.71req/s] [内存消耗：2,342.94kb] [文件加载：70]
[ info ] [ BEHAVIOR ] Run Closure @app_init [ RunTime:0.001000s ]
[ info ] [ CACHE ] INIT File
[ info ] [ BEHAVIOR ] Run Closure @app_init [ RunTime:0.003001s ]
[ info ] [ LANG ] E:\PHPTutorial\WWW\fastadmin_revision1\thinkphp\lang\zh-cn.php
[ info ] [ ROUTE ] array (
  'type' => 'module',
  'module' => 
  array (
    0 => 'admin',
    1 => 'ajax',
    2 => 'lang',
  ),
)
[ info ] [ HEADER ] array (
  'cookie' => 'thinkphp_show_page_trace=0|0; thinkphp_show_page_trace=0|0; Hm_lvt_f8d0a8c400404989e195270b0bbf060a=1565259593,1565317120,1566547972,1567047798; Hm_lpvt_f8d0a8c400404989e195270b0bbf060a=1567047798; PHPSESSID=n2bk9um48hmrk6c1ekth6u4rfo',
  'accept-language' => 'zh-CN,zh;q=0.9',
  'accept-encoding' => 'gzip, deflate',
  'referer' => 'http://192.168.1.35/fastadmin_revision1/public/admin/dashboard?addtabs=1',
  'accept' => '*/*',
  'user-agent' => 'Mozilla/5.0 (Windows NT 6.1; WOW64) AppleWebKit/537.36 (KHTML, like Gecko) Chrome/70.0.3538.110 Safari/537.36',
  'connection' => 'close',
  'host' => '192.168.1.35',
)
[ info ] [ PARAM ] array (
  'callback' => 'define',
  'controllername' => 'dashboard',
  'v' => '1567047734',
)
[ info ] [ LANG ] E:\PHPTutorial\WWW\fastadmin_revision1\public/../application/admin\lang\zh-cn.php
[ info ] [ BEHAVIOR ] Run app\common\behavior\Common @module_init [ RunTime:0.003000s ]
[ info ] [ SESSION ] INIT array (
  'id' => '',
  'var_session_id' => '',
  'prefix' => 'think',
  'type' => '',
  'auto_start' => true,
)
[ info ] [ LANG ] E:\PHPTutorial\WWW\fastadmin_revision1\public/../application/admin/lang/zh-cn/ajax.php
[ info ] [ RUN ] app\admin\controller\Ajax->lang[ E:\PHPTutorial\WWW\fastadmin_revision1\application\admin\controller\Ajax.php ]
[ info ] [ LANG ] E:\PHPTutorial\WWW\fastadmin_revision1\public/../application/admin/lang/zh-cn/dashboard.php
[ info ] [ BEHAVIOR ] Run app\admin\behavior\AdminLog @app_end [ RunTime:0.000000s ]
[ info ] [ LOG ] INIT File
---------------------------------------------------------------
[ 2019-08-29T11:02:21+08:00 ] 192.168.1.155 GET /fastadmin_revision1/public/admin/mail/sendmail?addtabs=1
[ info ] 192.168.1.35/fastadmin_revision1/public/admin/mail/sendmail?addtabs=1 [运行时间：0.277016s][吞吐率：3.61req/s] [内存消耗：3,366.66kb] [文件加载：79]
[ info ] [ BEHAVIOR ] Run Closure @app_init [ RunTime:0.000000s ]
[ info ] [ CACHE ] INIT File
[ info ] [ BEHAVIOR ] Run Closure @app_init [ RunTime:0.003001s ]
[ info ] [ LANG ] E:\PHPTutorial\WWW\fastadmin_revision1\thinkphp\lang\zh-cn.php
[ info ] [ ROUTE ] array (
  'type' => 'module',
  'module' => 
  array (
    0 => 'admin',
    1 => 'mail.sendmail',
    2 => NULL,
  ),
)
[ info ] [ HEADER ] array (
  'cookie' => 'thinkphp_show_page_trace=0|0; thinkphp_show_page_trace=0|0; Hm_lvt_f8d0a8c400404989e195270b0bbf060a=1565259593,1565317120,1566547972,1567047798; Hm_lpvt_f8d0a8c400404989e195270b0bbf060a=1567047798; PHPSESSID=n2bk9um48hmrk6c1ekth6u4rfo',
  'accept-language' => 'zh-CN,zh;q=0.9',
  'accept-encoding' => 'gzip, deflate',
  'referer' => 'http://192.168.1.35/fastadmin_revision1/public/admin/mail/sendmail?ref=addtabs',
  'accept' => 'text/html,application/xhtml+xml,application/xml;q=0.9,image/webp,image/apng,*/*;q=0.8',
  'user-agent' => 'Mozilla/5.0 (Windows NT 6.1; WOW64) AppleWebKit/537.36 (KHTML, like Gecko) Chrome/70.0.3538.110 Safari/537.36',
  'upgrade-insecure-requests' => '1',
  'connection' => 'close',
  'host' => '192.168.1.35',
)
[ info ] [ PARAM ] array (
  'addtabs' => '1',
)
[ info ] [ LANG ] E:\PHPTutorial\WWW\fastadmin_revision1\public/../application/admin\lang\zh-cn.php
[ info ] [ BEHAVIOR ] Run app\common\behavior\Common @module_init [ RunTime:0.003000s ]
[ info ] [ SESSION ] INIT array (
  'id' => '',
  'var_session_id' => '',
  'prefix' => 'think',
  'type' => '',
  'auto_start' => true,
)
[ info ] [ DB ] INIT mysql
[ info ] [ DB ] INIT mysql
[ info ] [ RUN ] app\admin\controller\mail\Sendmail->index[ E:\PHPTutorial\WWW\fastadmin_revision1\application\admin\controller\mail\Sendmail.php ]
[ info ] [ VIEW ] E:\PHPTutorial\WWW\fastadmin_revision1\public/../application/admin\view\mail\sendmail\index.html [ array (
  0 => 'breadcrumb',
  1 => 'site',
  2 => 'config',
  3 => 'auth',
  4 => 'admin',
  5 => 'list',
) ]
[ info ] [ BEHAVIOR ] Run app\admin\behavior\AdminLog @app_end [ RunTime:0.001001s ]
[ info ] [ LOG ] INIT File
[ sql ] [ DB ] CONNECT:[ UseTime:0.006000s ] mysql:host=127.0.0.1;dbname=nyqp_gm;charset=utf8
[ sql ] [ SQL ] SHOW COLUMNS FROM `fa_auth_group_access` [ RunTime:0.025002s ]
[ sql ] [ SQL ] SELECT `aga`.`uid`,`aga`.`group_id`,`ag`.`id`,`ag`.`pid`,`ag`.`name`,`ag`.`rules` FROM `fa_auth_group_access` `aga` LEFT JOIN `fa_auth_group` `ag` ON `aga`.`group_id`=`ag`.`id` WHERE  (  aga.uid='9' and ag.status='normal' ) [ RunTime:0.002000s ]
[ sql ] [ SQL ] SHOW COLUMNS FROM `fa_auth_rule` [ RunTime:0.016001s ]
[ sql ] [ SQL ] SELECT `id`,`pid`,`condition`,`icon`,`name`,`title`,`ismenu` FROM `fa_auth_rule` WHERE  `status` = 'normal'  AND `id` IN (1,8,9,10,11,13,14,15,16,17,29,30,31,32,33,34,40,41,42,43,44,45,46,47,48,49,50,86,87,89,90,91,92,93,94,95,98,99,101,103,104,105,121,122,124,129,130,131,132,133,134,135,150,151,152,153,154,155,160,163,164,165,166,167,168,169,170,171,172,173,174,175,176,177,178,179,180,181,182,183,184,185,186,187,188,189,190,191,192,213,214,215,216,217,218,219,220,221,222,2,5,85,88,100,102,120,123,128,159) [ RunTime:0.011000s ]
---------------------------------------------------------------
[ 2019-08-29T11:02:22+08:00 ] 192.168.1.155 GET /fastadmin_revision1/public/admin/ajax/lang?callback=define&controllername=mail.sendmail&v=1567047741
[ info ] 192.168.1.35/fastadmin_revision1/public/admin/ajax/lang?callback=define&controllername=mail.sendmail&v=1567047741 [运行时间：0.070004s][吞吐率：14.28req/s] [内存消耗：2,340.19kb] [文件加载：69]
[ info ] [ BEHAVIOR ] Run Closure @app_init [ RunTime:0.000000s ]
[ info ] [ CACHE ] INIT File
[ info ] [ BEHAVIOR ] Run Closure @app_init [ RunTime:0.003001s ]
[ info ] [ LANG ] E:\PHPTutorial\WWW\fastadmin_revision1\thinkphp\lang\zh-cn.php
[ info ] [ ROUTE ] array (
  'type' => 'module',
  'module' => 
  array (
    0 => 'admin',
    1 => 'ajax',
    2 => 'lang',
  ),
)
[ info ] [ HEADER ] array (
  'cookie' => 'thinkphp_show_page_trace=0|0; thinkphp_show_page_trace=0|0; Hm_lvt_f8d0a8c400404989e195270b0bbf060a=1565259593,1565317120,1566547972,1567047798; Hm_lpvt_f8d0a8c400404989e195270b0bbf060a=1567047798; PHPSESSID=n2bk9um48hmrk6c1ekth6u4rfo',
  'accept-language' => 'zh-CN,zh;q=0.9',
  'accept-encoding' => 'gzip, deflate',
  'referer' => 'http://192.168.1.35/fastadmin_revision1/public/admin/mail/sendmail?addtabs=1',
  'accept' => '*/*',
  'user-agent' => 'Mozilla/5.0 (Windows NT 6.1; WOW64) AppleWebKit/537.36 (KHTML, like Gecko) Chrome/70.0.3538.110 Safari/537.36',
  'connection' => 'close',
  'host' => '192.168.1.35',
)
[ info ] [ PARAM ] array (
  'callback' => 'define',
  'controllername' => 'mail.sendmail',
  'v' => '1567047741',
)
[ info ] [ LANG ] E:\PHPTutorial\WWW\fastadmin_revision1\public/../application/admin\lang\zh-cn.php
[ info ] [ BEHAVIOR ] Run app\common\behavior\Common @module_init [ RunTime:0.003000s ]
[ info ] [ SESSION ] INIT array (
  'id' => '',
  'var_session_id' => '',
  'prefix' => 'think',
  'type' => '',
  'auto_start' => true,
)
[ info ] [ LANG ] E:\PHPTutorial\WWW\fastadmin_revision1\public/../application/admin/lang/zh-cn/ajax.php
[ info ] [ RUN ] app\admin\controller\Ajax->lang[ E:\PHPTutorial\WWW\fastadmin_revision1\application\admin\controller\Ajax.php ]
[ info ] [ BEHAVIOR ] Run app\admin\behavior\AdminLog @app_end [ RunTime:0.001000s ]
[ info ] [ LOG ] INIT File
---------------------------------------------------------------
[ 2019-08-29T11:02:22+08:00 ] 192.168.1.155 GET /fastadmin_revision1/public/assets/js/backend/mail/sendmail.js?v=1567047741
[ info ] 192.168.1.35/fastadmin_revision1/public/assets/js/backend/mail/sendmail.js?v=1567047741 [运行时间：0.064004s][吞吐率：15.62req/s] [内存消耗：1,419.55kb] [文件加载：51]
[ info ] [ BEHAVIOR ] Run Closure @app_init [ RunTime:0.000000s ]
[ info ] [ CACHE ] INIT File
[ info ] [ BEHAVIOR ] Run Closure @app_init [ RunTime:0.003001s ]
[ info ] [ LANG ] E:\PHPTutorial\WWW\fastadmin_revision1\thinkphp\lang\zh-cn.php
[ info ] [ ROUTE ] array (
  'type' => 'module',
  'module' => 
  array (
    0 => 'assets',
    1 => 'js',
    2 => 'backend',
  ),
)
[ info ] [ HEADER ] array (
  'cookie' => 'thinkphp_show_page_trace=0|0; Hm_lvt_f8d0a8c400404989e195270b0bbf060a=1565259593,1565317120,1566547972,1567047798; Hm_lpvt_f8d0a8c400404989e195270b0bbf060a=1567047798; PHPSESSID=n2bk9um48hmrk6c1ekth6u4rfo',
  'accept-language' => 'zh-CN,zh;q=0.9',
  'accept-encoding' => 'gzip, deflate',
  'referer' => 'http://192.168.1.35/fastadmin_revision1/public/admin/mail/sendmail?addtabs=1',
  'accept' => '*/*',
  'user-agent' => 'Mozilla/5.0 (Windows NT 6.1; WOW64) AppleWebKit/537.36 (KHTML, like Gecko) Chrome/70.0.3538.110 Safari/537.36',
  'connection' => 'close',
  'host' => '192.168.1.35',
)
[ info ] [ PARAM ] array (
  'v' => '1567047741',
  'mail' => 'sendmail.js',
)
[ info ] [ LOG ] INIT File
---------------------------------------------------------------
[ 2019-08-29T11:02:26+08:00 ] 192.168.1.155 GET /fastadmin_revision1/public//fonts/glyphicons-halflings-regular.woff
[ info ] 192.168.1.35/fastadmin_revision1/public//fonts/glyphicons-halflings-regular.woff [运行时间：0.069004s][吞吐率：14.49req/s] [内存消耗：1,419.32kb] [文件加载：51]
[ info ] [ BEHAVIOR ] Run Closure @app_init [ RunTime:0.000000s ]
[ info ] [ CACHE ] INIT File
[ info ] [ BEHAVIOR ] Run Closure @app_init [ RunTime:0.003000s ]
[ info ] [ LANG ] E:\PHPTutorial\WWW\fastadmin_revision1\thinkphp\lang\zh-cn.php
[ info ] [ ROUTE ] array (
  'type' => 'module',
  'module' => 
  array (
    0 => 'fonts',
    1 => 'glyphicons-halflings-regular.woff',
    2 => NULL,
  ),
)
[ info ] [ HEADER ] array (
  'cookie' => 'thinkphp_show_page_trace=0|0; Hm_lvt_f8d0a8c400404989e195270b0bbf060a=1565259593,1565317120,1566547972,1567047798; Hm_lpvt_f8d0a8c400404989e195270b0bbf060a=1567047798; PHPSESSID=n2bk9um48hmrk6c1ekth6u4rfo',
  'accept-language' => 'zh-CN,zh;q=0.9',
  'accept-encoding' => 'gzip, deflate',
  'referer' => 'http://192.168.1.35/fastadmin_revision1/public//mail/bootstrap.min.css',
  'accept' => '*/*',
  'user-agent' => 'Mozilla/5.0 (Windows NT 6.1; WOW64) AppleWebKit/537.36 (KHTML, like Gecko) Chrome/70.0.3538.110 Safari/537.36',
  'origin' => 'http://192.168.1.35',
  'connection' => 'close',
  'host' => '192.168.1.35',
)
[ info ] [ PARAM ] array (
)
[ info ] [ LOG ] INIT File
---------------------------------------------------------------
[ 2019-08-29T11:02:26+08:00 ] 192.168.1.155 GET /fastadmin_revision1/public//fonts/glyphicons-halflings-regular.ttf
[ info ] 192.168.1.35/fastadmin_revision1/public//fonts/glyphicons-halflings-regular.ttf [运行时间：0.059004s][吞吐率：16.95req/s] [内存消耗：1,419.30kb] [文件加载：51]
[ info ] [ BEHAVIOR ] Run Closure @app_init [ RunTime:0.000000s ]
[ info ] [ CACHE ] INIT File
[ info ] [ BEHAVIOR ] Run Closure @app_init [ RunTime:0.003001s ]
[ info ] [ LANG ] E:\PHPTutorial\WWW\fastadmin_revision1\thinkphp\lang\zh-cn.php
[ info ] [ ROUTE ] array (
  'type' => 'module',
  'module' => 
  array (
    0 => 'fonts',
    1 => 'glyphicons-halflings-regular.ttf',
    2 => NULL,
  ),
)
[ info ] [ HEADER ] array (
  'cookie' => 'thinkphp_show_page_trace=0|0; Hm_lvt_f8d0a8c400404989e195270b0bbf060a=1565259593,1565317120,1566547972,1567047798; Hm_lpvt_f8d0a8c400404989e195270b0bbf060a=1567047798; PHPSESSID=n2bk9um48hmrk6c1ekth6u4rfo',
  'accept-language' => 'zh-CN,zh;q=0.9',
  'accept-encoding' => 'gzip, deflate',
  'referer' => 'http://192.168.1.35/fastadmin_revision1/public//mail/bootstrap.min.css',
  'accept' => '*/*',
  'user-agent' => 'Mozilla/5.0 (Windows NT 6.1; WOW64) AppleWebKit/537.36 (KHTML, like Gecko) Chrome/70.0.3538.110 Safari/537.36',
  'origin' => 'http://192.168.1.35',
  'connection' => 'close',
  'host' => '192.168.1.35',
)
[ info ] [ PARAM ] array (
)
[ info ] [ LOG ] INIT File
---------------------------------------------------------------
[ 2019-08-29T11:02:38+08:00 ] 192.168.1.155 POST /fastadmin_revision1/public/admin/mail.sendmail/set
[ info ] 192.168.1.35/fastadmin_revision1/public/admin/mail.sendmail/set [运行时间：0.238013s][吞吐率：4.20req/s] [内存消耗：3,061.87kb] [文件加载：77]
[ info ] [ BEHAVIOR ] Run Closure @app_init [ RunTime:0.000000s ]
[ info ] [ CACHE ] INIT File
[ info ] [ BEHAVIOR ] Run Closure @app_init [ RunTime:0.003000s ]
[ info ] [ LANG ] E:\PHPTutorial\WWW\fastadmin_revision1\thinkphp\lang\zh-cn.php
[ info ] [ ROUTE ] array (
  'type' => 'module',
  'module' => 
  array (
    0 => 'admin',
    1 => 'mail.sendmail',
    2 => 'set',
  ),
)
[ info ] [ HEADER ] array (
  'cookie' => 'thinkphp_show_page_trace=0|0; thinkphp_show_page_trace=0|0; Hm_lvt_f8d0a8c400404989e195270b0bbf060a=1565259593,1565317120,1566547972,1567047798; Hm_lpvt_f8d0a8c400404989e195270b0bbf060a=1567047798; PHPSESSID=n2bk9um48hmrk6c1ekth6u4rfo',
  'accept-language' => 'zh-CN,zh;q=0.9',
  'accept-encoding' => 'gzip, deflate',
  'referer' => 'http://192.168.1.35/fastadmin_revision1/public/admin/mail/sendmail?addtabs=1',
  'content-type' => 'application/x-www-form-urlencoded; charset=UTF-8',
  'user-agent' => 'Mozilla/5.0 (Windows NT 6.1; WOW64) AppleWebKit/537.36 (KHTML, like Gecko) Chrome/70.0.3538.110 Safari/537.36',
  'x-requested-with' => 'XMLHttpRequest',
  'origin' => 'http://192.168.1.35',
  'accept' => 'application/json, text/javascript, */*; q=0.01',
  'content-length' => '46',
  'connection' => 'close',
  'host' => '192.168.1.35',
)
[ info ] [ PARAM ] array (
  'uids' => '100108(2121)',
  'beannums' => '1',
  'roomnums' => '10000000',
)
[ info ] [ LANG ] E:\PHPTutorial\WWW\fastadmin_revision1\public/../application/admin\lang\zh-cn.php
[ info ] [ BEHAVIOR ] Run app\common\behavior\Common @module_init [ RunTime:0.003000s ]
[ info ] [ SESSION ] INIT array (
  'id' => '',
  'var_session_id' => '',
  'prefix' => 'think',
  'type' => '',
  'auto_start' => true,
)
[ info ] [ DB ] INIT mysql
[ info ] [ DB ] INIT mysql
[ info ] [ RUN ] app\admin\controller\mail\Sendmail->set[ E:\PHPTutorial\WWW\fastadmin_revision1\application\admin\controller\mail\Sendmail.php ]
[ info ] [ BEHAVIOR ] Run app\admin\behavior\AdminLog @app_end [ RunTime:0.067004s ]
[ info ] [ LOG ] INIT File
[ sql ] [ DB ] CONNECT:[ UseTime:0.007000s ] mysql:host=127.0.0.1;dbname=nyqp_gm;charset=utf8
[ sql ] [ SQL ] SHOW COLUMNS FROM `fa_auth_group_access` [ RunTime:0.016001s ]
[ sql ] [ SQL ] SELECT `aga`.`uid`,`aga`.`group_id`,`ag`.`id`,`ag`.`pid`,`ag`.`name`,`ag`.`rules` FROM `fa_auth_group_access` `aga` LEFT JOIN `fa_auth_group` `ag` ON `aga`.`group_id`=`ag`.`id` WHERE  (  aga.uid='9' and ag.status='normal' ) [ RunTime:0.003000s ]
[ sql ] [ SQL ] SHOW COLUMNS FROM `fa_auth_rule` [ RunTime:0.017001s ]
[ sql ] [ SQL ] SELECT `id`,`pid`,`condition`,`icon`,`name`,`title`,`ismenu` FROM `fa_auth_rule` WHERE  `status` = 'normal'  AND `id` IN (1,8,9,10,11,13,14,15,16,17,29,30,31,32,33,34,40,41,42,43,44,45,46,47,48,49,50,86,87,89,90,91,92,93,94,95,98,99,101,103,104,105,121,122,124,129,130,131,132,133,134,135,150,151,152,153,154,155,160,163,164,165,166,167,168,169,170,171,172,173,174,175,176,177,178,179,180,181,182,183,184,185,186,187,188,189,190,191,192,213,214,215,216,217,218,219,220,221,222,2,5,85,88,100,102,120,123,128,159) [ RunTime:0.012001s ]
[ sql ] [ SQL ] SHOW COLUMNS FROM `fa_admin_log` [ RunTime:0.024001s ]
[ sql ] [ SQL ] INSERT INTO `fa_admin_log` (`title` , `content` , `url` , `admin_id` , `username` , `useragent` , `ip` , `createtime`) VALUES ('邮件管理 发送邮件 发送' , '{\"uids\":\"100108(2121)\",\"beannums\":\"1\",\"roomnums\":\"10000000\"}' , '/fastadmin_revision1/public/admin/mail.sendmail/set' , 9 , 'lishilin' , 'Mozilla/5.0 (Windows NT 6.1; WOW64) AppleWebKit/537.36 (KHTML, like Gecko) Chrome/70.0.3538.110 Safari/537.36' , '192.168.1.155' , 1567047758) [ RunTime:0.039002s ]
---------------------------------------------------------------
[ 2019-08-29T11:09:48+08:00 ] 192.168.1.155 GET /fastadmin_revision1/public/admin/mail/sendmail?addtabs=1
[ info ] 192.168.1.35/fastadmin_revision1/public/admin/mail/sendmail?addtabs=1 [运行时间：0.407023s][吞吐率：2.46req/s] [内存消耗：3,370.51kb] [文件加载：79]
[ info ] [ BEHAVIOR ] Run Closure @app_init [ RunTime:0.000000s ]
[ info ] [ CACHE ] INIT File
[ info ] [ BEHAVIOR ] Run Closure @app_init [ RunTime:0.008001s ]
[ info ] [ LANG ] E:\PHPTutorial\WWW\fastadmin_revision1\thinkphp\lang\zh-cn.php
[ info ] [ ROUTE ] array (
  'type' => 'module',
  'module' => 
  array (
    0 => 'admin',
    1 => 'mail.sendmail',
    2 => NULL,
  ),
)
[ info ] [ HEADER ] array (
  'cookie' => 'thinkphp_show_page_trace=0|0; thinkphp_show_page_trace=0|0; thinkphp_show_page_trace=0|0; Hm_lvt_f8d0a8c400404989e195270b0bbf060a=1565259593,1565317120,1566547972,1567047798; Hm_lpvt_f8d0a8c400404989e195270b0bbf060a=1567047798; PHPSESSID=n2bk9um48hmrk6c1ekth6u4rfo',
  'accept-language' => 'zh-CN,zh;q=0.9',
  'accept-encoding' => 'gzip, deflate',
  'referer' => 'http://192.168.1.35/fastadmin_revision1/public/admin/mail/sendmail?ref=addtabs',
  'accept' => 'text/html,application/xhtml+xml,application/xml;q=0.9,image/webp,image/apng,*/*;q=0.8',
  'user-agent' => 'Mozilla/5.0 (Windows NT 6.1; WOW64) AppleWebKit/537.36 (KHTML, like Gecko) Chrome/70.0.3538.110 Safari/537.36',
  'upgrade-insecure-requests' => '1',
  'connection' => 'close',
  'host' => '192.168.1.35',
)
[ info ] [ PARAM ] array (
  'addtabs' => '1',
)
[ info ] [ LANG ] E:\PHPTutorial\WWW\fastadmin_revision1\public/../application/admin\lang\zh-cn.php
[ info ] [ BEHAVIOR ] Run app\common\behavior\Common @module_init [ RunTime:0.007000s ]
[ info ] [ SESSION ] INIT array (
  'id' => '',
  'var_session_id' => '',
  'prefix' => 'think',
  'type' => '',
  'auto_start' => true,
)
[ info ] [ DB ] INIT mysql
[ info ] [ DB ] INIT mysql
[ info ] [ RUN ] app\admin\controller\mail\Sendmail->index[ E:\PHPTutorial\WWW\fastadmin_revision1\application\admin\controller\mail\Sendmail.php ]
[ info ] [ VIEW ] E:\PHPTutorial\WWW\fastadmin_revision1\public/../application/admin\view\mail\sendmail\index.html [ array (
  0 => 'breadcrumb',
  1 => 'site',
  2 => 'config',
  3 => 'auth',
  4 => 'admin',
  5 => 'list',
) ]
[ info ] [ BEHAVIOR ] Run app\admin\behavior\AdminLog @app_end [ RunTime:0.001000s ]
[ info ] [ LOG ] INIT File
[ sql ] [ DB ] CONNECT:[ UseTime:0.140008s ] mysql:host=127.0.0.1;dbname=nyqp_gm;charset=utf8
[ sql ] [ SQL ] SHOW COLUMNS FROM `fa_auth_group_access` [ RunTime:0.024001s ]
[ sql ] [ SQL ] SELECT `aga`.`uid`,`aga`.`group_id`,`ag`.`id`,`ag`.`pid`,`ag`.`name`,`ag`.`rules` FROM `fa_auth_group_access` `aga` LEFT JOIN `fa_auth_group` `ag` ON `aga`.`group_id`=`ag`.`id` WHERE  (  aga.uid='9' and ag.status='normal' ) [ RunTime:0.004001s ]
[ sql ] [ SQL ] SHOW COLUMNS FROM `fa_auth_rule` [ RunTime:0.024001s ]
[ sql ] [ SQL ] SELECT `id`,`pid`,`condition`,`icon`,`name`,`title`,`ismenu` FROM `fa_auth_rule` WHERE  `status` = 'normal'  AND `id` IN (1,8,9,10,11,13,14,15,16,17,29,30,31,32,33,34,40,41,42,43,44,45,46,47,48,49,50,86,87,89,90,91,92,93,94,95,98,99,101,103,104,105,121,122,124,129,130,131,132,133,134,135,150,151,152,153,154,155,160,163,164,165,166,167,168,169,170,171,172,173,174,175,176,177,178,179,180,181,182,183,184,185,186,187,188,189,190,191,192,213,214,215,216,217,218,219,220,221,222,2,5,85,88,100,102,120,123,128,159) [ RunTime:0.012001s ]
---------------------------------------------------------------
[ 2019-08-29T11:09:49+08:00 ] 192.168.1.155 GET /fastadmin_revision1/public/admin/ajax/lang?callback=define&controllername=mail.sendmail&v=1567048188
[ info ] 192.168.1.35/fastadmin_revision1/public/admin/ajax/lang?callback=define&controllername=mail.sendmail&v=1567048188 [运行时间：0.092005s][吞吐率：10.87req/s] [内存消耗：2,340.19kb] [文件加载：69]
[ info ] [ BEHAVIOR ] Run Closure @app_init [ RunTime:0.000000s ]
[ info ] [ CACHE ] INIT File
[ info ] [ BEHAVIOR ] Run Closure @app_init [ RunTime:0.005000s ]
[ info ] [ LANG ] E:\PHPTutorial\WWW\fastadmin_revision1\thinkphp\lang\zh-cn.php
[ info ] [ ROUTE ] array (
  'type' => 'module',
  'module' => 
  array (
    0 => 'admin',
    1 => 'ajax',
    2 => 'lang',
  ),
)
[ info ] [ HEADER ] array (
  'cookie' => 'thinkphp_show_page_trace=0|0; thinkphp_show_page_trace=0|0; Hm_lvt_f8d0a8c400404989e195270b0bbf060a=1565259593,1565317120,1566547972,1567047798; Hm_lpvt_f8d0a8c400404989e195270b0bbf060a=1567047798; PHPSESSID=n2bk9um48hmrk6c1ekth6u4rfo',
  'accept-language' => 'zh-CN,zh;q=0.9',
  'accept-encoding' => 'gzip, deflate',
  'referer' => 'http://192.168.1.35/fastadmin_revision1/public/admin/mail/sendmail?addtabs=1',
  'accept' => '*/*',
  'user-agent' => 'Mozilla/5.0 (Windows NT 6.1; WOW64) AppleWebKit/537.36 (KHTML, like Gecko) Chrome/70.0.3538.110 Safari/537.36',
  'connection' => 'close',
  'host' => '192.168.1.35',
)
[ info ] [ PARAM ] array (
  'callback' => 'define',
  'controllername' => 'mail.sendmail',
  'v' => '1567048188',
)
[ info ] [ LANG ] E:\PHPTutorial\WWW\fastadmin_revision1\public/../application/admin\lang\zh-cn.php
[ info ] [ BEHAVIOR ] Run app\common\behavior\Common @module_init [ RunTime:0.002000s ]
[ info ] [ SESSION ] INIT array (
  'id' => '',
  'var_session_id' => '',
  'prefix' => 'think',
  'type' => '',
  'auto_start' => true,
)
[ info ] [ LANG ] E:\PHPTutorial\WWW\fastadmin_revision1\public/../application/admin/lang/zh-cn/ajax.php
[ info ] [ RUN ] app\admin\controller\Ajax->lang[ E:\PHPTutorial\WWW\fastadmin_revision1\application\admin\controller\Ajax.php ]
[ info ] [ BEHAVIOR ] Run app\admin\behavior\AdminLog @app_end [ RunTime:0.001000s ]
[ info ] [ LOG ] INIT File
---------------------------------------------------------------
[ 2019-08-29T11:09:50+08:00 ] 192.168.1.155 GET /fastadmin_revision1/public/assets/js/backend/mail/sendmail.js?v=1567048188
[ info ] 192.168.1.35/fastadmin_revision1/public/assets/js/backend/mail/sendmail.js?v=1567048188 [运行时间：0.071004s][吞吐率：14.08req/s] [内存消耗：1,419.55kb] [文件加载：51]
[ info ] [ BEHAVIOR ] Run Closure @app_init [ RunTime:0.000000s ]
[ info ] [ CACHE ] INIT File
[ info ] [ BEHAVIOR ] Run Closure @app_init [ RunTime:0.004001s ]
[ info ] [ LANG ] E:\PHPTutorial\WWW\fastadmin_revision1\thinkphp\lang\zh-cn.php
[ info ] [ ROUTE ] array (
  'type' => 'module',
  'module' => 
  array (
    0 => 'assets',
    1 => 'js',
    2 => 'backend',
  ),
)
[ info ] [ HEADER ] array (
  'cookie' => 'thinkphp_show_page_trace=0|0; Hm_lvt_f8d0a8c400404989e195270b0bbf060a=1565259593,1565317120,1566547972,1567047798; Hm_lpvt_f8d0a8c400404989e195270b0bbf060a=1567047798; PHPSESSID=n2bk9um48hmrk6c1ekth6u4rfo',
  'accept-language' => 'zh-CN,zh;q=0.9',
  'accept-encoding' => 'gzip, deflate',
  'referer' => 'http://192.168.1.35/fastadmin_revision1/public/admin/mail/sendmail?addtabs=1',
  'accept' => '*/*',
  'user-agent' => 'Mozilla/5.0 (Windows NT 6.1; WOW64) AppleWebKit/537.36 (KHTML, like Gecko) Chrome/70.0.3538.110 Safari/537.36',
  'connection' => 'close',
  'host' => '192.168.1.35',
)
[ info ] [ PARAM ] array (
  'v' => '1567048188',
  'mail' => 'sendmail.js',
)
[ info ] [ LOG ] INIT File
---------------------------------------------------------------
[ 2019-08-29T11:09:57+08:00 ] 192.168.1.155 GET /fastadmin_revision1/public//fonts/glyphicons-halflings-regular.woff
[ info ] 192.168.1.35/fastadmin_revision1/public//fonts/glyphicons-halflings-regular.woff [运行时间：0.057004s][吞吐率：17.54req/s] [内存消耗：1,419.32kb] [文件加载：51]
[ info ] [ BEHAVIOR ] Run Closure @app_init [ RunTime:0.000000s ]
[ info ] [ CACHE ] INIT File
[ info ] [ BEHAVIOR ] Run Closure @app_init [ RunTime:0.004000s ]
[ info ] [ LANG ] E:\PHPTutorial\WWW\fastadmin_revision1\thinkphp\lang\zh-cn.php
[ info ] [ ROUTE ] array (
  'type' => 'module',
  'module' => 
  array (
    0 => 'fonts',
    1 => 'glyphicons-halflings-regular.woff',
    2 => NULL,
  ),
)
[ info ] [ HEADER ] array (
  'cookie' => 'thinkphp_show_page_trace=0|0; Hm_lvt_f8d0a8c400404989e195270b0bbf060a=1565259593,1565317120,1566547972,1567047798; Hm_lpvt_f8d0a8c400404989e195270b0bbf060a=1567047798; PHPSESSID=n2bk9um48hmrk6c1ekth6u4rfo',
  'accept-language' => 'zh-CN,zh;q=0.9',
  'accept-encoding' => 'gzip, deflate',
  'referer' => 'http://192.168.1.35/fastadmin_revision1/public//mail/bootstrap.min.css',
  'accept' => '*/*',
  'user-agent' => 'Mozilla/5.0 (Windows NT 6.1; WOW64) AppleWebKit/537.36 (KHTML, like Gecko) Chrome/70.0.3538.110 Safari/537.36',
  'origin' => 'http://192.168.1.35',
  'connection' => 'close',
  'host' => '192.168.1.35',
)
[ info ] [ PARAM ] array (
)
[ info ] [ LOG ] INIT File
---------------------------------------------------------------
[ 2019-08-29T11:09:57+08:00 ] 192.168.1.155 GET /fastadmin_revision1/public//fonts/glyphicons-halflings-regular.ttf
[ info ] 192.168.1.35/fastadmin_revision1/public//fonts/glyphicons-halflings-regular.ttf [运行时间：0.062004s][吞吐率：16.13req/s] [内存消耗：1,419.30kb] [文件加载：51]
[ info ] [ BEHAVIOR ] Run Closure @app_init [ RunTime:0.000000s ]
[ info ] [ CACHE ] INIT File
[ info ] [ BEHAVIOR ] Run Closure @app_init [ RunTime:0.003000s ]
[ info ] [ LANG ] E:\PHPTutorial\WWW\fastadmin_revision1\thinkphp\lang\zh-cn.php
[ info ] [ ROUTE ] array (
  'type' => 'module',
  'module' => 
  array (
    0 => 'fonts',
    1 => 'glyphicons-halflings-regular.ttf',
    2 => NULL,
  ),
)
[ info ] [ HEADER ] array (
  'cookie' => 'thinkphp_show_page_trace=0|0; Hm_lvt_f8d0a8c400404989e195270b0bbf060a=1565259593,1565317120,1566547972,1567047798; Hm_lpvt_f8d0a8c400404989e195270b0bbf060a=1567047798; PHPSESSID=n2bk9um48hmrk6c1ekth6u4rfo',
  'accept-language' => 'zh-CN,zh;q=0.9',
  'accept-encoding' => 'gzip, deflate',
  'referer' => 'http://192.168.1.35/fastadmin_revision1/public//mail/bootstrap.min.css',
  'accept' => '*/*',
  'user-agent' => 'Mozilla/5.0 (Windows NT 6.1; WOW64) AppleWebKit/537.36 (KHTML, like Gecko) Chrome/70.0.3538.110 Safari/537.36',
  'origin' => 'http://192.168.1.35',
  'connection' => 'close',
  'host' => '192.168.1.35',
)
[ info ] [ PARAM ] array (
)
[ info ] [ LOG ] INIT File
---------------------------------------------------------------
[ 2019-08-29T11:10:31+08:00 ] 192.168.1.155 POST /fastadmin_revision1/public/admin/mail.sendmail/set
[ info ] 192.168.1.35/fastadmin_revision1/public/admin/mail.sendmail/set [运行时间：0.250014s][吞吐率：4.00req/s] [内存消耗：3,061.87kb] [文件加载：77]
[ info ] [ BEHAVIOR ] Run Closure @app_init [ RunTime:0.000000s ]
[ info ] [ CACHE ] INIT File
[ info ] [ BEHAVIOR ] Run Closure @app_init [ RunTime:0.003000s ]
[ info ] [ LANG ] E:\PHPTutorial\WWW\fastadmin_revision1\thinkphp\lang\zh-cn.php
[ info ] [ ROUTE ] array (
  'type' => 'module',
  'module' => 
  array (
    0 => 'admin',
    1 => 'mail.sendmail',
    2 => 'set',
  ),
)
[ info ] [ HEADER ] array (
  'cookie' => 'thinkphp_show_page_trace=0|0; thinkphp_show_page_trace=0|0; Hm_lvt_f8d0a8c400404989e195270b0bbf060a=1565259593,1565317120,1566547972,1567047798; Hm_lpvt_f8d0a8c400404989e195270b0bbf060a=1567047798; PHPSESSID=n2bk9um48hmrk6c1ekth6u4rfo',
  'accept-language' => 'zh-CN,zh;q=0.9',
  'accept-encoding' => 'gzip, deflate',
  'referer' => 'http://192.168.1.35/fastadmin_revision1/public/admin/mail/sendmail?addtabs=1',
  'content-type' => 'application/x-www-form-urlencoded; charset=UTF-8',
  'user-agent' => 'Mozilla/5.0 (Windows NT 6.1; WOW64) AppleWebKit/537.36 (KHTML, like Gecko) Chrome/70.0.3538.110 Safari/537.36',
  'x-requested-with' => 'XMLHttpRequest',
  'origin' => 'http://192.168.1.35',
  'accept' => 'application/json, text/javascript, */*; q=0.01',
  'content-length' => '47',
  'connection' => 'close',
  'host' => '192.168.1.35',
)
[ info ] [ PARAM ] array (
  'uids' => '100109(23213)',
  'beannums' => '1',
  'roomnums' => '10000000',
)
[ info ] [ LANG ] E:\PHPTutorial\WWW\fastadmin_revision1\public/../application/admin\lang\zh-cn.php
[ info ] [ BEHAVIOR ] Run app\common\behavior\Common @module_init [ RunTime:0.003000s ]
[ info ] [ SESSION ] INIT array (
  'id' => '',
  'var_session_id' => '',
  'prefix' => 'think',
  'type' => '',
  'auto_start' => true,
)
[ info ] [ DB ] INIT mysql
[ info ] [ DB ] INIT mysql
[ info ] [ RUN ] app\admin\controller\mail\Sendmail->set[ E:\PHPTutorial\WWW\fastadmin_revision1\application\admin\controller\mail\Sendmail.php ]
[ info ] [ BEHAVIOR ] Run app\admin\behavior\AdminLog @app_end [ RunTime:0.076004s ]
[ info ] [ LOG ] INIT File
[ sql ] [ DB ] CONNECT:[ UseTime:0.008001s ] mysql:host=127.0.0.1;dbname=nyqp_gm;charset=utf8
[ sql ] [ SQL ] SHOW COLUMNS FROM `fa_auth_group_access` [ RunTime:0.025001s ]
[ sql ] [ SQL ] SELECT `aga`.`uid`,`aga`.`group_id`,`ag`.`id`,`ag`.`pid`,`ag`.`name`,`ag`.`rules` FROM `fa_auth_group_access` `aga` LEFT JOIN `fa_auth_group` `ag` ON `aga`.`group_id`=`ag`.`id` WHERE  (  aga.uid='9' and ag.status='normal' ) [ RunTime:0.003000s ]
[ sql ] [ SQL ] SHOW COLUMNS FROM `fa_auth_rule` [ RunTime:0.016001s ]
[ sql ] [ SQL ] SELECT `id`,`pid`,`condition`,`icon`,`name`,`title`,`ismenu` FROM `fa_auth_rule` WHERE  `status` = 'normal'  AND `id` IN (1,8,9,10,11,13,14,15,16,17,29,30,31,32,33,34,40,41,42,43,44,45,46,47,48,49,50,86,87,89,90,91,92,93,94,95,98,99,101,103,104,105,121,122,124,129,130,131,132,133,134,135,150,151,152,153,154,155,160,163,164,165,166,167,168,169,170,171,172,173,174,175,176,177,178,179,180,181,182,183,184,185,186,187,188,189,190,191,192,213,214,215,216,217,218,219,220,221,222,2,5,85,88,100,102,120,123,128,159) [ RunTime:0.012001s ]
[ sql ] [ SQL ] SHOW COLUMNS FROM `fa_admin_log` [ RunTime:0.027001s ]
[ sql ] [ SQL ] INSERT INTO `fa_admin_log` (`title` , `content` , `url` , `admin_id` , `username` , `useragent` , `ip` , `createtime`) VALUES ('邮件管理 发送邮件 发送' , '{\"uids\":\"100109(23213)\",\"beannums\":\"1\",\"roomnums\":\"10000000\"}' , '/fastadmin_revision1/public/admin/mail.sendmail/set' , 9 , 'lishilin' , 'Mozilla/5.0 (Windows NT 6.1; WOW64) AppleWebKit/537.36 (KHTML, like Gecko) Chrome/70.0.3538.110 Safari/537.36' , '192.168.1.155' , 1567048231) [ RunTime:0.044003s ]
---------------------------------------------------------------
[ 2019-08-29T11:10:48+08:00 ] 192.168.1.155 POST /fastadmin_revision1/public/admin/mail.sendmail/set
[ info ] 192.168.1.35/fastadmin_revision1/public/admin/mail.sendmail/set [运行时间：0.228013s][吞吐率：4.39req/s] [内存消耗：3,061.87kb] [文件加载：77]
[ info ] [ BEHAVIOR ] Run Closure @app_init [ RunTime:0.000000s ]
[ info ] [ CACHE ] INIT File
[ info ] [ BEHAVIOR ] Run Closure @app_init [ RunTime:0.003000s ]
[ info ] [ LANG ] E:\PHPTutorial\WWW\fastadmin_revision1\thinkphp\lang\zh-cn.php
[ info ] [ ROUTE ] array (
  'type' => 'module',
  'module' => 
  array (
    0 => 'admin',
    1 => 'mail.sendmail',
    2 => 'set',
  ),
)
[ info ] [ HEADER ] array (
  'cookie' => 'thinkphp_show_page_trace=0|0; thinkphp_show_page_trace=0|0; Hm_lvt_f8d0a8c400404989e195270b0bbf060a=1565259593,1565317120,1566547972,1567047798; Hm_lpvt_f8d0a8c400404989e195270b0bbf060a=1567047798; PHPSESSID=n2bk9um48hmrk6c1ekth6u4rfo',
  'accept-language' => 'zh-CN,zh;q=0.9',
  'accept-encoding' => 'gzip, deflate',
  'referer' => 'http://192.168.1.35/fastadmin_revision1/public/admin/mail/sendmail?addtabs=1',
  'content-type' => 'application/x-www-form-urlencoded; charset=UTF-8',
  'user-agent' => 'Mozilla/5.0 (Windows NT 6.1; WOW64) AppleWebKit/537.36 (KHTML, like Gecko) Chrome/70.0.3538.110 Safari/537.36',
  'x-requested-with' => 'XMLHttpRequest',
  'origin' => 'http://192.168.1.35',
  'accept' => 'application/json, text/javascript, */*; q=0.01',
  'content-length' => '47',
  'connection' => 'close',
  'host' => '192.168.1.35',
)
[ info ] [ PARAM ] array (
  'uids' => '100075(32432)',
  'beannums' => '1',
  'roomnums' => '10000000',
)
[ info ] [ LANG ] E:\PHPTutorial\WWW\fastadmin_revision1\public/../application/admin\lang\zh-cn.php
[ info ] [ BEHAVIOR ] Run app\common\behavior\Common @module_init [ RunTime:0.003001s ]
[ info ] [ SESSION ] INIT array (
  'id' => '',
  'var_session_id' => '',
  'prefix' => 'think',
  'type' => '',
  'auto_start' => true,
)
[ info ] [ DB ] INIT mysql
[ info ] [ DB ] INIT mysql
[ info ] [ RUN ] app\admin\controller\mail\Sendmail->set[ E:\PHPTutorial\WWW\fastadmin_revision1\application\admin\controller\mail\Sendmail.php ]
[ info ] [ BEHAVIOR ] Run app\admin\behavior\AdminLog @app_end [ RunTime:0.052003s ]
[ info ] [ LOG ] INIT File
[ sql ] [ DB ] CONNECT:[ UseTime:0.007000s ] mysql:host=127.0.0.1;dbname=nyqp_gm;charset=utf8
[ sql ] [ SQL ] SHOW COLUMNS FROM `fa_auth_group_access` [ RunTime:0.020001s ]
[ sql ] [ SQL ] SELECT `aga`.`uid`,`aga`.`group_id`,`ag`.`id`,`ag`.`pid`,`ag`.`name`,`ag`.`rules` FROM `fa_auth_group_access` `aga` LEFT JOIN `fa_auth_group` `ag` ON `aga`.`group_id`=`ag`.`id` WHERE  (  aga.uid='9' and ag.status='normal' ) [ RunTime:0.003000s ]
[ sql ] [ SQL ] SHOW COLUMNS FROM `fa_auth_rule` [ RunTime:0.019001s ]
[ sql ] [ SQL ] SELECT `id`,`pid`,`condition`,`icon`,`name`,`title`,`ismenu` FROM `fa_auth_rule` WHERE  `status` = 'normal'  AND `id` IN (1,8,9,10,11,13,14,15,16,17,29,30,31,32,33,34,40,41,42,43,44,45,46,47,48,49,50,86,87,89,90,91,92,93,94,95,98,99,101,103,104,105,121,122,124,129,130,131,132,133,134,135,150,151,152,153,154,155,160,163,164,165,166,167,168,169,170,171,172,173,174,175,176,177,178,179,180,181,182,183,184,185,186,187,188,189,190,191,192,213,214,215,216,217,218,219,220,221,222,2,5,85,88,100,102,120,123,128,159) [ RunTime:0.012001s ]
[ sql ] [ SQL ] SHOW COLUMNS FROM `fa_admin_log` [ RunTime:0.023002s ]
[ sql ] [ SQL ] INSERT INTO `fa_admin_log` (`title` , `content` , `url` , `admin_id` , `username` , `useragent` , `ip` , `createtime`) VALUES ('邮件管理 发送邮件 发送' , '{\"uids\":\"100075(32432)\",\"beannums\":\"1\",\"roomnums\":\"10000000\"}' , '/fastadmin_revision1/public/admin/mail.sendmail/set' , 9 , 'lishilin' , 'Mozilla/5.0 (Windows NT 6.1; WOW64) AppleWebKit/537.36 (KHTML, like Gecko) Chrome/70.0.3538.110 Safari/537.36' , '192.168.1.155' , 1567048248) [ RunTime:0.027001s ]
---------------------------------------------------------------
[ 2019-08-29T16:55:51+08:00 ] 192.168.1.155 GET /fastadmin_revision1/public/admin/mail/sendmail?addtabs=1
[ info ] 192.168.1.35/fastadmin_revision1/public/admin/mail/sendmail?addtabs=1 [运行时间：0.445025s][吞吐率：2.25req/s] [内存消耗：3,372.38kb] [文件加载：79]
[ info ] [ BEHAVIOR ] Run Closure @app_init [ RunTime:0.000000s ]
[ info ] [ CACHE ] INIT File
[ info ] [ BEHAVIOR ] Run Closure @app_init [ RunTime:0.007001s ]
[ info ] [ LANG ] E:\PHPTutorial\WWW\fastadmin_revision1\thinkphp\lang\zh-cn.php
[ info ] [ ROUTE ] array (
  'type' => 'module',
  'module' => 
  array (
    0 => 'admin',
    1 => 'mail.sendmail',
    2 => NULL,
  ),
)
[ info ] [ HEADER ] array (
  'cookie' => 'thinkphp_show_page_trace=0|0; thinkphp_show_page_trace=0|0; thinkphp_show_page_trace=0|0; Hm_lvt_f8d0a8c400404989e195270b0bbf060a=1565259593,1565317120,1566547972,1567047798; Hm_lpvt_f8d0a8c400404989e195270b0bbf060a=1567047798; PHPSESSID=n2bk9um48hmrk6c1ekth6u4rfo',
  'accept-language' => 'zh-CN,zh;q=0.9',
  'accept-encoding' => 'gzip, deflate',
  'referer' => 'http://192.168.1.35/fastadmin_revision1/public/admin/mail/sendmail?ref=addtabs',
  'accept' => 'text/html,application/xhtml+xml,application/xml;q=0.9,image/webp,image/apng,*/*;q=0.8',
  'user-agent' => 'Mozilla/5.0 (Windows NT 6.1; WOW64) AppleWebKit/537.36 (KHTML, like Gecko) Chrome/70.0.3538.110 Safari/537.36',
  'upgrade-insecure-requests' => '1',
  'connection' => 'close',
  'host' => '192.168.1.35',
)
[ info ] [ PARAM ] array (
  'addtabs' => '1',
)
[ info ] [ LANG ] E:\PHPTutorial\WWW\fastadmin_revision1\public/../application/admin\lang\zh-cn.php
[ info ] [ BEHAVIOR ] Run app\common\behavior\Common @module_init [ RunTime:0.007000s ]
[ info ] [ SESSION ] INIT array (
  'id' => '',
  'var_session_id' => '',
  'prefix' => 'think',
  'type' => '',
  'auto_start' => true,
)
[ info ] [ DB ] INIT mysql
[ info ] [ DB ] INIT mysql
[ info ] [ RUN ] app\admin\controller\mail\Sendmail->index[ E:\PHPTutorial\WWW\fastadmin_revision1\application\admin\controller\mail\Sendmail.php ]
[ info ] [ VIEW ] E:\PHPTutorial\WWW\fastadmin_revision1\public/../application/admin\view\mail\sendmail\index.html [ array (
  0 => 'breadcrumb',
  1 => 'site',
  2 => 'config',
  3 => 'auth',
  4 => 'admin',
  5 => 'list',
) ]
[ info ] [ BEHAVIOR ] Run app\admin\behavior\AdminLog @app_end [ RunTime:0.002000s ]
[ info ] [ LOG ] INIT File
[ sql ] [ DB ] CONNECT:[ UseTime:0.128008s ] mysql:host=127.0.0.1;dbname=nyqp_gm;charset=utf8
[ sql ] [ SQL ] SHOW COLUMNS FROM `fa_auth_group_access` [ RunTime:0.045002s ]
[ sql ] [ SQL ] SELECT `aga`.`uid`,`aga`.`group_id`,`ag`.`id`,`ag`.`pid`,`ag`.`name`,`ag`.`rules` FROM `fa_auth_group_access` `aga` LEFT JOIN `fa_auth_group` `ag` ON `aga`.`group_id`=`ag`.`id` WHERE  (  aga.uid='9' and ag.status='normal' ) [ RunTime:0.004000s ]
[ sql ] [ SQL ] SHOW COLUMNS FROM `fa_auth_rule` [ RunTime:0.022002s ]
[ sql ] [ SQL ] SELECT `id`,`pid`,`condition`,`icon`,`name`,`title`,`ismenu` FROM `fa_auth_rule` WHERE  `status` = 'normal'  AND `id` IN (1,8,9,10,11,13,14,15,16,17,29,30,31,32,33,34,40,41,42,43,44,45,46,47,48,49,50,86,87,89,90,91,92,93,94,95,98,99,101,103,104,105,121,122,124,129,130,131,132,133,134,135,150,151,152,153,154,155,160,163,164,165,166,167,168,169,170,171,172,173,174,175,176,177,178,179,180,181,182,183,184,185,186,187,188,189,190,191,192,213,214,215,216,217,218,219,220,221,222,2,5,85,88,100,102,120,123,128,159) [ RunTime:0.012000s ]
---------------------------------------------------------------
[ 2019-08-29T16:55:52+08:00 ] 192.168.1.155 GET /fastadmin_revision1/public/admin/ajax/lang?callback=define&controllername=mail.sendmail&v=1567068951
[ info ] 192.168.1.35/fastadmin_revision1/public/admin/ajax/lang?callback=define&controllername=mail.sendmail&v=1567068951 [运行时间：0.073004s][吞吐率：13.70req/s] [内存消耗：2,340.19kb] [文件加载：69]
[ info ] [ BEHAVIOR ] Run Closure @app_init [ RunTime:0.000000s ]
[ info ] [ CACHE ] INIT File
[ info ] [ BEHAVIOR ] Run Closure @app_init [ RunTime:0.004000s ]
[ info ] [ LANG ] E:\PHPTutorial\WWW\fastadmin_revision1\thinkphp\lang\zh-cn.php
[ info ] [ ROUTE ] array (
  'type' => 'module',
  'module' => 
  array (
    0 => 'admin',
    1 => 'ajax',
    2 => 'lang',
  ),
)
[ info ] [ HEADER ] array (
  'cookie' => 'thinkphp_show_page_trace=0|0; thinkphp_show_page_trace=0|0; Hm_lvt_f8d0a8c400404989e195270b0bbf060a=1565259593,1565317120,1566547972,1567047798; Hm_lpvt_f8d0a8c400404989e195270b0bbf060a=1567047798; PHPSESSID=n2bk9um48hmrk6c1ekth6u4rfo',
  'accept-language' => 'zh-CN,zh;q=0.9',
  'accept-encoding' => 'gzip, deflate',
  'referer' => 'http://192.168.1.35/fastadmin_revision1/public/admin/mail/sendmail?addtabs=1',
  'accept' => '*/*',
  'user-agent' => 'Mozilla/5.0 (Windows NT 6.1; WOW64) AppleWebKit/537.36 (KHTML, like Gecko) Chrome/70.0.3538.110 Safari/537.36',
  'connection' => 'close',
  'host' => '192.168.1.35',
)
[ info ] [ PARAM ] array (
  'callback' => 'define',
  'controllername' => 'mail.sendmail',
  'v' => '1567068951',
)
[ info ] [ LANG ] E:\PHPTutorial\WWW\fastadmin_revision1\public/../application/admin\lang\zh-cn.php
[ info ] [ BEHAVIOR ] Run app\common\behavior\Common @module_init [ RunTime:0.003001s ]
[ info ] [ SESSION ] INIT array (
  'id' => '',
  'var_session_id' => '',
  'prefix' => 'think',
  'type' => '',
  'auto_start' => true,
)
[ info ] [ LANG ] E:\PHPTutorial\WWW\fastadmin_revision1\public/../application/admin/lang/zh-cn/ajax.php
[ info ] [ RUN ] app\admin\controller\Ajax->lang[ E:\PHPTutorial\WWW\fastadmin_revision1\application\admin\controller\Ajax.php ]
[ info ] [ BEHAVIOR ] Run app\admin\behavior\AdminLog @app_end [ RunTime:0.001000s ]
[ info ] [ LOG ] INIT File
---------------------------------------------------------------
[ 2019-08-29T16:55:53+08:00 ] 192.168.1.155 GET /fastadmin_revision1/public/assets/js/backend/mail/sendmail.js?v=1567068951
[ info ] 192.168.1.35/fastadmin_revision1/public/assets/js/backend/mail/sendmail.js?v=1567068951 [运行时间：0.057004s][吞吐率：17.54req/s] [内存消耗：1,419.55kb] [文件加载：51]
[ info ] [ BEHAVIOR ] Run Closure @app_init [ RunTime:0.000000s ]
[ info ] [ CACHE ] INIT File
[ info ] [ BEHAVIOR ] Run Closure @app_init [ RunTime:0.003000s ]
[ info ] [ LANG ] E:\PHPTutorial\WWW\fastadmin_revision1\thinkphp\lang\zh-cn.php
[ info ] [ ROUTE ] array (
  'type' => 'module',
  'module' => 
  array (
    0 => 'assets',
    1 => 'js',
    2 => 'backend',
  ),
)
[ info ] [ HEADER ] array (
  'cookie' => 'thinkphp_show_page_trace=0|0; Hm_lvt_f8d0a8c400404989e195270b0bbf060a=1565259593,1565317120,1566547972,1567047798; Hm_lpvt_f8d0a8c400404989e195270b0bbf060a=1567047798; PHPSESSID=n2bk9um48hmrk6c1ekth6u4rfo',
  'accept-language' => 'zh-CN,zh;q=0.9',
  'accept-encoding' => 'gzip, deflate',
  'referer' => 'http://192.168.1.35/fastadmin_revision1/public/admin/mail/sendmail?addtabs=1',
  'accept' => '*/*',
  'user-agent' => 'Mozilla/5.0 (Windows NT 6.1; WOW64) AppleWebKit/537.36 (KHTML, like Gecko) Chrome/70.0.3538.110 Safari/537.36',
  'connection' => 'close',
  'host' => '192.168.1.35',
)
[ info ] [ PARAM ] array (
  'v' => '1567068951',
  'mail' => 'sendmail.js',
)
[ info ] [ LOG ] INIT File
---------------------------------------------------------------
[ 2019-08-29T16:55:56+08:00 ] 192.168.1.155 GET /fastadmin_revision1/public//fonts/glyphicons-halflings-regular.woff
[ info ] 192.168.1.35/fastadmin_revision1/public//fonts/glyphicons-halflings-regular.woff [运行时间：0.085005s][吞吐率：11.76req/s] [内存消耗：1,419.32kb] [文件加载：51]
[ info ] [ BEHAVIOR ] Run Closure @app_init [ RunTime:0.000000s ]
[ info ] [ CACHE ] INIT File
[ info ] [ BEHAVIOR ] Run Closure @app_init [ RunTime:0.006001s ]
[ info ] [ LANG ] E:\PHPTutorial\WWW\fastadmin_revision1\thinkphp\lang\zh-cn.php
[ info ] [ ROUTE ] array (
  'type' => 'module',
  'module' => 
  array (
    0 => 'fonts',
    1 => 'glyphicons-halflings-regular.woff',
    2 => NULL,
  ),
)
[ info ] [ HEADER ] array (
  'cookie' => 'thinkphp_show_page_trace=0|0; Hm_lvt_f8d0a8c400404989e195270b0bbf060a=1565259593,1565317120,1566547972,1567047798; Hm_lpvt_f8d0a8c400404989e195270b0bbf060a=1567047798; PHPSESSID=n2bk9um48hmrk6c1ekth6u4rfo',
  'accept-language' => 'zh-CN,zh;q=0.9',
  'accept-encoding' => 'gzip, deflate',
  'referer' => 'http://192.168.1.35/fastadmin_revision1/public//mail/bootstrap.min.css',
  'accept' => '*/*',
  'user-agent' => 'Mozilla/5.0 (Windows NT 6.1; WOW64) AppleWebKit/537.36 (KHTML, like Gecko) Chrome/70.0.3538.110 Safari/537.36',
  'origin' => 'http://192.168.1.35',
  'connection' => 'close',
  'host' => '192.168.1.35',
)
[ info ] [ PARAM ] array (
)
[ info ] [ LOG ] INIT File
---------------------------------------------------------------
[ 2019-08-29T16:55:58+08:00 ] 192.168.1.155 GET /fastadmin_revision1/public//fonts/glyphicons-halflings-regular.ttf
[ info ] 192.168.1.35/fastadmin_revision1/public//fonts/glyphicons-halflings-regular.ttf [运行时间：0.080004s][吞吐率：12.50req/s] [内存消耗：1,419.30kb] [文件加载：51]
[ info ] [ BEHAVIOR ] Run Closure @app_init [ RunTime:0.000000s ]
[ info ] [ CACHE ] INIT File
[ info ] [ BEHAVIOR ] Run Closure @app_init [ RunTime:0.006000s ]
[ info ] [ LANG ] E:\PHPTutorial\WWW\fastadmin_revision1\thinkphp\lang\zh-cn.php
[ info ] [ ROUTE ] array (
  'type' => 'module',
  'module' => 
  array (
    0 => 'fonts',
    1 => 'glyphicons-halflings-regular.ttf',
    2 => NULL,
  ),
)
[ info ] [ HEADER ] array (
  'cookie' => 'thinkphp_show_page_trace=0|0; Hm_lvt_f8d0a8c400404989e195270b0bbf060a=1565259593,1565317120,1566547972,1567047798; Hm_lpvt_f8d0a8c400404989e195270b0bbf060a=1567047798; PHPSESSID=n2bk9um48hmrk6c1ekth6u4rfo',
  'accept-language' => 'zh-CN,zh;q=0.9',
  'accept-encoding' => 'gzip, deflate',
  'referer' => 'http://192.168.1.35/fastadmin_revision1/public//mail/bootstrap.min.css',
  'accept' => '*/*',
  'user-agent' => 'Mozilla/5.0 (Windows NT 6.1; WOW64) AppleWebKit/537.36 (KHTML, like Gecko) Chrome/70.0.3538.110 Safari/537.36',
  'origin' => 'http://192.168.1.35',
  'connection' => 'close',
  'host' => '192.168.1.35',
)
[ info ] [ PARAM ] array (
)
[ info ] [ LOG ] INIT File
---------------------------------------------------------------
[ 2019-08-29T16:56:11+08:00 ] 192.168.1.155 POST /fastadmin_revision1/public/admin/mail.sendmail/set
[ info ] 192.168.1.35/fastadmin_revision1/public/admin/mail.sendmail/set [运行时间：0.305018s][吞吐率：3.28req/s] [内存消耗：3,061.88kb] [文件加载：77]
[ info ] [ BEHAVIOR ] Run Closure @app_init [ RunTime:0.000000s ]
[ info ] [ CACHE ] INIT File
[ info ] [ BEHAVIOR ] Run Closure @app_init [ RunTime:0.003000s ]
[ info ] [ LANG ] E:\PHPTutorial\WWW\fastadmin_revision1\thinkphp\lang\zh-cn.php
[ info ] [ ROUTE ] array (
  'type' => 'module',
  'module' => 
  array (
    0 => 'admin',
    1 => 'mail.sendmail',
    2 => 'set',
  ),
)
[ info ] [ HEADER ] array (
  'cookie' => 'thinkphp_show_page_trace=0|0; thinkphp_show_page_trace=0|0; Hm_lvt_f8d0a8c400404989e195270b0bbf060a=1565259593,1565317120,1566547972,1567047798; Hm_lpvt_f8d0a8c400404989e195270b0bbf060a=1567047798; PHPSESSID=n2bk9um48hmrk6c1ekth6u4rfo',
  'accept-language' => 'zh-CN,zh;q=0.9',
  'accept-encoding' => 'gzip, deflate',
  'referer' => 'http://192.168.1.35/fastadmin_revision1/public/admin/mail/sendmail?addtabs=1',
  'content-type' => 'application/x-www-form-urlencoded; charset=UTF-8',
  'user-agent' => 'Mozilla/5.0 (Windows NT 6.1; WOW64) AppleWebKit/537.36 (KHTML, like Gecko) Chrome/70.0.3538.110 Safari/537.36',
  'x-requested-with' => 'XMLHttpRequest',
  'origin' => 'http://192.168.1.35',
  'accept' => 'application/json, text/javascript, */*; q=0.01',
  'content-length' => '48',
  'connection' => 'close',
  'host' => '192.168.1.35',
)
[ info ] [ PARAM ] array (
  'uids' => '100094(asdsad)',
  'beannums' => '1',
  'roomnums' => '10000000',
)
[ info ] [ LANG ] E:\PHPTutorial\WWW\fastadmin_revision1\public/../application/admin\lang\zh-cn.php
[ info ] [ BEHAVIOR ] Run app\common\behavior\Common @module_init [ RunTime:0.002000s ]
[ info ] [ SESSION ] INIT array (
  'id' => '',
  'var_session_id' => '',
  'prefix' => 'think',
  'type' => '',
  'auto_start' => true,
)
[ info ] [ DB ] INIT mysql
[ info ] [ DB ] INIT mysql
[ info ] [ RUN ] app\admin\controller\mail\Sendmail->set[ E:\PHPTutorial\WWW\fastadmin_revision1\application\admin\controller\mail\Sendmail.php ]
[ info ] [ BEHAVIOR ] Run app\admin\behavior\AdminLog @app_end [ RunTime:0.120006s ]
[ info ] [ LOG ] INIT File
[ sql ] [ DB ] CONNECT:[ UseTime:0.007000s ] mysql:host=127.0.0.1;dbname=nyqp_gm;charset=utf8
[ sql ] [ SQL ] SHOW COLUMNS FROM `fa_auth_group_access` [ RunTime:0.019001s ]
[ sql ] [ SQL ] SELECT `aga`.`uid`,`aga`.`group_id`,`ag`.`id`,`ag`.`pid`,`ag`.`name`,`ag`.`rules` FROM `fa_auth_group_access` `aga` LEFT JOIN `fa_auth_group` `ag` ON `aga`.`group_id`=`ag`.`id` WHERE  (  aga.uid='9' and ag.status='normal' ) [ RunTime:0.003000s ]
[ sql ] [ SQL ] SHOW COLUMNS FROM `fa_auth_rule` [ RunTime:0.019002s ]
[ sql ] [ SQL ] SELECT `id`,`pid`,`condition`,`icon`,`name`,`title`,`ismenu` FROM `fa_auth_rule` WHERE  `status` = 'normal'  AND `id` IN (1,8,9,10,11,13,14,15,16,17,29,30,31,32,33,34,40,41,42,43,44,45,46,47,48,49,50,86,87,89,90,91,92,93,94,95,98,99,101,103,104,105,121,122,124,129,130,131,132,133,134,135,150,151,152,153,154,155,160,163,164,165,166,167,168,169,170,171,172,173,174,175,176,177,178,179,180,181,182,183,184,185,186,187,188,189,190,191,192,213,214,215,216,217,218,219,220,221,222,2,5,85,88,100,102,120,123,128,159) [ RunTime:0.013000s ]
[ sql ] [ SQL ] SHOW COLUMNS FROM `fa_admin_log` [ RunTime:0.080004s ]
[ sql ] [ SQL ] INSERT INTO `fa_admin_log` (`title` , `content` , `url` , `admin_id` , `username` , `useragent` , `ip` , `createtime`) VALUES ('邮件管理 发送邮件 发送' , '{\"uids\":\"100094(asdsad)\",\"beannums\":\"1\",\"roomnums\":\"10000000\"}' , '/fastadmin_revision1/public/admin/mail.sendmail/set' , 9 , 'lishilin' , 'Mozilla/5.0 (Windows NT 6.1; WOW64) AppleWebKit/537.36 (KHTML, like Gecko) Chrome/70.0.3538.110 Safari/537.36' , '192.168.1.155' , 1567068971) [ RunTime:0.037002s ]
---------------------------------------------------------------
[ 2019-08-29T17:32:48+08:00 ] 192.168.1.155 GET /fastadmin_revision1/public/admin/mail/sendmail?addtabs=1
[ info ] 192.168.1.35/fastadmin_revision1/public/admin/mail/sendmail?addtabs=1 [运行时间：0.401023s][吞吐率：2.49req/s] [内存消耗：3,376.17kb] [文件加载：79]
[ info ] [ BEHAVIOR ] Run Closure @app_init [ RunTime:0.000000s ]
[ info ] [ CACHE ] INIT File
[ info ] [ BEHAVIOR ] Run Closure @app_init [ RunTime:0.006000s ]
[ info ] [ LANG ] E:\PHPTutorial\WWW\fastadmin_revision1\thinkphp\lang\zh-cn.php
[ info ] [ ROUTE ] array (
  'type' => 'module',
  'module' => 
  array (
    0 => 'admin',
    1 => 'mail.sendmail',
    2 => NULL,
  ),
)
[ info ] [ HEADER ] array (
  'cookie' => 'thinkphp_show_page_trace=0|0; thinkphp_show_page_trace=0|0; thinkphp_show_page_trace=0|0; Hm_lvt_f8d0a8c400404989e195270b0bbf060a=1565259593,1565317120,1566547972,1567047798; Hm_lpvt_f8d0a8c400404989e195270b0bbf060a=1567047798; PHPSESSID=n2bk9um48hmrk6c1ekth6u4rfo',
  'accept-language' => 'zh-CN,zh;q=0.9',
  'accept-encoding' => 'gzip, deflate',
  'referer' => 'http://192.168.1.35/fastadmin_revision1/public/admin/mail/sendmail?ref=addtabs',
  'accept' => 'text/html,application/xhtml+xml,application/xml;q=0.9,image/webp,image/apng,*/*;q=0.8',
  'user-agent' => 'Mozilla/5.0 (Windows NT 6.1; WOW64) AppleWebKit/537.36 (KHTML, like Gecko) Chrome/70.0.3538.110 Safari/537.36',
  'upgrade-insecure-requests' => '1',
  'connection' => 'close',
  'host' => '192.168.1.35',
)
[ info ] [ PARAM ] array (
  'addtabs' => '1',
)
[ info ] [ LANG ] E:\PHPTutorial\WWW\fastadmin_revision1\public/../application/admin\lang\zh-cn.php
[ info ] [ BEHAVIOR ] Run app\common\behavior\Common @module_init [ RunTime:0.006001s ]
[ info ] [ SESSION ] INIT array (
  'id' => '',
  'var_session_id' => '',
  'prefix' => 'think',
  'type' => '',
  'auto_start' => true,
)
[ info ] [ DB ] INIT mysql
[ info ] [ DB ] INIT mysql
[ info ] [ RUN ] app\admin\controller\mail\Sendmail->index[ E:\PHPTutorial\WWW\fastadmin_revision1\application\admin\controller\mail\Sendmail.php ]
[ info ] [ VIEW ] E:\PHPTutorial\WWW\fastadmin_revision1\public/../application/admin\view\mail\sendmail\index.html [ array (
  0 => 'breadcrumb',
  1 => 'site',
  2 => 'config',
  3 => 'auth',
  4 => 'admin',
  5 => 'list',
) ]
[ info ] [ BEHAVIOR ] Run app\admin\behavior\AdminLog @app_end [ RunTime:0.001000s ]
[ info ] [ LOG ] INIT File
[ sql ] [ DB ] CONNECT:[ UseTime:0.150008s ] mysql:host=127.0.0.1;dbname=nyqp_gm;charset=utf8
[ sql ] [ SQL ] SHOW COLUMNS FROM `fa_auth_group_access` [ RunTime:0.021002s ]
[ sql ] [ SQL ] SELECT `aga`.`uid`,`aga`.`group_id`,`ag`.`id`,`ag`.`pid`,`ag`.`name`,`ag`.`rules` FROM `fa_auth_group_access` `aga` LEFT JOIN `fa_auth_group` `ag` ON `aga`.`group_id`=`ag`.`id` WHERE  (  aga.uid='9' and ag.status='normal' ) [ RunTime:0.004000s ]
[ sql ] [ SQL ] SHOW COLUMNS FROM `fa_auth_rule` [ RunTime:0.019001s ]
[ sql ] [ SQL ] SELECT `id`,`pid`,`condition`,`icon`,`name`,`title`,`ismenu` FROM `fa_auth_rule` WHERE  `status` = 'normal'  AND `id` IN (1,8,9,10,11,13,14,15,16,17,29,30,31,32,33,34,40,41,42,43,44,45,46,47,48,49,50,86,87,89,90,91,92,93,94,95,98,99,101,103,104,105,121,122,124,129,130,131,132,133,134,135,150,151,152,153,154,155,160,163,164,165,166,167,168,169,170,171,172,173,174,175,176,177,178,179,180,181,182,183,184,185,186,187,188,189,190,191,192,213,214,215,216,217,218,219,220,221,222,2,5,85,88,100,102,120,123,128,159) [ RunTime:0.012001s ]
---------------------------------------------------------------
[ 2019-08-29T17:32:49+08:00 ] 192.168.1.155 GET /fastadmin_revision1/public/admin/ajax/lang?callback=define&controllername=mail.sendmail&v=1567071168
[ info ] 192.168.1.35/fastadmin_revision1/public/admin/ajax/lang?callback=define&controllername=mail.sendmail&v=1567071168 [运行时间：0.081005s][吞吐率：12.34req/s] [内存消耗：2,340.19kb] [文件加载：69]
[ info ] [ BEHAVIOR ] Run Closure @app_init [ RunTime:0.000000s ]
[ info ] [ CACHE ] INIT File
[ info ] [ BEHAVIOR ] Run Closure @app_init [ RunTime:0.003000s ]
[ info ] [ LANG ] E:\PHPTutorial\WWW\fastadmin_revision1\thinkphp\lang\zh-cn.php
[ info ] [ ROUTE ] array (
  'type' => 'module',
  'module' => 
  array (
    0 => 'admin',
    1 => 'ajax',
    2 => 'lang',
  ),
)
[ info ] [ HEADER ] array (
  'cookie' => 'thinkphp_show_page_trace=0|0; thinkphp_show_page_trace=0|0; Hm_lvt_f8d0a8c400404989e195270b0bbf060a=1565259593,1565317120,1566547972,1567047798; Hm_lpvt_f8d0a8c400404989e195270b0bbf060a=1567047798; PHPSESSID=n2bk9um48hmrk6c1ekth6u4rfo',
  'accept-language' => 'zh-CN,zh;q=0.9',
  'accept-encoding' => 'gzip, deflate',
  'referer' => 'http://192.168.1.35/fastadmin_revision1/public/admin/mail/sendmail?addtabs=1',
  'accept' => '*/*',
  'user-agent' => 'Mozilla/5.0 (Windows NT 6.1; WOW64) AppleWebKit/537.36 (KHTML, like Gecko) Chrome/70.0.3538.110 Safari/537.36',
  'connection' => 'close',
  'host' => '192.168.1.35',
)
[ info ] [ PARAM ] array (
  'callback' => 'define',
  'controllername' => 'mail.sendmail',
  'v' => '1567071168',
)
[ info ] [ LANG ] E:\PHPTutorial\WWW\fastadmin_revision1\public/../application/admin\lang\zh-cn.php
[ info ] [ BEHAVIOR ] Run app\common\behavior\Common @module_init [ RunTime:0.002000s ]
[ info ] [ SESSION ] INIT array (
  'id' => '',
  'var_session_id' => '',
  'prefix' => 'think',
  'type' => '',
  'auto_start' => true,
)
[ info ] [ LANG ] E:\PHPTutorial\WWW\fastadmin_revision1\public/../application/admin/lang/zh-cn/ajax.php
[ info ] [ RUN ] app\admin\controller\Ajax->lang[ E:\PHPTutorial\WWW\fastadmin_revision1\application\admin\controller\Ajax.php ]
[ info ] [ BEHAVIOR ] Run app\admin\behavior\AdminLog @app_end [ RunTime:0.001000s ]
[ info ] [ LOG ] INIT File
---------------------------------------------------------------
[ 2019-08-29T17:32:50+08:00 ] 192.168.1.155 GET /fastadmin_revision1/public/assets/js/backend/mail/sendmail.js?v=1567071168
[ info ] 192.168.1.35/fastadmin_revision1/public/assets/js/backend/mail/sendmail.js?v=1567071168 [运行时间：0.067004s][吞吐率：14.92req/s] [内存消耗：1,419.55kb] [文件加载：51]
[ info ] [ BEHAVIOR ] Run Closure @app_init [ RunTime:0.000000s ]
[ info ] [ CACHE ] INIT File
[ info ] [ BEHAVIOR ] Run Closure @app_init [ RunTime:0.004001s ]
[ info ] [ LANG ] E:\PHPTutorial\WWW\fastadmin_revision1\thinkphp\lang\zh-cn.php
[ info ] [ ROUTE ] array (
  'type' => 'module',
  'module' => 
  array (
    0 => 'assets',
    1 => 'js',
    2 => 'backend',
  ),
)
[ info ] [ HEADER ] array (
  'cookie' => 'thinkphp_show_page_trace=0|0; Hm_lvt_f8d0a8c400404989e195270b0bbf060a=1565259593,1565317120,1566547972,1567047798; Hm_lpvt_f8d0a8c400404989e195270b0bbf060a=1567047798; PHPSESSID=n2bk9um48hmrk6c1ekth6u4rfo',
  'accept-language' => 'zh-CN,zh;q=0.9',
  'accept-encoding' => 'gzip, deflate',
  'referer' => 'http://192.168.1.35/fastadmin_revision1/public/admin/mail/sendmail?addtabs=1',
  'accept' => '*/*',
  'user-agent' => 'Mozilla/5.0 (Windows NT 6.1; WOW64) AppleWebKit/537.36 (KHTML, like Gecko) Chrome/70.0.3538.110 Safari/537.36',
  'connection' => 'close',
  'host' => '192.168.1.35',
)
[ info ] [ PARAM ] array (
  'v' => '1567071168',
  'mail' => 'sendmail.js',
)
[ info ] [ LOG ] INIT File
---------------------------------------------------------------
[ 2019-08-29T17:32:54+08:00 ] 192.168.1.155 GET /fastadmin_revision1/public//fonts/glyphicons-halflings-regular.woff
[ info ] 192.168.1.35/fastadmin_revision1/public//fonts/glyphicons-halflings-regular.woff [运行时间：0.074004s][吞吐率：13.51req/s] [内存消耗：1,419.32kb] [文件加载：51]
[ info ] [ BEHAVIOR ] Run Closure @app_init [ RunTime:0.000000s ]
[ info ] [ CACHE ] INIT File
[ info ] [ BEHAVIOR ] Run Closure @app_init [ RunTime:0.003000s ]
[ info ] [ LANG ] E:\PHPTutorial\WWW\fastadmin_revision1\thinkphp\lang\zh-cn.php
[ info ] [ ROUTE ] array (
  'type' => 'module',
  'module' => 
  array (
    0 => 'fonts',
    1 => 'glyphicons-halflings-regular.woff',
    2 => NULL,
  ),
)
[ info ] [ HEADER ] array (
  'cookie' => 'thinkphp_show_page_trace=0|0; Hm_lvt_f8d0a8c400404989e195270b0bbf060a=1565259593,1565317120,1566547972,1567047798; Hm_lpvt_f8d0a8c400404989e195270b0bbf060a=1567047798; PHPSESSID=n2bk9um48hmrk6c1ekth6u4rfo',
  'accept-language' => 'zh-CN,zh;q=0.9',
  'accept-encoding' => 'gzip, deflate',
  'referer' => 'http://192.168.1.35/fastadmin_revision1/public//mail/bootstrap.min.css',
  'accept' => '*/*',
  'user-agent' => 'Mozilla/5.0 (Windows NT 6.1; WOW64) AppleWebKit/537.36 (KHTML, like Gecko) Chrome/70.0.3538.110 Safari/537.36',
  'origin' => 'http://192.168.1.35',
  'connection' => 'close',
  'host' => '192.168.1.35',
)
[ info ] [ PARAM ] array (
)
[ info ] [ LOG ] INIT File
---------------------------------------------------------------
[ 2019-08-29T17:32:54+08:00 ] 192.168.1.155 GET /fastadmin_revision1/public//fonts/glyphicons-halflings-regular.ttf
[ info ] 192.168.1.35/fastadmin_revision1/public//fonts/glyphicons-halflings-regular.ttf [运行时间：0.078004s][吞吐率：12.82req/s] [内存消耗：1,419.30kb] [文件加载：51]
[ info ] [ BEHAVIOR ] Run Closure @app_init [ RunTime:0.000000s ]
[ info ] [ CACHE ] INIT File
[ info ] [ BEHAVIOR ] Run Closure @app_init [ RunTime:0.005000s ]
[ info ] [ LANG ] E:\PHPTutorial\WWW\fastadmin_revision1\thinkphp\lang\zh-cn.php
[ info ] [ ROUTE ] array (
  'type' => 'module',
  'module' => 
  array (
    0 => 'fonts',
    1 => 'glyphicons-halflings-regular.ttf',
    2 => NULL,
  ),
)
[ info ] [ HEADER ] array (
  'cookie' => 'thinkphp_show_page_trace=0|0; Hm_lvt_f8d0a8c400404989e195270b0bbf060a=1565259593,1565317120,1566547972,1567047798; Hm_lpvt_f8d0a8c400404989e195270b0bbf060a=1567047798; PHPSESSID=n2bk9um48hmrk6c1ekth6u4rfo',
  'accept-language' => 'zh-CN,zh;q=0.9',
  'accept-encoding' => 'gzip, deflate',
  'referer' => 'http://192.168.1.35/fastadmin_revision1/public//mail/bootstrap.min.css',
  'accept' => '*/*',
  'user-agent' => 'Mozilla/5.0 (Windows NT 6.1; WOW64) AppleWebKit/537.36 (KHTML, like Gecko) Chrome/70.0.3538.110 Safari/537.36',
  'origin' => 'http://192.168.1.35',
  'connection' => 'close',
  'host' => '192.168.1.35',
)
[ info ] [ PARAM ] array (
)
[ info ] [ LOG ] INIT File
---------------------------------------------------------------
[ 2019-08-29T17:33:15+08:00 ] 192.168.1.155 POST /fastadmin_revision1/public/admin/mail.sendmail/set
[ info ] 192.168.1.35/fastadmin_revision1/public/admin/mail.sendmail/set [运行时间：0.291017s][吞吐率：3.44req/s] [内存消耗：3,061.87kb] [文件加载：77]
[ info ] [ BEHAVIOR ] Run Closure @app_init [ RunTime:0.000000s ]
[ info ] [ CACHE ] INIT File
[ info ] [ BEHAVIOR ] Run Closure @app_init [ RunTime:0.003000s ]
[ info ] [ LANG ] E:\PHPTutorial\WWW\fastadmin_revision1\thinkphp\lang\zh-cn.php
[ info ] [ ROUTE ] array (
  'type' => 'module',
  'module' => 
  array (
    0 => 'admin',
    1 => 'mail.sendmail',
    2 => 'set',
  ),
)
[ info ] [ HEADER ] array (
  'cookie' => 'thinkphp_show_page_trace=0|0; thinkphp_show_page_trace=0|0; Hm_lvt_f8d0a8c400404989e195270b0bbf060a=1565259593,1565317120,1566547972,1567047798; Hm_lpvt_f8d0a8c400404989e195270b0bbf060a=1567047798; PHPSESSID=n2bk9um48hmrk6c1ekth6u4rfo',
  'accept-language' => 'zh-CN,zh;q=0.9',
  'accept-encoding' => 'gzip, deflate',
  'referer' => 'http://192.168.1.35/fastadmin_revision1/public/admin/mail/sendmail?addtabs=1',
  'content-type' => 'application/x-www-form-urlencoded; charset=UTF-8',
  'user-agent' => 'Mozilla/5.0 (Windows NT 6.1; WOW64) AppleWebKit/537.36 (KHTML, like Gecko) Chrome/70.0.3538.110 Safari/537.36',
  'x-requested-with' => 'XMLHttpRequest',
  'origin' => 'http://192.168.1.35',
  'accept' => 'application/json, text/javascript, */*; q=0.01',
  'content-length' => '46',
  'connection' => 'close',
  'host' => '192.168.1.35',
)
[ info ] [ PARAM ] array (
  'uids' => '100065(yyd3)',
  'beannums' => '1',
  'roomnums' => '10000000',
)
[ info ] [ LANG ] E:\PHPTutorial\WWW\fastadmin_revision1\public/../application/admin\lang\zh-cn.php
[ info ] [ BEHAVIOR ] Run app\common\behavior\Common @module_init [ RunTime:0.004000s ]
[ info ] [ SESSION ] INIT array (
  'id' => '',
  'var_session_id' => '',
  'prefix' => 'think',
  'type' => '',
  'auto_start' => true,
)
[ info ] [ DB ] INIT mysql
[ info ] [ DB ] INIT mysql
[ info ] [ RUN ] app\admin\controller\mail\Sendmail->set[ E:\PHPTutorial\WWW\fastadmin_revision1\application\admin\controller\mail\Sendmail.php ]
[ info ] [ BEHAVIOR ] Run app\admin\behavior\AdminLog @app_end [ RunTime:0.083005s ]
[ info ] [ LOG ] INIT File
[ sql ] [ DB ] CONNECT:[ UseTime:0.008001s ] mysql:host=127.0.0.1;dbname=nyqp_gm;charset=utf8
[ sql ] [ SQL ] SHOW COLUMNS FROM `fa_auth_group_access` [ RunTime:0.026001s ]
[ sql ] [ SQL ] SELECT `aga`.`uid`,`aga`.`group_id`,`ag`.`id`,`ag`.`pid`,`ag`.`name`,`ag`.`rules` FROM `fa_auth_group_access` `aga` LEFT JOIN `fa_auth_group` `ag` ON `aga`.`group_id`=`ag`.`id` WHERE  (  aga.uid='9' and ag.status='normal' ) [ RunTime:0.003000s ]
[ sql ] [ SQL ] SHOW COLUMNS FROM `fa_auth_rule` [ RunTime:0.023002s ]
[ sql ] [ SQL ] SELECT `id`,`pid`,`condition`,`icon`,`name`,`title`,`ismenu` FROM `fa_auth_rule` WHERE  `status` = 'normal'  AND `id` IN (1,8,9,10,11,13,14,15,16,17,29,30,31,32,33,34,40,41,42,43,44,45,46,47,48,49,50,86,87,89,90,91,92,93,94,95,98,99,101,103,104,105,121,122,124,129,130,131,132,133,134,135,150,151,152,153,154,155,160,163,164,165,166,167,168,169,170,171,172,173,174,175,176,177,178,179,180,181,182,183,184,185,186,187,188,189,190,191,192,213,214,215,216,217,218,219,220,221,222,2,5,85,88,100,102,120,123,128,159) [ RunTime:0.012000s ]
[ sql ] [ SQL ] SHOW COLUMNS FROM `fa_admin_log` [ RunTime:0.029002s ]
[ sql ] [ SQL ] INSERT INTO `fa_admin_log` (`title` , `content` , `url` , `admin_id` , `username` , `useragent` , `ip` , `createtime`) VALUES ('邮件管理 发送邮件 发送' , '{\"uids\":\"100065(yyd3)\",\"beannums\":\"1\",\"roomnums\":\"10000000\"}' , '/fastadmin_revision1/public/admin/mail.sendmail/set' , 9 , 'lishilin' , 'Mozilla/5.0 (Windows NT 6.1; WOW64) AppleWebKit/537.36 (KHTML, like Gecko) Chrome/70.0.3538.110 Safari/537.36' , '192.168.1.155' , 1567071195) [ RunTime:0.049003s ]
---------------------------------------------------------------
[ 2019-08-29T17:35:51+08:00 ] 192.168.1.155 POST /fastadmin_revision1/public/admin/mail.sendmail/set
[ info ] 192.168.1.35/fastadmin_revision1/public/admin/mail.sendmail/set [运行时间：0.265015s][吞吐率：3.77req/s] [内存消耗：3,061.87kb] [文件加载：77]
[ info ] [ BEHAVIOR ] Run Closure @app_init [ RunTime:0.000000s ]
[ info ] [ CACHE ] INIT File
[ info ] [ BEHAVIOR ] Run Closure @app_init [ RunTime:0.007000s ]
[ info ] [ LANG ] E:\PHPTutorial\WWW\fastadmin_revision1\thinkphp\lang\zh-cn.php
[ info ] [ ROUTE ] array (
  'type' => 'module',
  'module' => 
  array (
    0 => 'admin',
    1 => 'mail.sendmail',
    2 => 'set',
  ),
)
[ info ] [ HEADER ] array (
  'cookie' => 'thinkphp_show_page_trace=0|0; thinkphp_show_page_trace=0|0; Hm_lvt_f8d0a8c400404989e195270b0bbf060a=1565259593,1565317120,1566547972,1567047798; Hm_lpvt_f8d0a8c400404989e195270b0bbf060a=1567047798; PHPSESSID=n2bk9um48hmrk6c1ekth6u4rfo',
  'accept-language' => 'zh-CN,zh;q=0.9',
  'accept-encoding' => 'gzip, deflate',
  'referer' => 'http://192.168.1.35/fastadmin_revision1/public/admin/mail/sendmail?addtabs=1',
  'content-type' => 'application/x-www-form-urlencoded; charset=UTF-8',
  'user-agent' => 'Mozilla/5.0 (Windows NT 6.1; WOW64) AppleWebKit/537.36 (KHTML, like Gecko) Chrome/70.0.3538.110 Safari/537.36',
  'x-requested-with' => 'XMLHttpRequest',
  'origin' => 'http://192.168.1.35',
  'accept' => 'application/json, text/javascript, */*; q=0.01',
  'content-length' => '46',
  'connection' => 'close',
  'host' => '192.168.1.35',
)
[ info ] [ PARAM ] array (
  'uids' => '100056(yyd2)',
  'beannums' => '1',
  'roomnums' => '10000000',
)
[ info ] [ LANG ] E:\PHPTutorial\WWW\fastadmin_revision1\public/../application/admin\lang\zh-cn.php
[ info ] [ BEHAVIOR ] Run app\common\behavior\Common @module_init [ RunTime:0.006001s ]
[ info ] [ SESSION ] INIT array (
  'id' => '',
  'var_session_id' => '',
  'prefix' => 'think',
  'type' => '',
  'auto_start' => true,
)
[ info ] [ DB ] INIT mysql
[ info ] [ DB ] INIT mysql
[ info ] [ RUN ] app\admin\controller\mail\Sendmail->set[ E:\PHPTutorial\WWW\fastadmin_revision1\application\admin\controller\mail\Sendmail.php ]
[ info ] [ BEHAVIOR ] Run app\admin\behavior\AdminLog @app_end [ RunTime:0.046003s ]
[ info ] [ LOG ] INIT File
[ sql ] [ DB ] CONNECT:[ UseTime:0.010000s ] mysql:host=127.0.0.1;dbname=nyqp_gm;charset=utf8
[ sql ] [ SQL ] SHOW COLUMNS FROM `fa_auth_group_access` [ RunTime:0.026002s ]
[ sql ] [ SQL ] SELECT `aga`.`uid`,`aga`.`group_id`,`ag`.`id`,`ag`.`pid`,`ag`.`name`,`ag`.`rules` FROM `fa_auth_group_access` `aga` LEFT JOIN `fa_auth_group` `ag` ON `aga`.`group_id`=`ag`.`id` WHERE  (  aga.uid='9' and ag.status='normal' ) [ RunTime:0.002000s ]
[ sql ] [ SQL ] SHOW COLUMNS FROM `fa_auth_rule` [ RunTime:0.018001s ]
[ sql ] [ SQL ] SELECT `id`,`pid`,`condition`,`icon`,`name`,`title`,`ismenu` FROM `fa_auth_rule` WHERE  `status` = 'normal'  AND `id` IN (1,8,9,10,11,13,14,15,16,17,29,30,31,32,33,34,40,41,42,43,44,45,46,47,48,49,50,86,87,89,90,91,92,93,94,95,98,99,101,103,104,105,121,122,124,129,130,131,132,133,134,135,150,151,152,153,154,155,160,163,164,165,166,167,168,169,170,171,172,173,174,175,176,177,178,179,180,181,182,183,184,185,186,187,188,189,190,191,192,213,214,215,216,217,218,219,220,221,222,2,5,85,88,100,102,120,123,128,159) [ RunTime:0.012001s ]
[ sql ] [ SQL ] SHOW COLUMNS FROM `fa_admin_log` [ RunTime:0.019002s ]
[ sql ] [ SQL ] INSERT INTO `fa_admin_log` (`title` , `content` , `url` , `admin_id` , `username` , `useragent` , `ip` , `createtime`) VALUES ('邮件管理 发送邮件 发送' , '{\"uids\":\"100056(yyd2)\",\"beannums\":\"1\",\"roomnums\":\"10000000\"}' , '/fastadmin_revision1/public/admin/mail.sendmail/set' , 9 , 'lishilin' , 'Mozilla/5.0 (Windows NT 6.1; WOW64) AppleWebKit/537.36 (KHTML, like Gecko) Chrome/70.0.3538.110 Safari/537.36' , '192.168.1.155' , 1567071351) [ RunTime:0.023001s ]
