---------------------------------------------------------------
[ 2019-10-16T10:12:01+08:00 ] 192.168.1.150 GET /seer_gm/public/admin/dashboard?ref=addtabs
[ info ] 192.168.1.35/seer_gm/public/admin/dashboard?ref=addtabs [运行时间：0.179011s][吞吐率：5.59req/s] [内存消耗：2,115.59kb] [文件加载：69]
[ info ] [ BEHAVIOR ] Run Closure @app_init [ RunTime:0.000000s ]
[ info ] [ CACHE ] INIT File
[ info ] [ BEHAVIOR ] Run Closure @app_init [ RunTime:0.005000s ]
[ info ] [ LANG ] E:\PHPTutorial\WWW\seer_gm\thinkphp\lang\zh-cn.php
[ info ] [ ROUTE ] array (
  'type' => 'module',
  'module' => 
  array (
    0 => 'admin',
    1 => 'dashboard',
    2 => NULL,
  ),
)
[ info ] [ HEADER ] array (
  'cookie' => 'Hm_lvt_f8d0a8c400404989e195270b0bbf060a=1569482596,1569570754,1570590637,1570591296',
  'accept-language' => 'zh-CN,zh;q=0.9',
  'accept-encoding' => 'gzip, deflate',
  'accept' => 'text/html,application/xhtml+xml,application/xml;q=0.9,image/webp,image/apng,*/*;q=0.8',
  'user-agent' => 'Mozilla/5.0 (Windows NT 6.1; WOW64) AppleWebKit/537.36 (KHTML, like Gecko) Chrome/70.0.3538.110 Safari/537.36',
  'upgrade-insecure-requests' => '1',
  'connection' => 'close',
  'host' => '192.168.1.35',
)
[ info ] [ PARAM ] array (
  'ref' => 'addtabs',
)
[ info ] [ LANG ] E:\PHPTutorial\WWW\seer_gm\public/../application/admin\lang\zh-cn.php
[ info ] [ BEHAVIOR ] Run app\common\behavior\Common @module_init [ RunTime:0.004000s ]
[ info ] [ SESSION ] INIT array (
  'id' => '',
  'var_session_id' => '',
  'prefix' => 'think',
  'type' => '',
  'auto_start' => true,
)
[ info ] [ VIEW ] E:\PHPTutorial\WWW\seer_gm\public/../application/common\view\tpl\dispatch_jump.tpl [ array (
  0 => 'code',
  1 => 'msg',
  2 => 'data',
  3 => 'url',
  4 => 'wait',
) ]
[ info ] [ BEHAVIOR ] Run app\admin\behavior\AdminLog @app_end [ RunTime:0.002000s ]
[ info ] [ LOG ] INIT File
---------------------------------------------------------------
[ 2019-10-16T10:12:03+08:00 ] 192.168.1.150 GET /seer_gm/public/admin/index/login?url=%2Fseer_gm%2Fpublic%2Fadmin%2Fdashboard%3Fref%3Daddtabs
[ info ] 192.168.1.35/seer_gm/public/admin/index/login?url=%2Fseer_gm%2Fpublic%2Fadmin%2Fdashboard%3Fref%3Daddtabs [运行时间：0.135008s][吞吐率：7.41req/s] [内存消耗：2,381.91kb] [文件加载：72]
[ info ] [ BEHAVIOR ] Run Closure @app_init [ RunTime:0.000000s ]
[ info ] [ CACHE ] INIT File
[ info ] [ BEHAVIOR ] Run Closure @app_init [ RunTime:0.006001s ]
[ info ] [ LANG ] E:\PHPTutorial\WWW\seer_gm\thinkphp\lang\zh-cn.php
[ info ] [ ROUTE ] array (
  'type' => 'module',
  'module' => 
  array (
    0 => 'admin',
    1 => 'index',
    2 => 'login',
  ),
)
[ info ] [ HEADER ] array (
  'cookie' => 'thinkphp_show_page_trace=0|0; Hm_lvt_f8d0a8c400404989e195270b0bbf060a=1569482596,1569570754,1570590637,1570591296; PHPSESSID=s125kar192m7oonoi7m8844mar',
  'accept-language' => 'zh-CN,zh;q=0.9',
  'accept-encoding' => 'gzip, deflate',
  'referer' => 'http://192.168.1.35/seer_gm/public/admin/dashboard?ref=addtabs',
  'accept' => 'text/html,application/xhtml+xml,application/xml;q=0.9,image/webp,image/apng,*/*;q=0.8',
  'user-agent' => 'Mozilla/5.0 (Windows NT 6.1; WOW64) AppleWebKit/537.36 (KHTML, like Gecko) Chrome/70.0.3538.110 Safari/537.36',
  'upgrade-insecure-requests' => '1',
  'connection' => 'close',
  'host' => '192.168.1.35',
)
[ info ] [ PARAM ] array (
  'url' => '/seer_gm/public/admin/dashboard?ref=addtabs',
)
[ info ] [ LANG ] E:\PHPTutorial\WWW\seer_gm\public/../application/admin\lang\zh-cn.php
[ info ] [ BEHAVIOR ] Run app\common\behavior\Common @module_init [ RunTime:0.004001s ]
[ info ] [ SESSION ] INIT array (
  'id' => '',
  'var_session_id' => '',
  'prefix' => 'think',
  'type' => '',
  'auto_start' => true,
)
[ info ] [ LANG ] E:\PHPTutorial\WWW\seer_gm\public/../application/admin/lang/zh-cn/index.php
[ info ] [ RUN ] app\admin\controller\Index->login[ E:\PHPTutorial\WWW\seer_gm\application\admin\controller\Index.php ]
[ info ] [ VIEW ] E:\PHPTutorial\WWW\seer_gm\public/../application/admin\view\index\login.html [ array (
  0 => 'breadcrumb',
  1 => 'site',
  2 => 'config',
  3 => 'auth',
  4 => 'admin',
  5 => 'background',
  6 => 'title',
) ]
[ info ] [ BEHAVIOR ] Run app\admin\behavior\AdminLog @app_end [ RunTime:0.001000s ]
[ info ] [ LOG ] INIT File
---------------------------------------------------------------
[ 2019-10-16T10:12:09+08:00 ] 192.168.1.150 POST /seer_gm/public/admin/index/login?url=%2Fseer_gm%2Fpublic%2Fadmin%2Fdashboard%3Fref%3Daddtabs
[ info ] 192.168.1.35/seer_gm/public/admin/index/login?url=%2Fseer_gm%2Fpublic%2Fadmin%2Fdashboard%3Fref%3Daddtabs [运行时间：0.855049s][吞吐率：1.17req/s] [内存消耗：3,010.10kb] [文件加载：80]
[ info ] [ BEHAVIOR ] Run Closure @app_init [ RunTime:0.000000s ]
[ info ] [ CACHE ] INIT File
[ info ] [ BEHAVIOR ] Run Closure @app_init [ RunTime:0.004000s ]
[ info ] [ LANG ] E:\PHPTutorial\WWW\seer_gm\thinkphp\lang\zh-cn.php
[ info ] [ ROUTE ] array (
  'type' => 'module',
  'module' => 
  array (
    0 => 'admin',
    1 => 'index',
    2 => 'login',
  ),
)
[ info ] [ HEADER ] array (
  'cookie' => 'thinkphp_show_page_trace=0|0; thinkphp_show_page_trace=0|0; Hm_lvt_f8d0a8c400404989e195270b0bbf060a=1569482596,1569570754,1570590637,1570591296; PHPSESSID=s125kar192m7oonoi7m8844mar',
  'accept-language' => 'zh-CN,zh;q=0.9',
  'accept-encoding' => 'gzip, deflate',
  'referer' => 'http://192.168.1.35/seer_gm/public/admin/index/login?url=%2Fseer_gm%2Fpublic%2Fadmin%2Fdashboard%3Fref%3Daddtabs',
  'accept' => 'text/html,application/xhtml+xml,application/xml;q=0.9,image/webp,image/apng,*/*;q=0.8',
  'user-agent' => 'Mozilla/5.0 (Windows NT 6.1; WOW64) AppleWebKit/537.36 (KHTML, like Gecko) Chrome/70.0.3538.110 Safari/537.36',
  'content-type' => 'application/x-www-form-urlencoded',
  'upgrade-insecure-requests' => '1',
  'origin' => 'http://192.168.1.35',
  'cache-control' => 'max-age=0',
  'content-length' => '78',
  'connection' => 'close',
  'host' => '192.168.1.35',
)
[ info ] [ PARAM ] array (
  'url' => '/seer_gm/public/admin/dashboard?ref=addtabs',
  '__token__' => '9b39edc0929f89b1a0ef81a3267667b6',
  'username' => 'lishilin',
  'password' => 'lishilin',
)
[ info ] [ LANG ] E:\PHPTutorial\WWW\seer_gm\public/../application/admin\lang\zh-cn.php
[ info ] [ BEHAVIOR ] Run app\common\behavior\Common @module_init [ RunTime:0.003001s ]
[ info ] [ SESSION ] INIT array (
  'id' => '',
  'var_session_id' => '',
  'prefix' => 'think',
  'type' => '',
  'auto_start' => true,
)
[ info ] [ LANG ] E:\PHPTutorial\WWW\seer_gm\public/../application/admin/lang/zh-cn/index.php
[ info ] [ RUN ] app\admin\controller\Index->login[ E:\PHPTutorial\WWW\seer_gm\application\admin\controller\Index.php ]
[ info ] [ DB ] INIT mysql
[ info ] [ VIEW ] E:\PHPTutorial\WWW\seer_gm\public/../application/common\view\tpl\dispatch_jump.tpl [ array (
  0 => 'breadcrumb',
  1 => 'site',
  2 => 'config',
  3 => 'auth',
  4 => 'admin',
  5 => 'code',
  6 => 'msg',
  7 => 'data',
  8 => 'url',
  9 => 'wait',
) ]
[ info ] [ BEHAVIOR ] Run app\admin\behavior\AdminLog @app_end [ RunTime:0.352020s ]
[ info ] [ LOG ] INIT File
[ sql ] [ DB ] CONNECT:[ UseTime:0.116006s ] mysql:host=127.0.0.1;dbname=nyqp_gm;charset=utf8
[ sql ] [ SQL ] SHOW COLUMNS FROM `fa_admin` [ RunTime:0.173010s ]
[ sql ] [ SQL ] SELECT * FROM `fa_admin` WHERE  `username` = 'lishilin' LIMIT 1 [ RunTime:0.002000s ]
[ sql ] [ SQL ] UPDATE `fa_admin`  SET `logintime`=1571191929,`token`='51291570-61b7-4858-806a-b26fe443e6b7',`updatetime`=1571191929  WHERE  `id` = 9 [ RunTime:0.057004s ]
[ sql ] [ SQL ] SHOW COLUMNS FROM `fa_admin_log` [ RunTime:0.304017s ]
[ sql ] [ SQL ] INSERT INTO `fa_admin_log` (`title` , `content` , `url` , `admin_id` , `username` , `useragent` , `ip` , `createtime`) VALUES ('登录' , '{\"url\":\"\\/seer_gm\\/public\\/admin\\/dashboard?ref=addtabs\",\"__token__\":\"9b39edc0929f89b1a0ef81a3267667b6\",\"username\":\"lishilin\"}' , '/seer_gm/public/admin/index/login?url=%2Fseer_gm%2Fpublic%2Fadmin%2Fdashboard%3Fref%3Daddtabs' , 9 , 'lishilin' , 'Mozilla/5.0 (Windows NT 6.1; WOW64) AppleWebKit/537.36 (KHTML, like Gecko) Chrome/70.0.3538.110 Safari/537.36' , '192.168.1.150' , 1571191929) [ RunTime:0.047003s ]
---------------------------------------------------------------
[ 2019-10-16T10:12:13+08:00 ] 192.168.1.150 GET /seer_gm/public/admin/dashboard?ref=addtabs
[ info ] 192.168.1.35/seer_gm/public/admin/dashboard?ref=addtabs [运行时间：0.522030s][吞吐率：1.92req/s] [内存消耗：2,817.95kb] [文件加载：74]
[ info ] [ BEHAVIOR ] Run Closure @app_init [ RunTime:0.000000s ]
[ info ] [ CACHE ] INIT File
[ info ] [ BEHAVIOR ] Run Closure @app_init [ RunTime:0.003000s ]
[ info ] [ LANG ] E:\PHPTutorial\WWW\seer_gm\thinkphp\lang\zh-cn.php
[ info ] [ ROUTE ] array (
  'type' => 'module',
  'module' => 
  array (
    0 => 'admin',
    1 => 'dashboard',
    2 => NULL,
  ),
)
[ info ] [ HEADER ] array (
  'cookie' => 'thinkphp_show_page_trace=0|0; Hm_lvt_f8d0a8c400404989e195270b0bbf060a=1569482596,1569570754,1570590637,1570591296; PHPSESSID=s125kar192m7oonoi7m8844mar',
  'accept-language' => 'zh-CN,zh;q=0.9',
  'accept-encoding' => 'gzip, deflate',
  'referer' => 'http://192.168.1.35/seer_gm/public/admin/index/login?url=%2Fseer_gm%2Fpublic%2Fadmin%2Fdashboard%3Fref%3Daddtabs',
  'accept' => 'text/html,application/xhtml+xml,application/xml;q=0.9,image/webp,image/apng,*/*;q=0.8',
  'user-agent' => 'Mozilla/5.0 (Windows NT 6.1; WOW64) AppleWebKit/537.36 (KHTML, like Gecko) Chrome/70.0.3538.110 Safari/537.36',
  'upgrade-insecure-requests' => '1',
  'connection' => 'close',
  'host' => '192.168.1.35',
)
[ info ] [ PARAM ] array (
  'ref' => 'addtabs',
)
[ info ] [ LANG ] E:\PHPTutorial\WWW\seer_gm\public/../application/admin\lang\zh-cn.php
[ info ] [ BEHAVIOR ] Run app\common\behavior\Common @module_init [ RunTime:0.003001s ]
[ info ] [ SESSION ] INIT array (
  'id' => '',
  'var_session_id' => '',
  'prefix' => 'think',
  'type' => '',
  'auto_start' => true,
)
[ info ] [ DB ] INIT mysql
[ info ] [ BEHAVIOR ] Run app\admin\behavior\AdminLog @app_end [ RunTime:0.001000s ]
[ info ] [ LOG ] INIT File
[ sql ] [ DB ] CONNECT:[ UseTime:0.007000s ] mysql:host=127.0.0.1;dbname=nyqp_gm;charset=utf8
[ sql ] [ SQL ] SHOW COLUMNS FROM `fa_auth_group_access` [ RunTime:0.141008s ]
[ sql ] [ SQL ] SELECT `aga`.`uid`,`aga`.`group_id`,`ag`.`id`,`ag`.`pid`,`ag`.`name`,`ag`.`rules` FROM `fa_auth_group_access` `aga` LEFT JOIN `fa_auth_group` `ag` ON `aga`.`group_id`=`ag`.`id` WHERE  (  aga.uid='9' and ag.status='normal' ) [ RunTime:0.057004s ]
[ sql ] [ SQL ] SHOW COLUMNS FROM `fa_auth_rule` [ RunTime:0.184010s ]
[ sql ] [ SQL ] SELECT `id`,`pid`,`condition`,`icon`,`name`,`title`,`ismenu` FROM `fa_auth_rule` WHERE  `status` = 'normal'  AND `id` IN (1,8,9,10,11,13,14,15,16,17,29,30,31,32,33,34,40,41,42,43,44,45,46,47,48,49,50,86,87,89,90,91,92,93,94,95,98,99,101,103,104,105,121,122,124,129,130,131,132,133,134,135,150,151,152,153,154,155,160,163,164,165,166,167,168,169,170,171,172,173,174,175,176,177,178,179,180,181,182,183,184,185,186,187,188,189,190,191,192,213,214,215,216,217,218,219,220,221,222,2,5,85,88,100,102,120,123,128,159) [ RunTime:0.042003s ]
---------------------------------------------------------------
[ 2019-10-16T10:12:13+08:00 ] 192.168.1.150 GET /seer_gm/public/admin/index/index
[ info ] 192.168.1.35/seer_gm/public/admin/index/index [运行时间：0.248014s][吞吐率：4.03req/s] [内存消耗：3,406.67kb] [文件加载：90]
[ info ] [ BEHAVIOR ] Run Closure @app_init [ RunTime:0.000000s ]
[ info ] [ CACHE ] INIT File
[ info ] [ BEHAVIOR ] Run Closure @app_init [ RunTime:0.004000s ]
[ info ] [ LANG ] E:\PHPTutorial\WWW\seer_gm\thinkphp\lang\zh-cn.php
[ info ] [ ROUTE ] array (
  'type' => 'module',
  'module' => 
  array (
    0 => 'admin',
    1 => 'index',
    2 => 'index',
  ),
)
[ info ] [ HEADER ] array (
  'cookie' => 'thinkphp_show_page_trace=0|0; thinkphp_show_page_trace=0|0; Hm_lvt_f8d0a8c400404989e195270b0bbf060a=1569482596,1569570754,1570590637,1570591296; PHPSESSID=s125kar192m7oonoi7m8844mar',
  'accept-language' => 'zh-CN,zh;q=0.9',
  'accept-encoding' => 'gzip, deflate',
  'referer' => 'http://192.168.1.35/seer_gm/public/admin/index/login?url=%2Fseer_gm%2Fpublic%2Fadmin%2Fdashboard%3Fref%3Daddtabs',
  'accept' => 'text/html,application/xhtml+xml,application/xml;q=0.9,image/webp,image/apng,*/*;q=0.8',
  'user-agent' => 'Mozilla/5.0 (Windows NT 6.1; WOW64) AppleWebKit/537.36 (KHTML, like Gecko) Chrome/70.0.3538.110 Safari/537.36',
  'upgrade-insecure-requests' => '1',
  'connection' => 'close',
  'host' => '192.168.1.35',
)
[ info ] [ PARAM ] array (
)
[ info ] [ LANG ] E:\PHPTutorial\WWW\seer_gm\public/../application/admin\lang\zh-cn.php
[ info ] [ BEHAVIOR ] Run app\common\behavior\Common @module_init [ RunTime:0.003000s ]
[ info ] [ SESSION ] INIT array (
  'id' => '',
  'var_session_id' => '',
  'prefix' => 'think',
  'type' => '',
  'auto_start' => true,
)
[ info ] [ LANG ] E:\PHPTutorial\WWW\seer_gm\public/../application/admin/lang/zh-cn/index.php
[ info ] [ RUN ] app\admin\controller\Index->index[ E:\PHPTutorial\WWW\seer_gm\application\admin\controller\Index.php ]
[ info ] [ DB ] INIT mysql
[ info ] [ VIEW ] E:\PHPTutorial\WWW\seer_gm\public/../application/admin\view\index\index.html [ array (
  0 => 'breadcrumb',
  1 => 'site',
  2 => 'config',
  3 => 'auth',
  4 => 'admin',
  5 => 'menulist',
  6 => 'navlist',
  7 => 'fixedmenu',
  8 => 'referermenu',
  9 => 'title',
) ]
[ info ] [ BEHAVIOR ] Run app\admin\behavior\AdminLog @app_end [ RunTime:0.001000s ]
[ info ] [ LOG ] INIT File
[ sql ] [ DB ] CONNECT:[ UseTime:0.006001s ] mysql:host=127.0.0.1;dbname=nyqp_gm;charset=utf8
[ sql ] [ SQL ] SHOW COLUMNS FROM `fa_auth_group_access` [ RunTime:0.018001s ]
[ sql ] [ SQL ] SELECT `aga`.`uid`,`aga`.`group_id`,`ag`.`id`,`ag`.`pid`,`ag`.`name`,`ag`.`rules` FROM `fa_auth_group_access` `aga` LEFT JOIN `fa_auth_group` `ag` ON `aga`.`group_id`=`ag`.`id` WHERE  (  aga.uid='9' and ag.status='normal' ) [ RunTime:0.002000s ]
[ sql ] [ SQL ] SHOW COLUMNS FROM `fa_auth_rule` [ RunTime:0.018001s ]
[ sql ] [ SQL ] SELECT `id`,`pid`,`condition`,`icon`,`name`,`title`,`ismenu` FROM `fa_auth_rule` WHERE  `status` = 'normal'  AND `id` IN (1,8,9,10,11,13,14,15,16,17,29,30,31,32,33,34,40,41,42,43,44,45,46,47,48,49,50,86,87,89,90,91,92,93,94,95,98,99,101,103,104,105,121,122,124,129,130,131,132,133,134,135,150,151,152,153,154,155,160,163,164,165,166,167,168,169,170,171,172,173,174,175,176,177,178,179,180,181,182,183,184,185,186,187,188,189,190,191,192,213,214,215,216,217,218,219,220,221,222,2,5,85,88,100,102,120,123,128,159) [ RunTime:0.011000s ]
---------------------------------------------------------------
[ 2019-10-16T10:12:14+08:00 ] 192.168.1.150 GET /seer_gm/public/admin/dashboard?addtabs=1
[ info ] 192.168.1.35/seer_gm/public/admin/dashboard?addtabs=1 [运行时间：0.162009s][吞吐率：6.17req/s] [内存消耗：3,169.32kb] [文件加载：80]
[ info ] [ BEHAVIOR ] Run Closure @app_init [ RunTime:0.000000s ]
[ info ] [ CACHE ] INIT File
[ info ] [ BEHAVIOR ] Run Closure @app_init [ RunTime:0.003000s ]
[ info ] [ LANG ] E:\PHPTutorial\WWW\seer_gm\thinkphp\lang\zh-cn.php
[ info ] [ ROUTE ] array (
  'type' => 'module',
  'module' => 
  array (
    0 => 'admin',
    1 => 'dashboard',
    2 => NULL,
  ),
)
[ info ] [ HEADER ] array (
  'cookie' => 'thinkphp_show_page_trace=0|0; Hm_lvt_f8d0a8c400404989e195270b0bbf060a=1569482596,1569570754,1570590637,1570591296; PHPSESSID=s125kar192m7oonoi7m8844mar',
  'accept-language' => 'zh-CN,zh;q=0.9',
  'accept-encoding' => 'gzip, deflate',
  'referer' => 'http://192.168.1.35/seer_gm/public/admin/index/index',
  'accept' => 'text/html,application/xhtml+xml,application/xml;q=0.9,image/webp,image/apng,*/*;q=0.8',
  'user-agent' => 'Mozilla/5.0 (Windows NT 6.1; WOW64) AppleWebKit/537.36 (KHTML, like Gecko) Chrome/70.0.3538.110 Safari/537.36',
  'upgrade-insecure-requests' => '1',
  'connection' => 'close',
  'host' => '192.168.1.35',
)
[ info ] [ PARAM ] array (
  'addtabs' => '1',
)
[ info ] [ LANG ] E:\PHPTutorial\WWW\seer_gm\public/../application/admin\lang\zh-cn.php
[ info ] [ BEHAVIOR ] Run app\common\behavior\Common @module_init [ RunTime:0.003001s ]
[ info ] [ SESSION ] INIT array (
  'id' => '',
  'var_session_id' => '',
  'prefix' => 'think',
  'type' => '',
  'auto_start' => true,
)
[ info ] [ DB ] INIT mysql
[ info ] [ LANG ] E:\PHPTutorial\WWW\seer_gm\public/../application/admin/lang/zh-cn/dashboard.php
[ info ] [ RUN ] app\admin\controller\Dashboard->index[ E:\PHPTutorial\WWW\seer_gm\application\admin\controller\Dashboard.php ]
[ info ] [ VIEW ] E:\PHPTutorial\WWW\seer_gm\public/../application/admin\view\dashboard\index.html [ array (
  0 => 'breadcrumb',
  1 => 'site',
  2 => 'config',
  3 => 'auth',
  4 => 'admin',
  5 => 'totaluser',
  6 => 'totalviews',
  7 => 'totalorder',
  8 => 'totalorderamount',
  9 => 'todayuserlogin',
  10 => 'todayusersignup',
  11 => 'todayorder',
  12 => 'unsettleorder',
  13 => 'sevendnu',
  14 => 'sevendau',
  15 => 'paylist',
  16 => 'createlist',
  17 => 'addonversion',
  18 => 'uploadmode',
) ]
[ info ] [ BEHAVIOR ] Run app\admin\behavior\AdminLog @app_end [ RunTime:0.000000s ]
[ info ] [ LOG ] INIT File
[ sql ] [ DB ] CONNECT:[ UseTime:0.006000s ] mysql:host=127.0.0.1;dbname=nyqp_gm;charset=utf8
[ sql ] [ SQL ] SHOW COLUMNS FROM `fa_auth_group_access` [ RunTime:0.018001s ]
[ sql ] [ SQL ] SELECT `aga`.`uid`,`aga`.`group_id`,`ag`.`id`,`ag`.`pid`,`ag`.`name`,`ag`.`rules` FROM `fa_auth_group_access` `aga` LEFT JOIN `fa_auth_group` `ag` ON `aga`.`group_id`=`ag`.`id` WHERE  (  aga.uid='9' and ag.status='normal' ) [ RunTime:0.002000s ]
[ sql ] [ SQL ] SHOW COLUMNS FROM `fa_auth_rule` [ RunTime:0.021001s ]
[ sql ] [ SQL ] SELECT `id`,`pid`,`condition`,`icon`,`name`,`title`,`ismenu` FROM `fa_auth_rule` WHERE  `status` = 'normal'  AND `id` IN (1,8,9,10,11,13,14,15,16,17,29,30,31,32,33,34,40,41,42,43,44,45,46,47,48,49,50,86,87,89,90,91,92,93,94,95,98,99,101,103,104,105,121,122,124,129,130,131,132,133,134,135,150,151,152,153,154,155,160,163,164,165,166,167,168,169,170,171,172,173,174,175,176,177,178,179,180,181,182,183,184,185,186,187,188,189,190,191,192,213,214,215,216,217,218,219,220,221,222,2,5,85,88,100,102,120,123,128,159) [ RunTime:0.012001s ]
---------------------------------------------------------------
[ 2019-10-16T10:12:14+08:00 ] 192.168.1.150 GET /seer_gm/public/admin/ajax/lang?callback=define&controllername=index&v=1571191933
[ info ] 192.168.1.35/seer_gm/public/admin/ajax/lang?callback=define&controllername=index&v=1571191933 [运行时间：0.081004s][吞吐率：12.35req/s] [内存消耗：2,337.79kb] [文件加载：70]
[ info ] [ BEHAVIOR ] Run Closure @app_init [ RunTime:0.000000s ]
[ info ] [ CACHE ] INIT File
[ info ] [ BEHAVIOR ] Run Closure @app_init [ RunTime:0.004000s ]
[ info ] [ LANG ] E:\PHPTutorial\WWW\seer_gm\thinkphp\lang\zh-cn.php
[ info ] [ ROUTE ] array (
  'type' => 'module',
  'module' => 
  array (
    0 => 'admin',
    1 => 'ajax',
    2 => 'lang',
  ),
)
[ info ] [ HEADER ] array (
  'cookie' => 'thinkphp_show_page_trace=0|0; Hm_lvt_f8d0a8c400404989e195270b0bbf060a=1569482596,1569570754,1570590637,1570591296; PHPSESSID=s125kar192m7oonoi7m8844mar',
  'accept-language' => 'zh-CN,zh;q=0.9',
  'accept-encoding' => 'gzip, deflate',
  'referer' => 'http://192.168.1.35/seer_gm/public/admin/index/index',
  'accept' => '*/*',
  'user-agent' => 'Mozilla/5.0 (Windows NT 6.1; WOW64) AppleWebKit/537.36 (KHTML, like Gecko) Chrome/70.0.3538.110 Safari/537.36',
  'connection' => 'close',
  'host' => '192.168.1.35',
)
[ info ] [ PARAM ] array (
  'callback' => 'define',
  'controllername' => 'index',
  'v' => '1571191933',
)
[ info ] [ LANG ] E:\PHPTutorial\WWW\seer_gm\public/../application/admin\lang\zh-cn.php
[ info ] [ BEHAVIOR ] Run app\common\behavior\Common @module_init [ RunTime:0.003000s ]
[ info ] [ SESSION ] INIT array (
  'id' => '',
  'var_session_id' => '',
  'prefix' => 'think',
  'type' => '',
  'auto_start' => true,
)
[ info ] [ LANG ] E:\PHPTutorial\WWW\seer_gm\public/../application/admin/lang/zh-cn/ajax.php
[ info ] [ RUN ] app\admin\controller\Ajax->lang[ E:\PHPTutorial\WWW\seer_gm\application\admin\controller\Ajax.php ]
[ info ] [ LANG ] E:\PHPTutorial\WWW\seer_gm\public/../application/admin/lang/zh-cn/index.php
[ info ] [ BEHAVIOR ] Run app\admin\behavior\AdminLog @app_end [ RunTime:0.001000s ]
[ info ] [ LOG ] INIT File
---------------------------------------------------------------
[ 2019-10-16T10:12:14+08:00 ] 192.168.1.150 GET /seer_gm/public/admin/ajax/lang?callback=define&controllername=dashboard&v=1571191934
[ info ] 192.168.1.35/seer_gm/public/admin/ajax/lang?callback=define&controllername=dashboard&v=1571191934 [运行时间：0.064003s][吞吐率：15.62req/s] [内存消耗：2,336.24kb] [文件加载：70]
[ info ] [ BEHAVIOR ] Run Closure @app_init [ RunTime:0.000000s ]
[ info ] [ CACHE ] INIT File
[ info ] [ BEHAVIOR ] Run Closure @app_init [ RunTime:0.003000s ]
[ info ] [ LANG ] E:\PHPTutorial\WWW\seer_gm\thinkphp\lang\zh-cn.php
[ info ] [ ROUTE ] array (
  'type' => 'module',
  'module' => 
  array (
    0 => 'admin',
    1 => 'ajax',
    2 => 'lang',
  ),
)
[ info ] [ HEADER ] array (
  'cookie' => 'thinkphp_show_page_trace=0|0; Hm_lvt_f8d0a8c400404989e195270b0bbf060a=1569482596,1569570754,1570590637,1570591296; PHPSESSID=s125kar192m7oonoi7m8844mar',
  'accept-language' => 'zh-CN,zh;q=0.9',
  'accept-encoding' => 'gzip, deflate',
  'referer' => 'http://192.168.1.35/seer_gm/public/admin/dashboard?addtabs=1',
  'accept' => '*/*',
  'user-agent' => 'Mozilla/5.0 (Windows NT 6.1; WOW64) AppleWebKit/537.36 (KHTML, like Gecko) Chrome/70.0.3538.110 Safari/537.36',
  'connection' => 'close',
  'host' => '192.168.1.35',
)
[ info ] [ PARAM ] array (
  'callback' => 'define',
  'controllername' => 'dashboard',
  'v' => '1571191934',
)
[ info ] [ LANG ] E:\PHPTutorial\WWW\seer_gm\public/../application/admin\lang\zh-cn.php
[ info ] [ BEHAVIOR ] Run app\common\behavior\Common @module_init [ RunTime:0.003000s ]
[ info ] [ SESSION ] INIT array (
  'id' => '',
  'var_session_id' => '',
  'prefix' => 'think',
  'type' => '',
  'auto_start' => true,
)
[ info ] [ LANG ] E:\PHPTutorial\WWW\seer_gm\public/../application/admin/lang/zh-cn/ajax.php
[ info ] [ RUN ] app\admin\controller\Ajax->lang[ E:\PHPTutorial\WWW\seer_gm\application\admin\controller\Ajax.php ]
[ info ] [ LANG ] E:\PHPTutorial\WWW\seer_gm\public/../application/admin/lang/zh-cn/dashboard.php
[ info ] [ BEHAVIOR ] Run app\admin\behavior\AdminLog @app_end [ RunTime:0.001000s ]
[ info ] [ LOG ] INIT File
